{"/Users/yasuiyuri/project_team058/src/controller/IInsightFacade.ts":{"path":"/Users/yasuiyuri/project_team058/src/controller/IInsightFacade.ts","statementMap":{"0":{"start":{"line":2,"column":0},"end":{"line":2,"column":62}},"1":{"start":{"line":3,"column":0},"end":{"line":3,"column":113}},"2":{"start":{"line":5,"column":0},"end":{"line":8,"column":89}},"3":{"start":{"line":6,"column":4},"end":{"line":6,"column":48}},"4":{"start":{"line":7,"column":4},"end":{"line":7,"column":42}},"5":{"start":{"line":11,"column":8},"end":{"line":11,"column":23}},"6":{"start":{"line":12,"column":8},"end":{"line":12,"column":52}},"7":{"start":{"line":15,"column":0},"end":{"line":15,"column":36}},"8":{"start":{"line":18,"column":8},"end":{"line":18,"column":23}},"9":{"start":{"line":19,"column":8},"end":{"line":19,"column":53}},"10":{"start":{"line":22,"column":0},"end":{"line":22,"column":38}},"11":{"start":{"line":25,"column":8},"end":{"line":25,"column":23}},"12":{"start":{"line":26,"column":8},"end":{"line":26,"column":59}},"13":{"start":{"line":29,"column":0},"end":{"line":29,"column":50}}},"fnMap":{"0":{"name":"(anonymous_0)","decl":{"start":{"line":5,"column":1},"end":{"line":5,"column":2}},"loc":{"start":{"line":5,"column":31},"end":{"line":8,"column":1}},"line":5},"1":{"name":"(anonymous_1)","decl":{"start":{"line":10,"column":4},"end":{"line":10,"column":5}},"loc":{"start":{"line":10,"column":25},"end":{"line":13,"column":5}},"line":10},"2":{"name":"(anonymous_2)","decl":{"start":{"line":17,"column":4},"end":{"line":17,"column":5}},"loc":{"start":{"line":17,"column":25},"end":{"line":20,"column":5}},"line":17},"3":{"name":"(anonymous_3)","decl":{"start":{"line":24,"column":4},"end":{"line":24,"column":5}},"loc":{"start":{"line":24,"column":25},"end":{"line":27,"column":5}},"line":24}},"branchMap":{"0":{"loc":{"start":{"line":8,"column":24},"end":{"line":8,"column":87}},"type":"binary-expr","locations":[{"start":{"line":8,"column":24},"end":{"line":8,"column":50}},{"start":{"line":8,"column":55},"end":{"line":8,"column":86}}],"line":8}},"s":{"0":1,"1":1,"2":1,"3":1,"4":1,"5":26,"6":26,"7":1,"8":2,"9":2,"10":1,"11":1,"12":1,"13":1},"f":{"0":1,"1":26,"2":2,"3":1},"b":{"0":[1,1]},"inputSourceMap":{"version":3,"file":"/Users/yasuiyuri/project_team058/src/controller/IInsightFacade.ts","sources":["/Users/yasuiyuri/project_team058/src/controller/IInsightFacade.ts"],"names":[],"mappings":";;;AAMA,IAAY,kBAGX;AAHD,WAAY,kBAAkB;IAC7B,2CAAqB,CAAA;IACrB,qCAAe,CAAA;AAChB,CAAC,EAHW,kBAAkB,GAAlB,0BAAkB,KAAlB,0BAAkB,QAG7B;AAUD,MAAa,YAAa,SAAQ,KAAK;IACtC,YAAY,OAAgB;QAC3B,KAAK,CAAC,OAAO,CAAC,CAAC;QACf,KAAK,CAAC,iBAAiB,CAAC,IAAI,EAAE,YAAY,CAAC,CAAC;IAC7C,CAAC;CACD;AALD,oCAKC;AAED,MAAa,aAAc,SAAQ,KAAK;IACvC,YAAY,OAAgB;QAC3B,KAAK,CAAC,OAAO,CAAC,CAAC;QACf,KAAK,CAAC,iBAAiB,CAAC,IAAI,EAAE,aAAa,CAAC,CAAC;IAC9C,CAAC;CACD;AALD,sCAKC;AAED,MAAa,mBAAoB,SAAQ,KAAK;IAC7C,YAAY,OAAgB;QAC3B,KAAK,CAAC,OAAO,CAAC,CAAC;QACf,KAAK,CAAC,iBAAiB,CAAC,IAAI,EAAE,mBAAmB,CAAC,CAAC;IACpD,CAAC;CACD;AALD,kDAKC","sourcesContent":["/*\n * This is the primary high-level API for the project. In this folder there should be:\n * A class called InsightFacade, this should be in a file called InsightFacade.ts.\n * You should not change this interface at all or the test suite will not work.\n */\n\nexport enum InsightDatasetKind {\n\tSections = \"sections\",\n\tRooms = \"rooms\",\n}\n\nexport interface InsightDataset {\n\tid: string;\n\tkind: InsightDatasetKind;\n\tnumRows: number;\n}\n\nexport type InsightResult = Record<string, string | number>;\n\nexport class InsightError extends Error {\n\tconstructor(message?: string) {\n\t\tsuper(message);\n\t\tError.captureStackTrace(this, InsightError);\n\t}\n}\n\nexport class NotFoundError extends Error {\n\tconstructor(message?: string) {\n\t\tsuper(message);\n\t\tError.captureStackTrace(this, NotFoundError);\n\t}\n}\n\nexport class ResultTooLargeError extends Error {\n\tconstructor(message?: string) {\n\t\tsuper(message);\n\t\tError.captureStackTrace(this, ResultTooLargeError);\n\t}\n}\n\nexport interface IInsightFacade {\n\t/**\n\t * Add a dataset to insightUBC.\n\t *\n\t * @param id  The id of the dataset being added. Follows the format /^[^_]+$/\n\t * @param content  The base64 content of the dataset. This content should be in the form of a serialized zip file.\n\t * @param kind  The kind of the dataset\n\t *\n\t * @return Promise <string[]>\n\t *\n\t * The promise should fulfill on a successful add, reject for any failures.\n\t * The promise should fulfill with a string array,\n\t * containing the ids of all currently added datasets upon a successful add.\n\t * The promise should reject with an InsightError describing the error.\n\t *\n\t * An id is invalid if it contains an underscore, or is only whitespace characters.\n\t * If id is the same as the id of an already added dataset, the dataset should be rejected and not saved.\n\t *\n\t * After receiving the dataset, it should be processed into a data structure of\n\t * your design. The processed data structure should be persisted to disk; your\n\t * system should be able to load this persisted value into memory for answering\n\t * queries.\n\t *\n\t * Ultimately, a dataset must be added or loaded from disk before queries can\n\t * be successfully answered.\n\t */\n\taddDataset(id: string, content: string, kind: InsightDatasetKind): Promise<string[]>;\n\n\t/**\n\t * Remove a dataset from insightUBC.\n\t *\n\t * @param id  The id of the dataset to remove. Follows the format /^[^_]+$/\n\t *\n\t * @return Promise <string>\n\t *\n\t * The promise should fulfill upon a successful removal, reject on any error.\n\t * Attempting to remove a dataset that hasn't been added yet counts as an error.\n\t *\n\t * An id is invalid if it contains an underscore, or is only whitespace characters.\n\t *\n\t * The promise should fulfill the id of the dataset that was removed.\n\t * The promise should reject with a NotFoundError (if a valid id was not yet added)\n\t * or an InsightError (invalid id or any other source of failure) describing the error.\n\t *\n\t * This will delete both disk and memory caches for the dataset for the id meaning\n\t * that subsequent queries for that id should fail unless a new addDataset happens first.\n\t */\n\tremoveDataset(id: string): Promise<string>;\n\n\t/**\n\t * Perform a query on insightUBC.\n\t *\n\t * @param query  The query to be performed.\n\t *\n\t * If a query is incorrectly formatted, references a dataset not added (in memory or on disk),\n\t * or references multiple datasets, it should be rejected.\n\t *\n\t * @return Promise <InsightResult[]>\n\t *\n\t * The promise should fulfill with an array of results.\n\t * The promise should reject with a ResultTooLargeError (if the query returns too many results)\n\t * or an InsightError (for any other source of failure) describing the error.\n\t */\n\tperformQuery(query: unknown): Promise<InsightResult[]>;\n\n\t/**\n\t * List all currently added datasets, their types, and number of rows.\n\t *\n\t * @return Promise <InsightDataset[]>\n\t * The promise should fulfill an array of currently added InsightDatasets, and will only fulfill.\n\t */\n\tlistDatasets(): Promise<InsightDataset[]>;\n}\n"]},"_coverageSchema":"1a1c01bbd47fc00a2c39e90264f33305004495a9","hash":"8f2edc9b9b17e81d789e33ff5b2dbef2b09e8664","contentHash":"a88188a100568a143de661c1003bb42616ee3aeedc3fdfe19d05b3c5e61c55b0"},"/Users/yasuiyuri/project_team058/src/controller/InsightFacade.ts":{"path":"/Users/yasuiyuri/project_team058/src/controller/InsightFacade.ts","statementMap":{"0":{"start":{"line":2,"column":0},"end":{"line":2,"column":62}},"1":{"start":{"line":3,"column":25},"end":{"line":3,"column":52}},"2":{"start":{"line":4,"column":11},"end":{"line":4,"column":30}},"3":{"start":{"line":5,"column":22},"end":{"line":5,"column":46}},"4":{"start":{"line":6,"column":21},"end":{"line":6,"column":44}},"5":{"start":{"line":7,"column":25},"end":{"line":7,"column":52}},"6":{"start":{"line":12,"column":8},"end":{"line":12,"column":37}},"7":{"start":{"line":13,"column":8},"end":{"line":13,"column":34}},"8":{"start":{"line":16,"column":8},"end":{"line":16,"column":42}},"9":{"start":{"line":17,"column":8},"end":{"line":17,"column":28}},"10":{"start":{"line":18,"column":8},"end":{"line":31,"column":9}},"11":{"start":{"line":19,"column":12},"end":{"line":27,"column":13}},"12":{"start":{"line":20,"column":16},"end":{"line":20,"column":59}},"13":{"start":{"line":22,"column":17},"end":{"line":27,"column":13}},"14":{"start":{"line":23,"column":16},"end":{"line":23,"column":56}},"15":{"start":{"line":26,"column":16},"end":{"line":26,"column":74}},"16":{"start":{"line":30,"column":12},"end":{"line":30,"column":76}},"17":{"start":{"line":34,"column":8},"end":{"line":34,"column":42}},"18":{"start":{"line":35,"column":8},"end":{"line":37,"column":9}},"19":{"start":{"line":36,"column":12},"end":{"line":36,"column":73}},"20":{"start":{"line":38,"column":8},"end":{"line":52,"column":9}},"21":{"start":{"line":39,"column":12},"end":{"line":39,"column":83}},"22":{"start":{"line":40,"column":25},"end":{"line":40,"column":75}},"23":{"start":{"line":41,"column":27},"end":{"line":41,"column":43}},"24":{"start":{"line":42,"column":12},"end":{"line":44,"column":15}},"25":{"start":{"line":43,"column":16},"end":{"line":43,"column":34}},"26":{"start":{"line":45,"column":35},"end":{"line":45,"column":59}},"27":{"start":{"line":46,"column":12},"end":{"line":46,"column":54}},"28":{"start":{"line":47,"column":12},"end":{"line":47,"column":37}},"29":{"start":{"line":48,"column":12},"end":{"line":48,"column":22}},"30":{"start":{"line":51,"column":12},"end":{"line":51,"column":72}},"31":{"start":{"line":54,"column":18},"end":{"line":54,"column":22}},"32":{"start":{"line":56,"column":28},"end":{"line":56,"column":97}},"33":{"start":{"line":57,"column":8},"end":{"line":57,"column":43}},"34":{"start":{"line":58,"column":25},"end":{"line":58,"column":30}},"35":{"start":{"line":59,"column":26},"end":{"line":59,"column":69}},"36":{"start":{"line":60,"column":8},"end":{"line":62,"column":9}},"37":{"start":{"line":61,"column":12},"end":{"line":61,"column":87}},"38":{"start":{"line":63,"column":28},"end":{"line":63,"column":56}},"39":{"start":{"line":64,"column":8},"end":{"line":66,"column":9}},"40":{"start":{"line":65,"column":12},"end":{"line":65,"column":96}},"41":{"start":{"line":67,"column":29},"end":{"line":67,"column":97}},"42":{"start":{"line":68,"column":24},"end":{"line":68,"column":91}},"43":{"start":{"line":69,"column":8},"end":{"line":71,"column":9}},"44":{"start":{"line":70,"column":12},"end":{"line":70,"column":61}},"45":{"start":{"line":72,"column":8},"end":{"line":72,"column":23}},"46":{"start":{"line":75,"column":24},"end":{"line":75,"column":26}},"47":{"start":{"line":76,"column":27},"end":{"line":76,"column":77}},"48":{"start":{"line":77,"column":26},"end":{"line":77,"column":48}},"49":{"start":{"line":78,"column":25},"end":{"line":80,"column":10}},"50":{"start":{"line":79,"column":12},"end":{"line":79,"column":66}},"51":{"start":{"line":81,"column":24},"end":{"line":81,"column":51}},"52":{"start":{"line":82,"column":8},"end":{"line":82,"column":33}},"53":{"start":{"line":83,"column":8},"end":{"line":83,"column":23}},"54":{"start":{"line":86,"column":8},"end":{"line":101,"column":9}},"55":{"start":{"line":87,"column":31},"end":{"line":87,"column":73}},"56":{"start":{"line":88,"column":12},"end":{"line":97,"column":13}},"57":{"start":{"line":89,"column":29},"end":{"line":89,"column":79}},"58":{"start":{"line":90,"column":34},"end":{"line":90,"column":50}},"59":{"start":{"line":91,"column":16},"end":{"line":93,"column":17}},"60":{"start":{"line":92,"column":20},"end":{"line":92,"column":53}},"61":{"start":{"line":95,"column":17},"end":{"line":97,"column":13}},"62":{"start":{"line":96,"column":16},"end":{"line":96,"column":46}},"63":{"start":{"line":100,"column":12},"end":{"line":100,"column":98}},"64":{"start":{"line":104,"column":8},"end":{"line":106,"column":9}},"65":{"start":{"line":105,"column":12},"end":{"line":105,"column":73}},"66":{"start":{"line":109,"column":8},"end":{"line":115,"column":9}},"67":{"start":{"line":110,"column":31},"end":{"line":110,"column":58}},"68":{"start":{"line":111,"column":12},"end":{"line":111,"column":30}},"69":{"start":{"line":114,"column":12},"end":{"line":114,"column":56}},"70":{"start":{"line":118,"column":8},"end":{"line":126,"column":9}},"71":{"start":{"line":119,"column":34},"end":{"line":119,"column":42}},"72":{"start":{"line":120,"column":12},"end":{"line":120,"column":46}},"73":{"start":{"line":121,"column":29},"end":{"line":121,"column":60}},"74":{"start":{"line":122,"column":12},"end":{"line":122,"column":47}},"75":{"start":{"line":125,"column":12},"end":{"line":125,"column":56}},"76":{"start":{"line":129,"column":24},"end":{"line":129,"column":26}},"77":{"start":{"line":130,"column":26},"end":{"line":130,"column":64}},"78":{"start":{"line":131,"column":33},"end":{"line":131,"column":70}},"79":{"start":{"line":132,"column":8},"end":{"line":137,"column":9}},"80":{"start":{"line":133,"column":12},"end":{"line":136,"column":13}},"81":{"start":{"line":134,"column":29},"end":{"line":134,"column":79}},"82":{"start":{"line":135,"column":16},"end":{"line":135,"column":45}},"83":{"start":{"line":138,"column":8},"end":{"line":138,"column":58}},"84":{"start":{"line":139,"column":27},"end":{"line":139,"column":52}},"85":{"start":{"line":140,"column":8},"end":{"line":140,"column":46}},"86":{"start":{"line":141,"column":8},"end":{"line":141,"column":41}},"87":{"start":{"line":142,"column":8},"end":{"line":142,"column":48}},"88":{"start":{"line":143,"column":8},"end":{"line":143,"column":51}},"89":{"start":{"line":146,"column":24},"end":{"line":146,"column":26}},"90":{"start":{"line":147,"column":28},"end":{"line":147,"column":71}},"91":{"start":{"line":148,"column":8},"end":{"line":158,"column":9}},"92":{"start":{"line":149,"column":12},"end":{"line":152,"column":13}},"93":{"start":{"line":150,"column":29},"end":{"line":150,"column":76}},"94":{"start":{"line":151,"column":16},"end":{"line":151,"column":45}},"95":{"start":{"line":153,"column":12},"end":{"line":153,"column":54}},"96":{"start":{"line":154,"column":31},"end":{"line":154,"column":56}},"97":{"start":{"line":155,"column":12},"end":{"line":155,"column":50}},"98":{"start":{"line":156,"column":12},"end":{"line":156,"column":45}},"99":{"start":{"line":157,"column":12},"end":{"line":157,"column":55}},"100":{"start":{"line":159,"column":8},"end":{"line":159,"column":92}},"101":{"start":{"line":162,"column":8},"end":{"line":172,"column":9}},"102":{"start":{"line":163,"column":29},"end":{"line":163,"column":73}},"103":{"start":{"line":164,"column":12},"end":{"line":168,"column":14}},"104":{"start":{"line":171,"column":12},"end":{"line":171,"column":70}},"105":{"start":{"line":175,"column":0},"end":{"line":175,"column":32}}},"fnMap":{"0":{"name":"(anonymous_0)","decl":{"start":{"line":11,"column":4},"end":{"line":11,"column":5}},"loc":{"start":{"line":11,"column":18},"end":{"line":14,"column":5}},"line":11},"1":{"name":"(anonymous_1)","decl":{"start":{"line":15,"column":4},"end":{"line":15,"column":5}},"loc":{"start":{"line":15,"column":40},"end":{"line":32,"column":5}},"line":15},"2":{"name":"(anonymous_2)","decl":{"start":{"line":33,"column":4},"end":{"line":33,"column":5}},"loc":{"start":{"line":33,"column":28},"end":{"line":53,"column":5}},"line":33},"3":{"name":"(anonymous_3)","decl":{"start":{"line":42,"column":39},"end":{"line":42,"column":40}},"loc":{"start":{"line":42,"column":53},"end":{"line":44,"column":13}},"line":42},"4":{"name":"(anonymous_4)","decl":{"start":{"line":55,"column":4},"end":{"line":55,"column":5}},"loc":{"start":{"line":55,"column":30},"end":{"line":73,"column":5}},"line":55},"5":{"name":"(anonymous_5)","decl":{"start":{"line":74,"column":4},"end":{"line":74,"column":5}},"loc":{"start":{"line":74,"column":25},"end":{"line":84,"column":5}},"line":74},"6":{"name":"(anonymous_6)","decl":{"start":{"line":78,"column":39},"end":{"line":78,"column":40}},"loc":{"start":{"line":78,"column":68},"end":{"line":80,"column":9}},"line":78},"7":{"name":"(anonymous_7)","decl":{"start":{"line":85,"column":4},"end":{"line":85,"column":5}},"loc":{"start":{"line":85,"column":33},"end":{"line":102,"column":5}},"line":85},"8":{"name":"(anonymous_8)","decl":{"start":{"line":103,"column":4},"end":{"line":103,"column":5}},"loc":{"start":{"line":103,"column":19},"end":{"line":107,"column":5}},"line":103},"9":{"name":"(anonymous_9)","decl":{"start":{"line":108,"column":4},"end":{"line":108,"column":5}},"loc":{"start":{"line":108,"column":37},"end":{"line":116,"column":5}},"line":108},"10":{"name":"(anonymous_10)","decl":{"start":{"line":117,"column":4},"end":{"line":117,"column":5}},"loc":{"start":{"line":117,"column":31},"end":{"line":127,"column":5}},"line":117},"11":{"name":"(anonymous_11)","decl":{"start":{"line":128,"column":4},"end":{"line":128,"column":5}},"loc":{"start":{"line":128,"column":41},"end":{"line":144,"column":5}},"line":128},"12":{"name":"(anonymous_12)","decl":{"start":{"line":145,"column":4},"end":{"line":145,"column":5}},"loc":{"start":{"line":145,"column":38},"end":{"line":160,"column":5}},"line":145},"13":{"name":"(anonymous_13)","decl":{"start":{"line":161,"column":4},"end":{"line":161,"column":5}},"loc":{"start":{"line":161,"column":47},"end":{"line":173,"column":5}},"line":161}},"branchMap":{"0":{"loc":{"start":{"line":18,"column":8},"end":{"line":31,"column":9}},"type":"if","locations":[{"start":{"line":18,"column":8},"end":{"line":31,"column":9}},{"start":{"line":18,"column":8},"end":{"line":31,"column":9}}],"line":18},"1":{"loc":{"start":{"line":19,"column":12},"end":{"line":27,"column":13}},"type":"if","locations":[{"start":{"line":19,"column":12},"end":{"line":27,"column":13}},{"start":{"line":19,"column":12},"end":{"line":27,"column":13}}],"line":19},"2":{"loc":{"start":{"line":22,"column":17},"end":{"line":27,"column":13}},"type":"if","locations":[{"start":{"line":22,"column":17},"end":{"line":27,"column":13}},{"start":{"line":22,"column":17},"end":{"line":27,"column":13}}],"line":22},"3":{"loc":{"start":{"line":35,"column":8},"end":{"line":37,"column":9}},"type":"if","locations":[{"start":{"line":35,"column":8},"end":{"line":37,"column":9}},{"start":{"line":35,"column":8},"end":{"line":37,"column":9}}],"line":35},"4":{"loc":{"start":{"line":35,"column":12},"end":{"line":35,"column":45}},"type":"binary-expr","locations":[{"start":{"line":35,"column":12},"end":{"line":35,"column":31}},{"start":{"line":35,"column":35},"end":{"line":35,"column":45}}],"line":35},"5":{"loc":{"start":{"line":38,"column":8},"end":{"line":52,"column":9}},"type":"if","locations":[{"start":{"line":38,"column":8},"end":{"line":52,"column":9}},{"start":{"line":38,"column":8},"end":{"line":52,"column":9}}],"line":38},"6":{"loc":{"start":{"line":60,"column":8},"end":{"line":62,"column":9}},"type":"if","locations":[{"start":{"line":60,"column":8},"end":{"line":62,"column":9}},{"start":{"line":60,"column":8},"end":{"line":62,"column":9}}],"line":60},"7":{"loc":{"start":{"line":64,"column":8},"end":{"line":66,"column":9}},"type":"if","locations":[{"start":{"line":64,"column":8},"end":{"line":66,"column":9}},{"start":{"line":64,"column":8},"end":{"line":66,"column":9}}],"line":64},"8":{"loc":{"start":{"line":69,"column":8},"end":{"line":71,"column":9}},"type":"if","locations":[{"start":{"line":69,"column":8},"end":{"line":71,"column":9}},{"start":{"line":69,"column":8},"end":{"line":71,"column":9}}],"line":69},"9":{"loc":{"start":{"line":88,"column":12},"end":{"line":97,"column":13}},"type":"if","locations":[{"start":{"line":88,"column":12},"end":{"line":97,"column":13}},{"start":{"line":88,"column":12},"end":{"line":97,"column":13}}],"line":88},"10":{"loc":{"start":{"line":88,"column":16},"end":{"line":88,"column":66}},"type":"binary-expr","locations":[{"start":{"line":88,"column":16},"end":{"line":88,"column":26}},{"start":{"line":88,"column":30},"end":{"line":88,"column":66}}],"line":88},"11":{"loc":{"start":{"line":95,"column":17},"end":{"line":97,"column":13}},"type":"if","locations":[{"start":{"line":95,"column":17},"end":{"line":97,"column":13}},{"start":{"line":95,"column":17},"end":{"line":97,"column":13}}],"line":95},"12":{"loc":{"start":{"line":104,"column":8},"end":{"line":106,"column":9}},"type":"if","locations":[{"start":{"line":104,"column":8},"end":{"line":106,"column":9}},{"start":{"line":104,"column":8},"end":{"line":106,"column":9}}],"line":104},"13":{"loc":{"start":{"line":104,"column":12},"end":{"line":104,"column":45}},"type":"binary-expr","locations":[{"start":{"line":104,"column":12},"end":{"line":104,"column":31}},{"start":{"line":104,"column":35},"end":{"line":104,"column":45}}],"line":104},"14":{"loc":{"start":{"line":132,"column":8},"end":{"line":137,"column":9}},"type":"if","locations":[{"start":{"line":132,"column":8},"end":{"line":137,"column":9}},{"start":{"line":132,"column":8},"end":{"line":137,"column":9}}],"line":132},"15":{"loc":{"start":{"line":133,"column":12},"end":{"line":136,"column":13}},"type":"if","locations":[{"start":{"line":133,"column":12},"end":{"line":136,"column":13}},{"start":{"line":133,"column":12},"end":{"line":136,"column":13}}],"line":133},"16":{"loc":{"start":{"line":148,"column":8},"end":{"line":158,"column":9}},"type":"if","locations":[{"start":{"line":148,"column":8},"end":{"line":158,"column":9}},{"start":{"line":148,"column":8},"end":{"line":158,"column":9}}],"line":148},"17":{"loc":{"start":{"line":149,"column":12},"end":{"line":152,"column":13}},"type":"if","locations":[{"start":{"line":149,"column":12},"end":{"line":152,"column":13}},{"start":{"line":149,"column":12},"end":{"line":152,"column":13}}],"line":149},"18":{"loc":{"start":{"line":162,"column":8},"end":{"line":172,"column":9}},"type":"if","locations":[{"start":{"line":162,"column":8},"end":{"line":172,"column":9}},{"start":{"line":162,"column":8},"end":{"line":172,"column":9}}],"line":162}},"s":{"0":1,"1":1,"2":1,"3":1,"4":1,"5":1,"6":19,"7":19,"8":17,"9":17,"10":13,"11":12,"12":11,"13":1,"14":1,"15":0,"16":1,"17":9,"18":9,"19":3,"20":6,"21":4,"22":4,"23":4,"24":4,"25":5,"26":4,"27":4,"28":4,"29":4,"30":2,"31":19,"32":21,"33":21,"34":16,"35":16,"36":11,"37":0,"38":11,"39":11,"40":0,"41":11,"42":7,"43":6,"44":1,"45":5,"46":1,"47":1,"48":1,"49":1,"50":1,"51":1,"52":1,"53":1,"54":26,"55":26,"56":26,"57":1,"58":1,"59":1,"60":0,"61":25,"62":19,"63":0,"64":17,"65":4,"66":7,"67":7,"68":7,"69":0,"70":32,"71":32,"72":32,"73":32,"74":32,"75":0,"76":11,"77":11,"78":11,"79":8,"80":8,"81":1,"82":1,"83":8,"84":8,"85":8,"86":8,"87":8,"88":8,"89":1,"90":1,"91":1,"92":1,"93":0,"94":0,"95":1,"96":1,"97":1,"98":1,"99":1,"100":0,"101":1,"102":1,"103":1,"104":0,"105":1},"f":{"0":19,"1":17,"2":9,"3":5,"4":21,"5":1,"6":1,"7":26,"8":17,"9":7,"10":32,"11":11,"12":1,"13":1},"b":{"0":[12,1],"1":[11,1],"2":[1,0],"3":[3,6],"4":[9,7],"5":[4,2],"6":[0,11],"7":[0,11],"8":[1,5],"9":[1,25],"10":[26,7],"11":[19,6],"12":[4,13],"13":[17,14],"14":[8,0],"15":[1,7],"16":[1,0],"17":[0,1],"18":[1,0]},"inputSourceMap":{"version":3,"file":"/Users/yasuiyuri/project_team058/src/controller/InsightFacade.ts","sources":["/Users/yasuiyuri/project_team058/src/controller/InsightFacade.ts"],"names":[],"mappings":";;AAAA,qDAQ0B;AAC1B,+BAAgC;AAChC,+CAA4C;AAE5C,6CAA0C;AAE1C,qDAAmD;AAQnD,MAAqB,aAAa;IACzB,kBAAkB,CAAW;IAC7B,QAAQ,CAAyB;IAEzC;QACC,IAAI,CAAC,kBAAkB,GAAG,EAAE,CAAC;QAC7B,IAAI,CAAC,QAAQ,GAAG,IAAI,GAAG,EAAqB,CAAC;IAC9C,CAAC;IAEM,KAAK,CAAC,UAAU,CAAC,EAAU,EAAE,OAAe,EAAE,IAAwB;QAC5E,MAAM,IAAI,CAAC,oBAAoB,EAAE,CAAC;QAClC,IAAI,CAAC,UAAU,CAAC,EAAE,CAAC,CAAC;QAEpB,IAAI,CAAC,IAAI,CAAC,kBAAkB,CAAC,QAAQ,CAAC,EAAE,CAAC,EAAE;YAE1C,IAAI,IAAI,KAAK,mCAAkB,CAAC,QAAQ,EAAE;gBACzC,OAAO,IAAI,CAAC,iBAAiB,CAAC,EAAE,EAAE,OAAO,CAAC,CAAC;aAC3C;iBAAM,IAAI,IAAI,KAAK,mCAAkB,CAAC,KAAK,EAAE;gBAC7C,OAAO,IAAI,CAAC,cAAc,CAAC,EAAE,EAAE,OAAO,CAAC,CAAC;aACxC;iBAAM;gBACN,MAAM,IAAI,6BAAY,CAAC,gBAAgB,CAAC,CAAC;aACzC;SACD;aAAM;YACN,MAAM,IAAI,6BAAY,CAAC,kBAAkB,EAAE,EAAE,CAAC,CAAC;SAC/C;IACF,CAAC;IAEM,KAAK,CAAC,aAAa,CAAC,EAAU;QACpC,MAAM,IAAI,CAAC,oBAAoB,EAAE,CAAC;QAClC,IAAI,CAAC,SAAS,CAAC,IAAI,CAAC,EAAE,CAAC,IAAI,CAAC,EAAE,CAAC,IAAI,EAAE,EAAE;YACtC,MAAM,IAAI,6BAAY,CAAC,eAAe,EAAE,EAAE,CAAC,CAAC;SAC5C;QAED,IAAI,IAAI,CAAC,kBAAkB,CAAC,QAAQ,CAAC,EAAE,CAAC,EAAE;YACzC,IAAI,CAAC,kBAAkB,CAAC,MAAM,CAAC,IAAI,CAAC,kBAAkB,CAAC,OAAO,CAAC,EAAE,CAAC,EAAE,CAAC,CAAC,CAAC;YACvE,MAAM,IAAI,GAAG,MAAM,IAAI,CAAC,gBAAgB,CAAC,qBAAqB,CAAC,CAAC;YAChE,IAAI,QAAQ,GAAG,IAAI,CAAC,KAAK,CAAC,IAAI,CAAC,CAAC;YAChC,QAAQ,GAAG,QAAQ,CAAC,MAAM,CAAC,CAAC,CAAC,GAAG,EAAE,CAAC,CAA0B,EAAE,EAAE;gBAChE,OAAO,GAAG,KAAK,EAAE,CAAC;YACnB,CAAC,CAAC,CAAC;YAEH,MAAM,cAAc,GAAG,IAAI,CAAC,SAAS,CAAC,QAAQ,CAAC,CAAC;YAChD,MAAM,IAAI,CAAC,cAAc,CAAC,cAAc,CAAC,CAAC;YAI1C,IAAI,CAAC,QAAQ,CAAC,MAAM,CAAC,EAAE,CAAC,CAAC;YAEzB,OAAO,EAAE,CAAC;SACV;aAAM;YACN,OAAO,OAAO,CAAC,MAAM,CAAC,IAAI,8BAAa,EAAE,CAAC,CAAC;SAC3C;IACF,CAAC;IAEe,WAAW,GAAG,IAAI,CAAC;IAE5B,KAAK,CAAC,YAAY,CAAC,KAAc;QAEvC,MAAM,WAAW,GAAG,IAAI,yBAAW,CAAC,IAAI,CAAC,kBAAkB,EAAE,IAAI,CAAC,QAAQ,CAAC,CAAC;QAG5E,WAAW,CAAC,eAAe,CAAC,KAAK,CAAC,CAAC;QAEnC,MAAM,QAAQ,GAAG,KAAY,CAAC;QAG9B,MAAM,SAAS,GAAG,WAAW,CAAC,qBAAqB,CAAC,QAAQ,CAAC,CAAC;QAG9D,IAAI,CAAC,IAAI,CAAC,kBAAkB,CAAC,QAAQ,CAAC,SAAS,CAAC,EAAE;YACjD,MAAM,IAAI,6BAAY,CAAC,WAAW,SAAS,aAAa,CAAC,CAAC;SAC1D;QAGD,MAAM,WAAW,GAAG,IAAI,CAAC,QAAQ,CAAC,GAAG,CAAC,SAAS,CAAC,CAAC;QACjD,IAAI,CAAC,WAAW,EAAE;YACjB,MAAM,IAAI,6BAAY,CAAC,oBAAoB,SAAS,aAAa,CAAC,CAAC;SACnE;QAGD,MAAM,YAAY,GAAG,WAAW,CAAC,gBAAgB,CAAC,WAAW,EAAE,QAAQ,CAAC,KAAK,EAAE,SAAS,CAAC,CAAC;QAG1F,MAAM,OAAO,GAAG,WAAW,CAAC,YAAY,CAAC,YAAY,EAAE,QAAQ,CAAC,OAAO,EAAE,SAAS,CAAC,CAAC;QAGpF,IAAI,OAAO,CAAC,MAAM,GAAG,IAAI,CAAC,WAAW,EAAE;YACtC,MAAM,IAAI,oCAAmB,EAAE,CAAC;SAChC;QAED,OAAO,OAAO,CAAC;IAChB,CAAC;IAEM,KAAK,CAAC,YAAY;QACxB,MAAM,OAAO,GAAqB,EAAE,CAAC;QACrC,MAAM,UAAU,GAAG,MAAM,IAAI,CAAC,gBAAgB,CAAC,qBAAqB,CAAC,CAAC;QACtE,MAAM,SAAS,GAA4B,IAAI,CAAC,KAAK,CAAC,UAAU,CAAC,CAAC;QAClE,MAAM,QAAQ,GAAG,SAAS,CAAC,GAAG,CAAC,KAAK,EAAE,CAAC,EAAE,EAAE,IAAI,EAAE,KAAK,CAAC,EAAE,EAAE;YAC1D,OAAO,IAAI,CAAC,iBAAiB,CAAC,EAAE,EAAE,IAAI,EAAE,KAAK,CAAC,MAAM,CAAC,CAAC;QACvD,CAAC,CAAC,CAAC;QACH,MAAM,OAAO,GAAG,MAAM,OAAO,CAAC,GAAG,CAAC,QAAQ,CAAC,CAAC;QAC5C,OAAO,CAAC,IAAI,CAAC,GAAG,OAAO,CAAC,CAAC;QACzB,OAAO,OAAO,CAAC;IAChB,CAAC;IAEM,KAAK,CAAC,oBAAoB;QAChC,IAAI;YACH,MAAM,UAAU,GAAG,MAAM,EAAE,CAAC,UAAU,CAAC,qBAAqB,CAAC,CAAC;YAC9D,IAAI,UAAU,IAAI,IAAI,CAAC,kBAAkB,CAAC,MAAM,KAAK,CAAC,EAAE;gBACvD,MAAM,IAAI,GAAG,MAAM,IAAI,CAAC,gBAAgB,CAAC,qBAAqB,CAAC,CAAC;gBAChE,MAAM,SAAS,GAAsB,IAAI,CAAC,KAAK,CAAC,IAAI,CAAC,CAAC;gBACtD,KAAK,MAAM,CAAC,EAAE,CAAC,IAAI,SAAS,EAAE;oBAC7B,IAAI,CAAC,kBAAkB,CAAC,IAAI,CAAC,EAAE,CAAC,CAAC;iBACjC;aACD;iBAAM,IAAI,IAAI,CAAC,kBAAkB,CAAC,MAAM,KAAK,CAAC,EAAE;gBAChD,MAAM,IAAI,CAAC,cAAc,CAAC,EAAE,CAAC,CAAC;aAC9B;SACD;QAAC,OAAO,CAAC,EAAE;YACX,OAAO,OAAO,CAAC,MAAM,CAAC,IAAI,6BAAY,CAAC,wBAAwB,CAAC,EAAE,CAAC,CAAC,CAAC;SACrE;IACF,CAAC;IAEO,UAAU,CAAC,EAAU;QAC5B,IAAI,CAAC,SAAS,CAAC,IAAI,CAAC,EAAE,CAAC,IAAI,CAAC,EAAE,CAAC,IAAI,EAAE,EAAE;YACtC,MAAM,IAAI,6BAAY,CAAC,eAAe,EAAE,EAAE,CAAC,CAAC;SAC5C;IACF,CAAC;IAEO,KAAK,CAAC,gBAAgB,CAAC,QAAgB;QAC9C,IAAI;YACH,MAAM,UAAU,GAAG,MAAM,EAAE,CAAC,QAAQ,CAAC,QAAQ,CAAC,CAAC;YAC/C,OAAO,UAAU,CAAC;SAClB;QAAC,OAAO,KAAK,EAAE;YACf,OAAO,OAAO,CAAC,MAAM,CAAC,aAAa,KAAK,EAAE,CAAC,CAAC;SAC5C;IACF,CAAC;IAEO,KAAK,CAAC,cAAc,CAAC,IAAS;QACrC,IAAI;YACH,MAAM,aAAa,GAAG,QAAQ,CAAC;YAC/B,MAAM,EAAE,CAAC,SAAS,CAAC,aAAa,CAAC,CAAC;YAClC,MAAM,QAAQ,GAAG,GAAG,aAAa,eAAe,CAAC;YACjD,MAAM,EAAE,CAAC,SAAS,CAAC,QAAQ,EAAE,IAAI,CAAC,CAAC;SACnC;QAAC,OAAO,KAAK,EAAE;YACf,MAAM,IAAI,KAAK,CAAC,mBAAmB,KAAK,EAAE,CAAC,CAAC;SAC5C;IACF,CAAC;IAEO,KAAK,CAAC,iBAAiB,CAAC,EAAU,EAAE,OAAe;QAC1D,IAAI,SAAS,GAA8B,EAAE,CAAC;QAC9C,MAAM,SAAS,GAAG,IAAI,gCAAe,EAAE,CAAC;QACxC,MAAM,gBAAgB,GAAG,MAAM,SAAS,CAAC,YAAY,CAAC,OAAO,CAAC,CAAC;QAC/D,IAAI,gBAAgB,CAAC,MAAM,KAAK,CAAC,EAAE;YAClC,IAAI,IAAI,CAAC,kBAAkB,CAAC,MAAM,KAAK,CAAC,EAAE;gBACzC,MAAM,IAAI,GAAG,MAAM,IAAI,CAAC,gBAAgB,CAAC,qBAAqB,CAAC,CAAC;gBAChE,SAAS,GAAG,IAAI,CAAC,KAAK,CAAC,IAAI,CAAC,CAAC;aAC7B;SACD;QACD,SAAS,CAAC,IAAI,CAAC,CAAC,EAAE,EAAE,SAAS,EAAE,gBAAgB,CAAC,CAAC,CAAC;QAClD,MAAM,UAAU,GAAG,IAAI,CAAC,SAAS,CAAC,SAAS,CAAC,CAAC;QAC7C,MAAM,IAAI,CAAC,cAAc,CAAC,UAAU,CAAC,CAAC;QACtC,IAAI,CAAC,kBAAkB,CAAC,IAAI,CAAC,EAAE,CAAC,CAAC;QACjC,IAAI,CAAC,QAAQ,CAAC,GAAG,CAAC,EAAE,EAAE,gBAAgB,CAAC,CAAC;QACxC,OAAO,KAAK,CAAC,IAAI,CAAC,IAAI,CAAC,kBAAkB,CAAC,CAAC;IAC5C,CAAC;IAEO,KAAK,CAAC,cAAc,CAAC,EAAU,EAAE,OAAe;QACvD,IAAI,SAAS,GAA8B,EAAE,CAAC;QAC9C,MAAM,WAAW,GAAW,MAAM,IAAA,uBAAU,EAAC,OAAO,CAAC,CAAC;QACtD,IAAI,WAAW,CAAC,MAAM,KAAK,CAAC,EAAE;YAC7B,IAAI,IAAI,CAAC,kBAAkB,CAAC,MAAM,KAAK,CAAC,EAAE;gBACzC,MAAM,IAAI,GAAG,MAAM,IAAI,CAAC,gBAAgB,CAAC,kBAAkB,CAAC,CAAC;gBAC7D,SAAS,GAAG,IAAI,CAAC,KAAK,CAAC,IAAI,CAAC,CAAC;aAC7B;YACD,SAAS,CAAC,IAAI,CAAC,CAAC,EAAE,EAAE,MAAM,EAAE,WAAW,CAAC,CAAC,CAAC;YAC1C,MAAM,UAAU,GAAG,IAAI,CAAC,SAAS,CAAC,SAAS,CAAC,CAAC;YAC7C,MAAM,IAAI,CAAC,cAAc,CAAC,UAAU,CAAC,CAAC;YACtC,IAAI,CAAC,kBAAkB,CAAC,IAAI,CAAC,EAAE,CAAC,CAAC;YACjC,OAAO,KAAK,CAAC,IAAI,CAAC,IAAI,CAAC,kBAAkB,CAAC,CAAC;SAC3C;QACD,OAAO,OAAO,CAAC,MAAM,CAAC,IAAI,6BAAY,CAAC,yBAAyB,CAAC,CAAC,CAAC;IACpE,CAAC;IAEO,KAAK,CAAC,iBAAiB,CAAC,EAAU,EAAE,IAAY,EAAE,OAAe;QACxE,IAAI,IAAI,KAAK,SAAS,EAAE;YACvB,MAAM,QAAQ,GAAG,mCAAkB,CAAC,QAAQ,CAAC;YAC7C,OAAO;gBACN,EAAE,EAAE,EAAE;gBACN,IAAI,EAAE,QAAQ;gBACd,OAAO,EAAE,OAAO;aAChB,CAAC;SACF;aAAM;YACN,MAAM,IAAI,6BAAY,CAAC,gBAAgB,CAAC,CAAC;SACzC;IACF,CAAC;CACD;AAnMD,gCAmMC","sourcesContent":["import {\n\tIInsightFacade,\n\tInsightDataset,\n\tInsightDatasetKind,\n\tInsightResult,\n\tInsightError,\n\tNotFoundError,\n\tResultTooLargeError,\n} from \"./IInsightFacade\";\nimport fs = require(\"fs-extra\");\nimport { QueryHelper } from \"./QueryHelper\";\nimport { Section } from \"./Section\";\nimport { parseRooms } from \"./RoomHelper\";\nimport { Room } from \"./Room\";\nimport { ValidateDataset } from \"./SectionsHelper\";\n\n/**\n * This is the main programmatic entry point for the project.\n * Method documentation is in IInsightFacade\n *\n */\n\nexport default class InsightFacade implements IInsightFacade {\n\tprivate existingDatasetIds: string[];\n\tprivate datasets: Map<string, Section[]>;\n\n\tconstructor() {\n\t\tthis.existingDatasetIds = [];\n\t\tthis.datasets = new Map<string, Section[]>();\n\t}\n\n\tpublic async addDataset(id: string, content: string, kind: InsightDatasetKind): Promise<string[]> {\n\t\tawait this.loadDatasetsFromDisk();\n\t\tthis.validateId(id);\n\n\t\tif (!this.existingDatasetIds.includes(id)) {\n\t\t\t// const validator = new ValidateDataset();\n\t\t\tif (kind === InsightDatasetKind.Sections) {\n\t\t\t\treturn this.addSectionDataset(id, content);\n\t\t\t} else if (kind === InsightDatasetKind.Rooms) {\n\t\t\t\treturn this.addRoomDataset(id, content);\n\t\t\t} else {\n\t\t\t\tthrow new InsightError(`different kind`);\n\t\t\t}\n\t\t} else {\n\t\t\tthrow new InsightError(`Duplicated id: ${id}`);\n\t\t}\n\t}\n\n\tpublic async removeDataset(id: string): Promise<string> {\n\t\tawait this.loadDatasetsFromDisk();\n\t\tif (!/^[^_]+$/.test(id) || !id.trim()) {\n\t\t\tthrow new InsightError(`Invalid id: ${id}`);\n\t\t}\n\n\t\tif (this.existingDatasetIds.includes(id)) {\n\t\t\tthis.existingDatasetIds.splice(this.existingDatasetIds.indexOf(id), 1);\n\t\t\tconst json = await this.loadDataFromDisk(\"./data/section.json\");\n\t\t\tlet newJsons = JSON.parse(json);\n\t\t\tnewJsons = newJsons.filter(([key, _]: [string, string, any[]]) => {\n\t\t\t\treturn key !== id;\n\t\t\t});\n\n\t\t\tconst jsonFromString = JSON.stringify(newJsons);\n\t\t\tawait this.saveDataToDisk(jsonFromString); // old version\n\t\t\t// let promise3 = await saveDataToDisk(jsonFromString);\n\n\t\t\t// Remove the dataset from the datasets map\n\t\t\tthis.datasets.delete(id);\n\n\t\t\treturn id;\n\t\t} else {\n\t\t\treturn Promise.reject(new NotFoundError());\n\t\t}\n\t}\n\n\tpublic readonly MAX_RESULTS = 5000;\n\n\tpublic async performQuery(query: unknown): Promise<InsightResult[]> {\n\t\t// Create an instance of QueryHelper\n\t\tconst queryHelper = new QueryHelper(this.existingDatasetIds, this.datasets);\n\n\t\t// Validate that the query is an object\n\t\tqueryHelper.checkValidQuery(query);\n\n\t\tconst queryObj = query as any; // Cast to any for easier access\n\n\t\t// Get the dataset id from the query\n\t\tconst datasetId = queryHelper.getDatasetIdFromQuery(queryObj);\n\n\t\t// Check that the dataset has been added\n\t\tif (!this.existingDatasetIds.includes(datasetId)) {\n\t\t\tthrow new InsightError(`Dataset ${datasetId} not found.`);\n\t\t}\n\n\t\t// Get the dataset data\n\t\tconst datasetData = this.datasets.get(datasetId);\n\t\tif (!datasetData) {\n\t\t\tthrow new InsightError(`Dataset data for ${datasetId} not found.`);\n\t\t}\n\n\t\t// Apply the WHERE clause to filter the data\n\t\tconst filteredData = queryHelper.applyWhereClause(datasetData, queryObj.WHERE, datasetId);\n\n\t\t// Apply OPTIONS (COLUMNS, ORDER) to get the results\n\t\tconst results = queryHelper.applyOptions(filteredData, queryObj.OPTIONS, datasetId);\n\n\t\t// Check if the results are too large\n\t\tif (results.length > this.MAX_RESULTS) {\n\t\t\tthrow new ResultTooLargeError();\n\t\t}\n\n\t\treturn results;\n\t}\n\n\tpublic async listDatasets(): Promise<InsightDataset[]> {\n\t\tconst dataset: InsightDataset[] = [];\n\t\tconst jsonString = await this.loadDataFromDisk(\"./data/section.json\");\n\t\tconst jsonArray: [string, string, any][] = JSON.parse(jsonString);\n\t\tconst promises = jsonArray.map(async ([id, kind, value]) => {\n\t\t\treturn this.createInsightData(id, kind, value.length);\n\t\t});\n\t\tconst results = await Promise.all(promises);\n\t\tdataset.push(...results);\n\t\treturn dataset;\n\t}\n\n\tpublic async loadDatasetsFromDisk(): Promise<void> {\n\t\ttry {\n\t\t\tconst fileExists = await fs.pathExists(\"./data/section.json\");\n\t\t\tif (fileExists && this.existingDatasetIds.length === 0) {\n\t\t\t\tconst json = await this.loadDataFromDisk(\"./data/section.json\");\n\t\t\t\tconst jsonArray: [string, any[]][] = JSON.parse(json);\n\t\t\t\tfor (const [id] of jsonArray) {\n\t\t\t\t\tthis.existingDatasetIds.push(id);\n\t\t\t\t}\n\t\t\t} else if (this.existingDatasetIds.length === 0) {\n\t\t\t\tawait this.saveDataToDisk(\"\");\n\t\t\t}\n\t\t} catch (e) {\n\t\t\treturn Promise.reject(new InsightError(`loading data failed: ${e}`));\n\t\t}\n\t}\n\n\tprivate validateId(id: string): void {\n\t\tif (!/^[^_]+$/.test(id) || !id.trim()) {\n\t\t\tthrow new InsightError(`Invalid id: ${id}`);\n\t\t}\n\t}\n\n\tprivate async loadDataFromDisk(filePath: string): Promise<any> {\n\t\ttry {\n\t\t\tconst dataString = await fs.readJSON(filePath);\n\t\t\treturn dataString;\n\t\t} catch (error) {\n\t\t\treturn Promise.reject(`loaddata: ${error}`);\n\t\t}\n\t}\n\n\tprivate async saveDataToDisk(data: any): Promise<void> {\n\t\ttry {\n\t\t\tconst directoryPath = \"./data\";\n\t\t\tawait fs.ensureDir(directoryPath);\n\t\t\tconst filePath = `${directoryPath}/section.json`;\n\t\t\tawait fs.writeJSON(filePath, data);\n\t\t} catch (error) {\n\t\t\tthrow new Error(`saveDataToDisk: ${error}`);\n\t\t}\n\t}\n\n\tprivate async addSectionDataset(id: string, content: string): Promise<string[]> {\n\t\tlet jsonArray: [string, string, any[]][] = [];\n\t\tconst validator = new ValidateDataset();\n\t\tconst processedDataset = await validator.validDataset(content);\n\t\tif (processedDataset.length !== 0) {\n\t\t\tif (this.existingDatasetIds.length !== 0) {\n\t\t\t\tconst json = await this.loadDataFromDisk(\"./data/section.json\");\n\t\t\t\tjsonArray = JSON.parse(json);\n\t\t\t}\n\t\t}\n\t\tjsonArray.push([id, \"section\", processedDataset]);\n\t\tconst jsonString = JSON.stringify(jsonArray);\n\t\tawait this.saveDataToDisk(jsonString);\n\t\tthis.existingDatasetIds.push(id);\n\t\tthis.datasets.set(id, processedDataset);\n\t\treturn Array.from(this.existingDatasetIds);\n\t}\n\n\tprivate async addRoomDataset(id: string, content: string): Promise<string[]> {\n\t\tlet jsonArray: [string, string, any[]][] = [];\n\t\tconst listOfRooms: Room[] = await parseRooms(content);\n\t\tif (listOfRooms.length !== 0) {\n\t\t\tif (this.existingDatasetIds.length !== 0) {\n\t\t\t\tconst json = await this.loadDataFromDisk(\"./data/data.json\");\n\t\t\t\tjsonArray = JSON.parse(json);\n\t\t\t}\n\t\t\tjsonArray.push([id, \"room\", listOfRooms]);\n\t\t\tconst jsonString = JSON.stringify(jsonArray);\n\t\t\tawait this.saveDataToDisk(jsonString);\n\t\t\tthis.existingDatasetIds.push(id);\n\t\t\treturn Array.from(this.existingDatasetIds);\n\t\t}\n\t\treturn Promise.reject(new InsightError(\"Less than 0 valid rooms\"));\n\t}\n\n\tprivate async createInsightData(id: string, kind: string, numRows: number): Promise<InsightDataset> {\n\t\tif (kind === \"section\") {\n\t\t\tconst dataKind = InsightDatasetKind.Sections;\n\t\t\treturn {\n\t\t\t\tid: id,\n\t\t\t\tkind: dataKind,\n\t\t\t\tnumRows: numRows,\n\t\t\t};\n\t\t} else {\n\t\t\tthrow new InsightError(`different kind`);\n\t\t}\n\t}\n}\n"]},"_coverageSchema":"1a1c01bbd47fc00a2c39e90264f33305004495a9","hash":"ab55980bb864b638b924ffea9b0321585bca201a","contentHash":"5b3ca111ff651d9dc88826a31179e8ba479759afb618fc5a9992bb69689113a6"},"/Users/yasuiyuri/project_team058/src/controller/QueryHelper.ts":{"path":"/Users/yasuiyuri/project_team058/src/controller/QueryHelper.ts","statementMap":{"0":{"start":{"line":2,"column":0},"end":{"line":2,"column":62}},"1":{"start":{"line":3,"column":0},"end":{"line":3,"column":29}},"2":{"start":{"line":4,"column":25},"end":{"line":4,"column":52}},"3":{"start":{"line":9,"column":8},"end":{"line":9,"column":53}},"4":{"start":{"line":10,"column":8},"end":{"line":10,"column":33}},"5":{"start":{"line":13,"column":8},"end":{"line":15,"column":9}},"6":{"start":{"line":14,"column":12},"end":{"line":14,"column":88}},"7":{"start":{"line":16,"column":8},"end":{"line":18,"column":9}},"8":{"start":{"line":17,"column":12},"end":{"line":17,"column":105}},"9":{"start":{"line":19,"column":8},"end":{"line":21,"column":9}},"10":{"start":{"line":20,"column":12},"end":{"line":20,"column":88}},"11":{"start":{"line":22,"column":8},"end":{"line":24,"column":9}},"12":{"start":{"line":23,"column":12},"end":{"line":23,"column":90}},"13":{"start":{"line":25,"column":8},"end":{"line":27,"column":9}},"14":{"start":{"line":26,"column":12},"end":{"line":26,"column":85}},"15":{"start":{"line":28,"column":8},"end":{"line":30,"column":9}},"16":{"start":{"line":29,"column":12},"end":{"line":29,"column":90}},"17":{"start":{"line":31,"column":8},"end":{"line":31,"column":20}},"18":{"start":{"line":34,"column":27},"end":{"line":34,"column":36}},"19":{"start":{"line":35,"column":24},"end":{"line":35,"column":45}},"20":{"start":{"line":36,"column":8},"end":{"line":42,"column":9}},"21":{"start":{"line":37,"column":12},"end":{"line":39,"column":13}},"22":{"start":{"line":38,"column":16},"end":{"line":38,"column":89}},"23":{"start":{"line":40,"column":25},"end":{"line":40,"column":39}},"24":{"start":{"line":41,"column":12},"end":{"line":41,"column":31}},"25":{"start":{"line":43,"column":8},"end":{"line":43,"column":65}},"26":{"start":{"line":44,"column":8},"end":{"line":46,"column":9}},"27":{"start":{"line":45,"column":12},"end":{"line":45,"column":91}},"28":{"start":{"line":47,"column":8},"end":{"line":47,"column":48}},"29":{"start":{"line":50,"column":8},"end":{"line":52,"column":9}},"30":{"start":{"line":51,"column":12},"end":{"line":51,"column":19}},"31":{"start":{"line":53,"column":20},"end":{"line":53,"column":41}},"32":{"start":{"line":54,"column":8},"end":{"line":74,"column":9}},"33":{"start":{"line":55,"column":31},"end":{"line":55,"column":41}},"34":{"start":{"line":56,"column":12},"end":{"line":58,"column":13}},"35":{"start":{"line":57,"column":16},"end":{"line":57,"column":93}},"36":{"start":{"line":59,"column":12},"end":{"line":61,"column":13}},"37":{"start":{"line":60,"column":16},"end":{"line":60,"column":71}},"38":{"start":{"line":63,"column":13},"end":{"line":74,"column":9}},"39":{"start":{"line":64,"column":12},"end":{"line":64,"column":68}},"40":{"start":{"line":66,"column":13},"end":{"line":74,"column":9}},"41":{"start":{"line":67,"column":31},"end":{"line":67,"column":41}},"42":{"start":{"line":68,"column":28},"end":{"line":68,"column":54}},"43":{"start":{"line":69,"column":25},"end":{"line":69,"column":43}},"44":{"start":{"line":70,"column":12},"end":{"line":70,"column":31}},"45":{"start":{"line":73,"column":12},"end":{"line":73,"column":77}},"46":{"start":{"line":77,"column":8},"end":{"line":79,"column":9}},"47":{"start":{"line":78,"column":12},"end":{"line":78,"column":24}},"48":{"start":{"line":80,"column":20},"end":{"line":80,"column":41}},"49":{"start":{"line":81,"column":8},"end":{"line":96,"column":9}},"50":{"start":{"line":83,"column":16},"end":{"line":83,"column":66}},"51":{"start":{"line":85,"column":16},"end":{"line":85,"column":65}},"52":{"start":{"line":87,"column":16},"end":{"line":87,"column":66}},"53":{"start":{"line":91,"column":16},"end":{"line":91,"column":79}},"54":{"start":{"line":93,"column":16},"end":{"line":93,"column":74}},"55":{"start":{"line":95,"column":16},"end":{"line":95,"column":81}},"56":{"start":{"line":99,"column":8},"end":{"line":101,"column":9}},"57":{"start":{"line":100,"column":12},"end":{"line":100,"column":97}},"58":{"start":{"line":102,"column":8},"end":{"line":102,"column":115}},"59":{"start":{"line":102,"column":56},"end":{"line":102,"column":107}},"60":{"start":{"line":105,"column":8},"end":{"line":107,"column":9}},"61":{"start":{"line":106,"column":12},"end":{"line":106,"column":96}},"62":{"start":{"line":108,"column":26},"end":{"line":108,"column":35}},"63":{"start":{"line":109,"column":8},"end":{"line":112,"column":9}},"64":{"start":{"line":110,"column":27},"end":{"line":110,"column":76}},"65":{"start":{"line":111,"column":12},"end":{"line":111,"column":58}},"66":{"start":{"line":111,"column":37},"end":{"line":111,"column":56}},"67":{"start":{"line":113,"column":8},"end":{"line":113,"column":37}},"68":{"start":{"line":116,"column":25},"end":{"line":116,"column":74}},"69":{"start":{"line":117,"column":8},"end":{"line":117,"column":63}},"70":{"start":{"line":117,"column":37},"end":{"line":117,"column":61}},"71":{"start":{"line":120,"column":21},"end":{"line":120,"column":48}},"72":{"start":{"line":121,"column":22},"end":{"line":121,"column":39}},"73":{"start":{"line":122,"column":8},"end":{"line":124,"column":9}},"74":{"start":{"line":123,"column":12},"end":{"line":123,"column":91}},"75":{"start":{"line":125,"column":31},"end":{"line":125,"column":46}},"76":{"start":{"line":126,"column":8},"end":{"line":128,"column":9}},"77":{"start":{"line":127,"column":12},"end":{"line":127,"column":107}},"78":{"start":{"line":129,"column":28},"end":{"line":129,"column":68}},"79":{"start":{"line":130,"column":8},"end":{"line":132,"column":9}},"80":{"start":{"line":131,"column":12},"end":{"line":131,"column":85}},"81":{"start":{"line":133,"column":22},"end":{"line":133,"column":30}},"82":{"start":{"line":134,"column":8},"end":{"line":146,"column":11}},"83":{"start":{"line":135,"column":30},"end":{"line":135,"column":41}},"84":{"start":{"line":136,"column":12},"end":{"line":145,"column":13}},"85":{"start":{"line":138,"column":20},"end":{"line":138,"column":45}},"86":{"start":{"line":140,"column":20},"end":{"line":140,"column":45}},"87":{"start":{"line":142,"column":20},"end":{"line":142,"column":47}},"88":{"start":{"line":144,"column":20},"end":{"line":144,"column":83}},"89":{"start":{"line":149,"column":21},"end":{"line":149,"column":48}},"90":{"start":{"line":150,"column":22},"end":{"line":150,"column":39}},"91":{"start":{"line":151,"column":8},"end":{"line":153,"column":9}},"92":{"start":{"line":152,"column":12},"end":{"line":152,"column":91}},"93":{"start":{"line":154,"column":31},"end":{"line":154,"column":46}},"94":{"start":{"line":155,"column":8},"end":{"line":157,"column":9}},"95":{"start":{"line":156,"column":12},"end":{"line":156,"column":107}},"96":{"start":{"line":158,"column":28},"end":{"line":158,"column":73}},"97":{"start":{"line":159,"column":8},"end":{"line":161,"column":9}},"98":{"start":{"line":160,"column":12},"end":{"line":160,"column":85}},"99":{"start":{"line":162,"column":8},"end":{"line":164,"column":9}},"100":{"start":{"line":163,"column":12},"end":{"line":163,"column":85}},"101":{"start":{"line":165,"column":22},"end":{"line":165,"column":30}},"102":{"start":{"line":166,"column":8},"end":{"line":166,"column":71}},"103":{"start":{"line":166,"column":37},"end":{"line":166,"column":69}},"104":{"start":{"line":169,"column":26},"end":{"line":169,"column":29}},"105":{"start":{"line":170,"column":31},"end":{"line":170,"column":76}},"106":{"start":{"line":171,"column":8},"end":{"line":173,"column":9}},"107":{"start":{"line":172,"column":12},"end":{"line":172,"column":32}},"108":{"start":{"line":174,"column":8},"end":{"line":174,"column":38}},"109":{"start":{"line":175,"column":8},"end":{"line":177,"column":9}},"110":{"start":{"line":176,"column":12},"end":{"line":176,"column":32}},"111":{"start":{"line":178,"column":8},"end":{"line":178,"column":27}},"112":{"start":{"line":179,"column":22},"end":{"line":179,"column":45}},"113":{"start":{"line":180,"column":8},"end":{"line":180,"column":37}},"114":{"start":{"line":183,"column":27},"end":{"line":183,"column":47}},"115":{"start":{"line":184,"column":26},"end":{"line":184,"column":50}},"116":{"start":{"line":185,"column":8},"end":{"line":187,"column":9}},"117":{"start":{"line":186,"column":12},"end":{"line":186,"column":24}},"118":{"start":{"line":188,"column":8},"end":{"line":190,"column":9}},"119":{"start":{"line":189,"column":12},"end":{"line":189,"column":24}},"120":{"start":{"line":191,"column":8},"end":{"line":191,"column":21}},"121":{"start":{"line":194,"column":8},"end":{"line":194,"column":61}},"122":{"start":{"line":197,"column":23},"end":{"line":197,"column":25}},"123":{"start":{"line":198,"column":8},"end":{"line":220,"column":9}},"124":{"start":{"line":199,"column":35},"end":{"line":199,"column":49}},"125":{"start":{"line":200,"column":12},"end":{"line":202,"column":13}},"126":{"start":{"line":201,"column":16},"end":{"line":201,"column":105}},"127":{"start":{"line":203,"column":32},"end":{"line":214,"column":13}},"128":{"start":{"line":215,"column":12},"end":{"line":217,"column":13}},"129":{"start":{"line":216,"column":16},"end":{"line":216,"column":85}},"130":{"start":{"line":218,"column":26},"end":{"line":218,"column":34}},"131":{"start":{"line":219,"column":12},"end":{"line":219,"column":38}},"132":{"start":{"line":221,"column":8},"end":{"line":221,"column":22}},"133":{"start":{"line":224,"column":8},"end":{"line":257,"column":9}},"134":{"start":{"line":225,"column":26},"end":{"line":225,"column":39}},"135":{"start":{"line":226,"column":12},"end":{"line":256,"column":13}},"136":{"start":{"line":227,"column":16},"end":{"line":229,"column":17}},"137":{"start":{"line":228,"column":20},"end":{"line":228,"column":93}},"138":{"start":{"line":230,"column":16},"end":{"line":249,"column":19}},"139":{"start":{"line":231,"column":20},"end":{"line":248,"column":21}},"140":{"start":{"line":232,"column":24},"end":{"line":232,"column":34}},"141":{"start":{"line":234,"column":25},"end":{"line":248,"column":21}},"142":{"start":{"line":235,"column":24},"end":{"line":235,"column":33}},"143":{"start":{"line":238,"column":45},"end":{"line":238,"column":60}},"144":{"start":{"line":239,"column":24},"end":{"line":247,"column":25}},"145":{"start":{"line":240,"column":28},"end":{"line":240,"column":38}},"146":{"start":{"line":242,"column":29},"end":{"line":247,"column":25}},"147":{"start":{"line":243,"column":28},"end":{"line":243,"column":37}},"148":{"start":{"line":246,"column":28},"end":{"line":246,"column":37}},"149":{"start":{"line":251,"column":17},"end":{"line":256,"column":13}},"150":{"start":{"line":252,"column":16},"end":{"line":252,"column":90}},"151":{"start":{"line":255,"column":16},"end":{"line":255,"column":74}},"152":{"start":{"line":260,"column":24},"end":{"line":260,"column":39}},"153":{"start":{"line":261,"column":24},"end":{"line":261,"column":84}},"154":{"start":{"line":261,"column":43},"end":{"line":261,"column":83}},"155":{"start":{"line":262,"column":8},"end":{"line":262,"column":51}},"156":{"start":{"line":263,"column":8},"end":{"line":263,"column":23}},"157":{"start":{"line":266,"column":0},"end":{"line":266,"column":34}}},"fnMap":{"0":{"name":"(anonymous_0)","decl":{"start":{"line":8,"column":4},"end":{"line":8,"column":5}},"loc":{"start":{"line":8,"column":46},"end":{"line":11,"column":5}},"line":8},"1":{"name":"(anonymous_1)","decl":{"start":{"line":12,"column":4},"end":{"line":12,"column":5}},"loc":{"start":{"line":12,"column":27},"end":{"line":32,"column":5}},"line":12},"2":{"name":"(anonymous_2)","decl":{"start":{"line":33,"column":4},"end":{"line":33,"column":5}},"loc":{"start":{"line":33,"column":33},"end":{"line":48,"column":5}},"line":33},"3":{"name":"(anonymous_3)","decl":{"start":{"line":49,"column":4},"end":{"line":49,"column":5}},"loc":{"start":{"line":49,"column":50},"end":{"line":75,"column":5}},"line":49},"4":{"name":"(anonymous_4)","decl":{"start":{"line":76,"column":4},"end":{"line":76,"column":5}},"loc":{"start":{"line":76,"column":45},"end":{"line":97,"column":5}},"line":76},"5":{"name":"(anonymous_5)","decl":{"start":{"line":98,"column":4},"end":{"line":98,"column":5}},"loc":{"start":{"line":98,"column":42},"end":{"line":103,"column":5}},"line":98},"6":{"name":"(anonymous_6)","decl":{"start":{"line":102,"column":33},"end":{"line":102,"column":34}},"loc":{"start":{"line":102,"column":56},"end":{"line":102,"column":107}},"line":102},"7":{"name":"(anonymous_7)","decl":{"start":{"line":104,"column":4},"end":{"line":104,"column":5}},"loc":{"start":{"line":104,"column":41},"end":{"line":114,"column":5}},"line":104},"8":{"name":"(anonymous_8)","decl":{"start":{"line":111,"column":27},"end":{"line":111,"column":28}},"loc":{"start":{"line":111,"column":37},"end":{"line":111,"column":56}},"line":111},"9":{"name":"(anonymous_9)","decl":{"start":{"line":115,"column":4},"end":{"line":115,"column":5}},"loc":{"start":{"line":115,"column":41},"end":{"line":118,"column":5}},"line":115},"10":{"name":"(anonymous_10)","decl":{"start":{"line":117,"column":27},"end":{"line":117,"column":28}},"loc":{"start":{"line":117,"column":37},"end":{"line":117,"column":61}},"line":117},"11":{"name":"(anonymous_11)","decl":{"start":{"line":119,"column":4},"end":{"line":119,"column":5}},"loc":{"start":{"line":119,"column":63},"end":{"line":147,"column":5}},"line":119},"12":{"name":"(anonymous_12)","decl":{"start":{"line":134,"column":27},"end":{"line":134,"column":28}},"loc":{"start":{"line":134,"column":37},"end":{"line":146,"column":9}},"line":134},"13":{"name":"(anonymous_13)","decl":{"start":{"line":148,"column":4},"end":{"line":148,"column":5}},"loc":{"start":{"line":148,"column":51},"end":{"line":167,"column":5}},"line":148},"14":{"name":"(anonymous_14)","decl":{"start":{"line":166,"column":27},"end":{"line":166,"column":28}},"loc":{"start":{"line":166,"column":37},"end":{"line":166,"column":69}},"line":166},"15":{"name":"(anonymous_15)","decl":{"start":{"line":168,"column":4},"end":{"line":168,"column":5}},"loc":{"start":{"line":168,"column":32},"end":{"line":181,"column":5}},"line":168},"16":{"name":"(anonymous_16)","decl":{"start":{"line":182,"column":4},"end":{"line":182,"column":5}},"loc":{"start":{"line":182,"column":30},"end":{"line":192,"column":5}},"line":182},"17":{"name":"(anonymous_17)","decl":{"start":{"line":193,"column":4},"end":{"line":193,"column":5}},"loc":{"start":{"line":193,"column":25},"end":{"line":195,"column":5}},"line":193},"18":{"name":"(anonymous_18)","decl":{"start":{"line":196,"column":4},"end":{"line":196,"column":5}},"loc":{"start":{"line":196,"column":40},"end":{"line":222,"column":5}},"line":196},"19":{"name":"(anonymous_19)","decl":{"start":{"line":223,"column":4},"end":{"line":223,"column":5}},"loc":{"start":{"line":223,"column":42},"end":{"line":258,"column":5}},"line":223},"20":{"name":"(anonymous_20)","decl":{"start":{"line":230,"column":29},"end":{"line":230,"column":30}},"loc":{"start":{"line":230,"column":39},"end":{"line":249,"column":17}},"line":230},"21":{"name":"(anonymous_21)","decl":{"start":{"line":259,"column":4},"end":{"line":259,"column":5}},"loc":{"start":{"line":259,"column":43},"end":{"line":264,"column":5}},"line":259},"22":{"name":"(anonymous_22)","decl":{"start":{"line":261,"column":33},"end":{"line":261,"column":34}},"loc":{"start":{"line":261,"column":43},"end":{"line":261,"column":83}},"line":261}},"branchMap":{"0":{"loc":{"start":{"line":13,"column":8},"end":{"line":15,"column":9}},"type":"if","locations":[{"start":{"line":13,"column":8},"end":{"line":15,"column":9}},{"start":{"line":13,"column":8},"end":{"line":15,"column":9}}],"line":13},"1":{"loc":{"start":{"line":13,"column":12},"end":{"line":13,"column":79}},"type":"binary-expr","locations":[{"start":{"line":13,"column":12},"end":{"line":13,"column":37}},{"start":{"line":13,"column":41},"end":{"line":13,"column":55}},{"start":{"line":13,"column":59},"end":{"line":13,"column":79}}],"line":13},"2":{"loc":{"start":{"line":16,"column":8},"end":{"line":18,"column":9}},"type":"if","locations":[{"start":{"line":16,"column":8},"end":{"line":18,"column":9}},{"start":{"line":16,"column":8},"end":{"line":18,"column":9}}],"line":16},"3":{"loc":{"start":{"line":16,"column":12},"end":{"line":16,"column":56}},"type":"binary-expr","locations":[{"start":{"line":16,"column":12},"end":{"line":16,"column":31}},{"start":{"line":16,"column":35},"end":{"line":16,"column":56}}],"line":16},"4":{"loc":{"start":{"line":19,"column":8},"end":{"line":21,"column":9}},"type":"if","locations":[{"start":{"line":19,"column":8},"end":{"line":21,"column":9}},{"start":{"line":19,"column":8},"end":{"line":21,"column":9}}],"line":19},"5":{"loc":{"start":{"line":19,"column":12},"end":{"line":19,"column":97}},"type":"binary-expr","locations":[{"start":{"line":19,"column":12},"end":{"line":19,"column":43}},{"start":{"line":19,"column":47},"end":{"line":19,"column":67}},{"start":{"line":19,"column":71},"end":{"line":19,"column":97}}],"line":19},"6":{"loc":{"start":{"line":22,"column":8},"end":{"line":24,"column":9}},"type":"if","locations":[{"start":{"line":22,"column":8},"end":{"line":24,"column":9}},{"start":{"line":22,"column":8},"end":{"line":24,"column":9}}],"line":22},"7":{"loc":{"start":{"line":22,"column":12},"end":{"line":22,"column":103}},"type":"binary-expr","locations":[{"start":{"line":22,"column":12},"end":{"line":22,"column":45}},{"start":{"line":22,"column":49},"end":{"line":22,"column":71}},{"start":{"line":22,"column":75},"end":{"line":22,"column":103}}],"line":22},"8":{"loc":{"start":{"line":25,"column":8},"end":{"line":27,"column":9}},"type":"if","locations":[{"start":{"line":25,"column":8},"end":{"line":27,"column":9}},{"start":{"line":25,"column":8},"end":{"line":27,"column":9}}],"line":25},"9":{"loc":{"start":{"line":28,"column":8},"end":{"line":30,"column":9}},"type":"if","locations":[{"start":{"line":28,"column":8},"end":{"line":30,"column":9}},{"start":{"line":28,"column":8},"end":{"line":30,"column":9}}],"line":28},"10":{"loc":{"start":{"line":28,"column":12},"end":{"line":28,"column":87}},"type":"binary-expr","locations":[{"start":{"line":28,"column":12},"end":{"line":28,"column":49}},{"start":{"line":28,"column":53},"end":{"line":28,"column":87}}],"line":28},"11":{"loc":{"start":{"line":37,"column":12},"end":{"line":39,"column":13}},"type":"if","locations":[{"start":{"line":37,"column":12},"end":{"line":39,"column":13}},{"start":{"line":37,"column":12},"end":{"line":39,"column":13}}],"line":37},"12":{"loc":{"start":{"line":44,"column":8},"end":{"line":46,"column":9}},"type":"if","locations":[{"start":{"line":44,"column":8},"end":{"line":46,"column":9}},{"start":{"line":44,"column":8},"end":{"line":46,"column":9}}],"line":44},"13":{"loc":{"start":{"line":50,"column":8},"end":{"line":52,"column":9}},"type":"if","locations":[{"start":{"line":50,"column":8},"end":{"line":52,"column":9}},{"start":{"line":50,"column":8},"end":{"line":52,"column":9}}],"line":50},"14":{"loc":{"start":{"line":54,"column":8},"end":{"line":74,"column":9}},"type":"if","locations":[{"start":{"line":54,"column":8},"end":{"line":74,"column":9}},{"start":{"line":54,"column":8},"end":{"line":74,"column":9}}],"line":54},"15":{"loc":{"start":{"line":56,"column":12},"end":{"line":58,"column":13}},"type":"if","locations":[{"start":{"line":56,"column":12},"end":{"line":58,"column":13}},{"start":{"line":56,"column":12},"end":{"line":58,"column":13}}],"line":56},"16":{"loc":{"start":{"line":56,"column":16},"end":{"line":56,"column":69}},"type":"binary-expr","locations":[{"start":{"line":56,"column":16},"end":{"line":56,"column":42}},{"start":{"line":56,"column":46},"end":{"line":56,"column":69}}],"line":56},"17":{"loc":{"start":{"line":63,"column":13},"end":{"line":74,"column":9}},"type":"if","locations":[{"start":{"line":63,"column":13},"end":{"line":74,"column":9}},{"start":{"line":63,"column":13},"end":{"line":74,"column":9}}],"line":63},"18":{"loc":{"start":{"line":66,"column":13},"end":{"line":74,"column":9}},"type":"if","locations":[{"start":{"line":66,"column":13},"end":{"line":74,"column":9}},{"start":{"line":66,"column":13},"end":{"line":74,"column":9}}],"line":66},"19":{"loc":{"start":{"line":77,"column":8},"end":{"line":79,"column":9}},"type":"if","locations":[{"start":{"line":77,"column":8},"end":{"line":79,"column":9}},{"start":{"line":77,"column":8},"end":{"line":79,"column":9}}],"line":77},"20":{"loc":{"start":{"line":81,"column":8},"end":{"line":96,"column":9}},"type":"switch","locations":[{"start":{"line":82,"column":12},"end":{"line":83,"column":66}},{"start":{"line":84,"column":12},"end":{"line":85,"column":65}},{"start":{"line":86,"column":12},"end":{"line":87,"column":66}},{"start":{"line":88,"column":12},"end":{"line":88,"column":22}},{"start":{"line":89,"column":12},"end":{"line":89,"column":22}},{"start":{"line":90,"column":12},"end":{"line":91,"column":79}},{"start":{"line":92,"column":12},"end":{"line":93,"column":74}},{"start":{"line":94,"column":12},"end":{"line":95,"column":81}}],"line":81},"21":{"loc":{"start":{"line":99,"column":8},"end":{"line":101,"column":9}},"type":"if","locations":[{"start":{"line":99,"column":8},"end":{"line":101,"column":9}},{"start":{"line":99,"column":8},"end":{"line":101,"column":9}}],"line":99},"22":{"loc":{"start":{"line":99,"column":12},"end":{"line":99,"column":65}},"type":"binary-expr","locations":[{"start":{"line":99,"column":12},"end":{"line":99,"column":38}},{"start":{"line":99,"column":42},"end":{"line":99,"column":65}}],"line":99},"23":{"loc":{"start":{"line":105,"column":8},"end":{"line":107,"column":9}},"type":"if","locations":[{"start":{"line":105,"column":8},"end":{"line":107,"column":9}},{"start":{"line":105,"column":8},"end":{"line":107,"column":9}}],"line":105},"24":{"loc":{"start":{"line":105,"column":12},"end":{"line":105,"column":65}},"type":"binary-expr","locations":[{"start":{"line":105,"column":12},"end":{"line":105,"column":38}},{"start":{"line":105,"column":42},"end":{"line":105,"column":65}}],"line":105},"25":{"loc":{"start":{"line":122,"column":8},"end":{"line":124,"column":9}},"type":"if","locations":[{"start":{"line":122,"column":8},"end":{"line":124,"column":9}},{"start":{"line":122,"column":8},"end":{"line":124,"column":9}}],"line":122},"26":{"loc":{"start":{"line":126,"column":8},"end":{"line":128,"column":9}},"type":"if","locations":[{"start":{"line":126,"column":8},"end":{"line":128,"column":9}},{"start":{"line":126,"column":8},"end":{"line":128,"column":9}}],"line":126},"27":{"loc":{"start":{"line":130,"column":8},"end":{"line":132,"column":9}},"type":"if","locations":[{"start":{"line":130,"column":8},"end":{"line":132,"column":9}},{"start":{"line":130,"column":8},"end":{"line":132,"column":9}}],"line":130},"28":{"loc":{"start":{"line":136,"column":12},"end":{"line":145,"column":13}},"type":"switch","locations":[{"start":{"line":137,"column":16},"end":{"line":138,"column":45}},{"start":{"line":139,"column":16},"end":{"line":140,"column":45}},{"start":{"line":141,"column":16},"end":{"line":142,"column":47}},{"start":{"line":143,"column":16},"end":{"line":144,"column":83}}],"line":136},"29":{"loc":{"start":{"line":151,"column":8},"end":{"line":153,"column":9}},"type":"if","locations":[{"start":{"line":151,"column":8},"end":{"line":153,"column":9}},{"start":{"line":151,"column":8},"end":{"line":153,"column":9}}],"line":151},"30":{"loc":{"start":{"line":155,"column":8},"end":{"line":157,"column":9}},"type":"if","locations":[{"start":{"line":155,"column":8},"end":{"line":157,"column":9}},{"start":{"line":155,"column":8},"end":{"line":157,"column":9}}],"line":155},"31":{"loc":{"start":{"line":159,"column":8},"end":{"line":161,"column":9}},"type":"if","locations":[{"start":{"line":159,"column":8},"end":{"line":161,"column":9}},{"start":{"line":159,"column":8},"end":{"line":161,"column":9}}],"line":159},"32":{"loc":{"start":{"line":162,"column":8},"end":{"line":164,"column":9}},"type":"if","locations":[{"start":{"line":162,"column":8},"end":{"line":164,"column":9}},{"start":{"line":162,"column":8},"end":{"line":164,"column":9}}],"line":162},"33":{"loc":{"start":{"line":171,"column":8},"end":{"line":173,"column":9}},"type":"if","locations":[{"start":{"line":171,"column":8},"end":{"line":173,"column":9}},{"start":{"line":171,"column":8},"end":{"line":173,"column":9}}],"line":171},"34":{"loc":{"start":{"line":175,"column":8},"end":{"line":177,"column":9}},"type":"if","locations":[{"start":{"line":175,"column":8},"end":{"line":177,"column":9}},{"start":{"line":175,"column":8},"end":{"line":177,"column":9}}],"line":175},"35":{"loc":{"start":{"line":185,"column":8},"end":{"line":187,"column":9}},"type":"if","locations":[{"start":{"line":185,"column":8},"end":{"line":187,"column":9}},{"start":{"line":185,"column":8},"end":{"line":187,"column":9}}],"line":185},"36":{"loc":{"start":{"line":185,"column":12},"end":{"line":185,"column":85}},"type":"binary-expr","locations":[{"start":{"line":185,"column":12},"end":{"line":185,"column":29}},{"start":{"line":185,"column":33},"end":{"line":185,"column":49}},{"start":{"line":185,"column":53},"end":{"line":185,"column":85}}],"line":185},"37":{"loc":{"start":{"line":188,"column":8},"end":{"line":190,"column":9}},"type":"if","locations":[{"start":{"line":188,"column":8},"end":{"line":190,"column":9}},{"start":{"line":188,"column":8},"end":{"line":190,"column":9}}],"line":188},"38":{"loc":{"start":{"line":200,"column":12},"end":{"line":202,"column":13}},"type":"if","locations":[{"start":{"line":200,"column":12},"end":{"line":202,"column":13}},{"start":{"line":200,"column":12},"end":{"line":202,"column":13}}],"line":200},"39":{"loc":{"start":{"line":215,"column":12},"end":{"line":217,"column":13}},"type":"if","locations":[{"start":{"line":215,"column":12},"end":{"line":217,"column":13}},{"start":{"line":215,"column":12},"end":{"line":217,"column":13}}],"line":215},"40":{"loc":{"start":{"line":224,"column":8},"end":{"line":257,"column":9}},"type":"if","locations":[{"start":{"line":224,"column":8},"end":{"line":257,"column":9}},{"start":{"line":224,"column":8},"end":{"line":257,"column":9}}],"line":224},"41":{"loc":{"start":{"line":226,"column":12},"end":{"line":256,"column":13}},"type":"if","locations":[{"start":{"line":226,"column":12},"end":{"line":256,"column":13}},{"start":{"line":226,"column":12},"end":{"line":256,"column":13}}],"line":226},"42":{"loc":{"start":{"line":227,"column":16},"end":{"line":229,"column":17}},"type":"if","locations":[{"start":{"line":227,"column":16},"end":{"line":229,"column":17}},{"start":{"line":227,"column":16},"end":{"line":229,"column":17}}],"line":227},"43":{"loc":{"start":{"line":231,"column":20},"end":{"line":248,"column":21}},"type":"if","locations":[{"start":{"line":231,"column":20},"end":{"line":248,"column":21}},{"start":{"line":231,"column":20},"end":{"line":248,"column":21}}],"line":231},"44":{"loc":{"start":{"line":234,"column":25},"end":{"line":248,"column":21}},"type":"if","locations":[{"start":{"line":234,"column":25},"end":{"line":248,"column":21}},{"start":{"line":234,"column":25},"end":{"line":248,"column":21}}],"line":234},"45":{"loc":{"start":{"line":239,"column":24},"end":{"line":247,"column":25}},"type":"if","locations":[{"start":{"line":239,"column":24},"end":{"line":247,"column":25}},{"start":{"line":239,"column":24},"end":{"line":247,"column":25}}],"line":239},"46":{"loc":{"start":{"line":242,"column":29},"end":{"line":247,"column":25}},"type":"if","locations":[{"start":{"line":242,"column":29},"end":{"line":247,"column":25}},{"start":{"line":242,"column":29},"end":{"line":247,"column":25}}],"line":242},"47":{"loc":{"start":{"line":251,"column":17},"end":{"line":256,"column":13}},"type":"if","locations":[{"start":{"line":251,"column":17},"end":{"line":256,"column":13}},{"start":{"line":251,"column":17},"end":{"line":256,"column":13}}],"line":251}},"s":{"0":1,"1":1,"2":1,"3":21,"4":21,"5":21,"6":1,"7":20,"8":2,"9":18,"10":1,"11":17,"12":0,"13":17,"14":1,"15":16,"16":0,"17":16,"18":16,"19":16,"20":16,"21":26,"22":0,"23":26,"24":26,"25":16,"26":11,"27":0,"28":11,"29":25,"30":0,"31":25,"32":25,"33":5,"34":5,"35":1,"36":4,"37":8,"38":20,"39":1,"40":19,"41":15,"42":15,"43":15,"44":15,"45":4,"46":19,"47":0,"48":19,"49":19,"50":4,"51":0,"52":0,"53":7,"54":8,"55":0,"56":4,"57":0,"58":4,"59":8,"60":0,"61":0,"62":0,"63":0,"64":0,"65":0,"66":0,"67":0,"68":0,"69":0,"70":0,"71":7,"72":7,"73":7,"74":0,"75":7,"76":7,"77":0,"78":7,"79":7,"80":0,"81":7,"82":7,"83":452284,"84":452284,"85":0,"86":452284,"87":0,"88":0,"89":8,"90":8,"91":8,"92":0,"93":8,"94":8,"95":0,"96":8,"97":8,"98":1,"99":7,"100":3,"101":4,"102":4,"103":646,"104":646,"105":646,"106":646,"107":135,"108":646,"109":646,"110":50,"111":646,"112":646,"113":646,"114":7,"115":7,"116":7,"117":2,"118":5,"119":1,"120":4,"121":646,"122":64683,"123":64683,"124":129365,"125":129365,"126":0,"127":129365,"128":129365,"129":1,"130":129364,"131":129364,"132":64682,"133":6,"134":2,"135":2,"136":2,"137":0,"138":2,"139":894271,"140":455290,"141":438981,"142":284192,"143":154789,"144":154789,"145":7059,"146":147730,"147":112207,"148":35523,"149":0,"150":0,"151":0,"152":7,"153":7,"154":64683,"155":6,"156":6,"157":1},"f":{"0":21,"1":21,"2":16,"3":25,"4":19,"5":4,"6":8,"7":0,"8":0,"9":0,"10":0,"11":7,"12":452284,"13":8,"14":646,"15":646,"16":7,"17":646,"18":64683,"19":6,"20":894271,"21":7,"22":64683},"b":{"0":[1,20],"1":[21,21,20],"2":[2,18],"3":[20,18],"4":[1,17],"5":[18,18,17],"6":[0,17],"7":[17,17,17],"8":[1,16],"9":[0,16],"10":[16,16],"11":[0,26],"12":[0,11],"13":[0,25],"14":[5,20],"15":[1,4],"16":[5,4],"17":[1,19],"18":[15,4],"19":[0,19],"20":[4,0,0,0,7,7,8,0],"21":[0,4],"22":[4,4],"23":[0,0],"24":[0,0],"25":[0,7],"26":[0,7],"27":[0,7],"28":[0,452284,0,0],"29":[0,8],"30":[0,8],"31":[1,7],"32":[3,4],"33":[135,511],"34":[50,596],"35":[2,5],"36":[7,6,3],"37":[1,4],"38":[0,129365],"39":[1,129364],"40":[2,4],"41":[2,0],"42":[0,2],"43":[455290,438981],"44":[284192,154789],"45":[7059,147730],"46":[112207,35523],"47":[0,0]},"inputSourceMap":{"version":3,"file":"/Users/yasuiyuri/project_team058/src/controller/QueryHelper.ts","sources":["/Users/yasuiyuri/project_team058/src/controller/QueryHelper.ts"],"names":[],"mappings":";;;AAEA,qDAA+D;AAO/D,MAAa,WAAW;IACf,kBAAkB,CAAW;IAC7B,QAAQ,CAAyB;IAEzC,YAAY,kBAA4B,EAAE,QAAgC;QACzE,IAAI,CAAC,kBAAkB,GAAG,kBAAkB,CAAC;QAC7C,IAAI,CAAC,QAAQ,GAAG,QAAQ,CAAC;IAC1B,CAAC;IAEM,eAAe,CAAC,KAAU;QAChC,IAAI,OAAO,KAAK,KAAK,QAAQ,IAAI,KAAK,KAAK,IAAI,IAAI,KAAK,CAAC,OAAO,CAAC,KAAK,CAAC,EAAE;YACxE,MAAM,IAAI,6BAAY,CAAC,kCAAkC,CAAC,CAAC;SAC3D;QACD,IAAI,CAAC,CAAC,OAAO,IAAI,KAAK,CAAC,IAAI,CAAC,CAAC,SAAS,IAAI,KAAK,CAAC,EAAE;YACjD,MAAM,IAAI,6BAAY,CAAC,mDAAmD,CAAC,CAAC;SAC5E;QACD,IAAI,OAAO,KAAK,CAAC,KAAK,KAAK,QAAQ,IAAI,KAAK,CAAC,KAAK,KAAK,IAAI,IAAI,KAAK,CAAC,OAAO,CAAC,KAAK,CAAC,KAAK,CAAC,EAAE;YAC1F,MAAM,IAAI,6BAAY,CAAC,kCAAkC,CAAC,CAAC;SAC3D;QACD,IAAI,OAAO,KAAK,CAAC,OAAO,KAAK,QAAQ,IAAI,KAAK,CAAC,OAAO,KAAK,IAAI,IAAI,KAAK,CAAC,OAAO,CAAC,KAAK,CAAC,OAAO,CAAC,EAAE;YAChG,MAAM,IAAI,6BAAY,CAAC,oCAAoC,CAAC,CAAC;SAC7D;QACD,IAAI,CAAC,CAAC,SAAS,IAAI,KAAK,CAAC,OAAO,CAAC,EAAE;YAClC,MAAM,IAAI,6BAAY,CAAC,+BAA+B,CAAC,CAAC;SACxD;QACD,IAAI,CAAC,KAAK,CAAC,OAAO,CAAC,KAAK,CAAC,OAAO,CAAC,OAAO,CAAC,IAAI,KAAK,CAAC,OAAO,CAAC,OAAO,CAAC,MAAM,KAAK,CAAC,EAAE;YAChF,MAAM,IAAI,6BAAY,CAAC,oCAAoC,CAAC,CAAC;SAC7D;QAED,OAAO,IAAI,CAAC;IACb,CAAC;IAEM,qBAAqB,CAAC,KAAU;QACtC,MAAM,UAAU,GAAG,IAAI,GAAG,EAAU,CAAC;QAGrC,MAAM,OAAO,GAAG,KAAK,CAAC,OAAO,CAAC,OAAO,CAAC;QACtC,KAAK,MAAM,GAAG,IAAI,OAAO,EAAE;YAC1B,IAAI,OAAO,GAAG,KAAK,QAAQ,EAAE;gBAC5B,MAAM,IAAI,6BAAY,CAAC,+BAA+B,CAAC,CAAC;aACxD;YACD,MAAM,CAAC,EAAE,CAAC,GAAG,GAAG,CAAC,KAAK,CAAC,GAAG,CAAC,CAAC;YAC5B,UAAU,CAAC,GAAG,CAAC,EAAE,CAAC,CAAC;SACnB;QAGD,IAAI,CAAC,0BAA0B,CAAC,KAAK,CAAC,KAAK,EAAE,UAAU,CAAC,CAAC;QAEzD,IAAI,UAAU,CAAC,IAAI,KAAK,CAAC,EAAE;YAC1B,MAAM,IAAI,6BAAY,CAAC,qCAAqC,CAAC,CAAC;SAC9D;QAED,OAAO,UAAU,CAAC,MAAM,EAAE,CAAC,IAAI,EAAE,CAAC,KAAK,CAAC;IACzC,CAAC;IAEO,0BAA0B,CAAC,KAAU,EAAE,UAAuB;QACrE,IAAI,MAAM,CAAC,IAAI,CAAC,KAAK,CAAC,CAAC,MAAM,KAAK,CAAC,EAAE;YACpC,OAAO;SACP;QAED,MAAM,GAAG,GAAG,MAAM,CAAC,IAAI,CAAC,KAAK,CAAC,CAAC,CAAC,CAAC,CAAC;QAClC,IAAI,CAAC,KAAK,EAAE,IAAI,CAAC,CAAC,QAAQ,CAAC,GAAG,CAAC,EAAE;YAChC,MAAM,UAAU,GAAG,KAAK,CAAC,GAAG,CAAC,CAAC;YAC9B,IAAI,CAAC,KAAK,CAAC,OAAO,CAAC,UAAU,CAAC,IAAI,UAAU,CAAC,MAAM,KAAK,CAAC,EAAE;gBAC1D,MAAM,IAAI,6BAAY,CAAC,GAAG,GAAG,6BAA6B,CAAC,CAAC;aAC5D;YACD,KAAK,MAAM,SAAS,IAAI,UAAU,EAAE;gBACnC,IAAI,CAAC,0BAA0B,CAAC,SAAS,EAAE,UAAU,CAAC,CAAC;aACvD;SACD;aAAM,IAAI,GAAG,KAAK,KAAK,EAAE;YACzB,IAAI,CAAC,0BAA0B,CAAC,KAAK,CAAC,GAAG,CAAC,EAAE,UAAU,CAAC,CAAC;SACxD;aAAM,IAAI,CAAC,IAAI,EAAE,IAAI,EAAE,IAAI,EAAE,IAAI,CAAC,CAAC,QAAQ,CAAC,GAAG,CAAC,EAAE;YAClD,MAAM,UAAU,GAAG,KAAK,CAAC,GAAG,CAAC,CAAC;YAC9B,MAAM,OAAO,GAAG,MAAM,CAAC,IAAI,CAAC,UAAU,CAAC,CAAC,CAAC,CAAC,CAAC;YAC3C,MAAM,CAAC,EAAE,CAAC,GAAG,OAAO,CAAC,KAAK,CAAC,GAAG,CAAC,CAAC;YAChC,UAAU,CAAC,GAAG,CAAC,EAAE,CAAC,CAAC;SACnB;aAAM;YACN,MAAM,IAAI,6BAAY,CAAC,uBAAuB,CAAC,CAAC;SAChD;IACF,CAAC;IAEM,gBAAgB,CAAC,IAAe,EAAE,KAAU,EAAE,SAAiB;QACrE,IAAI,MAAM,CAAC,IAAI,CAAC,KAAK,CAAC,CAAC,MAAM,KAAK,CAAC,EAAE;YACpC,OAAO,IAAI,CAAC;SACZ;QAED,MAAM,GAAG,GAAG,MAAM,CAAC,IAAI,CAAC,KAAK,CAAC,CAAC,CAAC,CAAC,CAAC;QAClC,QAAQ,GAAG,EAAE;YACZ,KAAK,KAAK;gBACT,OAAO,IAAI,CAAC,QAAQ,CAAC,IAAI,EAAE,KAAK,CAAC,GAAG,CAAC,EAAE,SAAS,CAAC,CAAC;YACnD,KAAK,IAAI;gBACR,OAAO,IAAI,CAAC,OAAO,CAAC,IAAI,EAAE,KAAK,CAAC,GAAG,CAAC,EAAE,SAAS,CAAC,CAAC;YAClD,KAAK,KAAK;gBACT,OAAO,IAAI,CAAC,QAAQ,CAAC,IAAI,EAAE,KAAK,CAAC,GAAG,CAAC,EAAE,SAAS,CAAC,CAAC;YACnD,KAAK,IAAI,CAAC;YACV,KAAK,IAAI,CAAC;YACV,KAAK,IAAI;gBACR,OAAO,IAAI,CAAC,gBAAgB,CAAC,IAAI,EAAE,GAAG,EAAE,KAAK,CAAC,GAAG,CAAC,EAAE,SAAS,CAAC,CAAC;YAChE,KAAK,IAAI;gBACR,OAAO,IAAI,CAAC,gBAAgB,CAAC,IAAI,EAAE,KAAK,CAAC,GAAG,CAAC,EAAE,SAAS,CAAC,CAAC;YAC3D;gBACC,MAAM,IAAI,6BAAY,CAAC,uBAAuB,CAAC,CAAC;SACjD;IACF,CAAC;IAEO,QAAQ,CAAC,IAAe,EAAE,UAAiB,EAAE,SAAiB;QACrE,IAAI,CAAC,KAAK,CAAC,OAAO,CAAC,UAAU,CAAC,IAAI,UAAU,CAAC,MAAM,KAAK,CAAC,EAAE;YAC1D,MAAM,IAAI,6BAAY,CAAC,2CAA2C,CAAC,CAAC;SACpE;QACD,OAAO,UAAU,CAAC,MAAM,CAAC,CAAC,MAAM,EAAE,SAAS,EAAE,EAAE,CAAC,IAAI,CAAC,gBAAgB,CAAC,MAAM,EAAE,SAAS,EAAE,SAAS,CAAC,EAAE,IAAI,CAAC,CAAC;IAC5G,CAAC;IAEO,OAAO,CAAC,IAAe,EAAE,UAAiB,EAAE,SAAiB;QACpE,IAAI,CAAC,KAAK,CAAC,OAAO,CAAC,UAAU,CAAC,IAAI,UAAU,CAAC,MAAM,KAAK,CAAC,EAAE;YAC1D,MAAM,IAAI,6BAAY,CAAC,0CAA0C,CAAC,CAAC;SACnE;QACD,MAAM,SAAS,GAAG,IAAI,GAAG,EAAW,CAAC;QACrC,KAAK,MAAM,SAAS,IAAI,UAAU,EAAE;YACnC,MAAM,MAAM,GAAG,IAAI,CAAC,gBAAgB,CAAC,IAAI,EAAE,SAAS,EAAE,SAAS,CAAC,CAAC;YACjE,MAAM,CAAC,OAAO,CAAC,CAAC,IAAI,EAAE,EAAE,CAAC,SAAS,CAAC,GAAG,CAAC,IAAI,CAAC,CAAC,CAAC;SAC9C;QACD,OAAO,KAAK,CAAC,IAAI,CAAC,SAAS,CAAC,CAAC;IAC9B,CAAC;IAEO,QAAQ,CAAC,IAAe,EAAE,SAAc,EAAE,SAAiB;QAClE,MAAM,QAAQ,GAAG,IAAI,CAAC,gBAAgB,CAAC,IAAI,EAAE,SAAS,EAAE,SAAS,CAAC,CAAC;QACnE,OAAO,IAAI,CAAC,MAAM,CAAC,CAAC,IAAI,EAAE,EAAE,CAAC,CAAC,QAAQ,CAAC,QAAQ,CAAC,IAAI,CAAC,CAAC,CAAC;IACxD,CAAC;IAEO,gBAAgB,CAAC,IAAe,EAAE,UAAkB,EAAE,WAAgB,EAAE,SAAiB;QAChG,MAAM,IAAI,GAAG,MAAM,CAAC,IAAI,CAAC,WAAW,CAAC,CAAC,CAAC,CAAC,CAAC;QACzC,MAAM,KAAK,GAAG,WAAW,CAAC,IAAI,CAAC,CAAC;QAChC,IAAI,OAAO,KAAK,KAAK,QAAQ,EAAE;YAC9B,MAAM,IAAI,6BAAY,CAAC,qCAAqC,CAAC,CAAC;SAC9D;QAED,MAAM,CAAC,EAAE,EAAE,QAAQ,CAAC,GAAG,IAAI,CAAC,KAAK,CAAC,GAAG,CAAC,CAAC;QACvC,IAAI,EAAE,KAAK,SAAS,EAAE;YACrB,MAAM,IAAI,6BAAY,CAAC,qDAAqD,CAAC,CAAC;SAC9E;QAED,MAAM,WAAW,GAA0B,CAAC,KAAK,EAAE,MAAM,EAAE,MAAM,EAAE,OAAO,EAAE,MAAM,CAAC,CAAC;QACpF,IAAI,CAAC,WAAW,CAAC,QAAQ,CAAC,QAA+B,CAAC,EAAE;YAC3D,MAAM,IAAI,6BAAY,CAAC,+BAA+B,CAAC,CAAC;SACxD;QAED,MAAM,KAAK,GAAG,QAA+B,CAAC;QAE9C,OAAO,IAAI,CAAC,MAAM,CAAC,CAAC,IAAI,EAAE,EAAE;YAC3B,MAAM,SAAS,GAAG,IAAI,CAAC,KAAK,CAAC,CAAC;YAC9B,QAAQ,UAAU,EAAE;gBACnB,KAAK,IAAI;oBACR,OAAO,SAAS,GAAG,KAAK,CAAC;gBAC1B,KAAK,IAAI;oBACR,OAAO,SAAS,GAAG,KAAK,CAAC;gBAC1B,KAAK,IAAI;oBACR,OAAO,SAAS,KAAK,KAAK,CAAC;gBAC5B;oBACC,MAAM,IAAI,6BAAY,CAAC,qBAAqB,CAAC,CAAC;aAC/C;QACF,CAAC,CAAC,CAAC;IACJ,CAAC;IAEO,gBAAgB,CAAC,IAAe,EAAE,WAAgB,EAAE,SAAiB;QAC5E,MAAM,IAAI,GAAG,MAAM,CAAC,IAAI,CAAC,WAAW,CAAC,CAAC,CAAC,CAAC,CAAC;QACzC,MAAM,KAAK,GAAG,WAAW,CAAC,IAAI,CAAC,CAAC;QAChC,IAAI,OAAO,KAAK,KAAK,QAAQ,EAAE;YAC9B,MAAM,IAAI,6BAAY,CAAC,qCAAqC,CAAC,CAAC;SAC9D;QAED,MAAM,CAAC,EAAE,EAAE,QAAQ,CAAC,GAAG,IAAI,CAAC,KAAK,CAAC,GAAG,CAAC,CAAC;QACvC,IAAI,EAAE,KAAK,SAAS,EAAE;YACrB,MAAM,IAAI,6BAAY,CAAC,qDAAqD,CAAC,CAAC;SAC9E;QAED,MAAM,WAAW,GAAyB,CAAC,MAAM,EAAE,IAAI,EAAE,YAAY,EAAE,OAAO,EAAE,MAAM,CAAC,CAAC;QACxF,IAAI,CAAC,WAAW,CAAC,QAAQ,CAAC,QAA8B,CAAC,EAAE;YAC1D,MAAM,IAAI,6BAAY,CAAC,+BAA+B,CAAC,CAAC;SACxD;QAED,IAAI,IAAI,CAAC,gBAAgB,CAAC,KAAK,CAAC,EAAE;YACjC,MAAM,IAAI,6BAAY,CAAC,+BAA+B,CAAC,CAAC;SACxD;QAED,MAAM,KAAK,GAAG,QAA8B,CAAC;QAE7C,OAAO,IAAI,CAAC,MAAM,CAAC,CAAC,IAAI,EAAE,EAAE,CAAC,IAAI,CAAC,OAAO,CAAC,IAAI,CAAC,KAAK,CAAC,EAAE,KAAK,CAAC,CAAC,CAAC;IAChE,CAAC;IAEO,OAAO,CAAC,SAAiB,EAAE,OAAe;QAEjD,IAAI,WAAW,GAAG,GAAG,CAAC;QACtB,MAAM,cAAc,GAAG,IAAI,CAAC,YAAY,CAAC,OAAO,CAAC,OAAO,CAAC,KAAK,EAAE,EAAE,CAAC,CAAC,CAAC;QACrE,IAAI,OAAO,CAAC,UAAU,CAAC,GAAG,CAAC,EAAE;YAC5B,WAAW,IAAI,IAAI,CAAC;SACpB;QACD,WAAW,IAAI,cAAc,CAAC;QAC9B,IAAI,OAAO,CAAC,QAAQ,CAAC,GAAG,CAAC,EAAE;YAC1B,WAAW,IAAI,IAAI,CAAC;SACpB;QACD,WAAW,IAAI,GAAG,CAAC;QACnB,MAAM,KAAK,GAAG,IAAI,MAAM,CAAC,WAAW,CAAC,CAAC;QACtC,OAAO,KAAK,CAAC,IAAI,CAAC,SAAS,CAAC,CAAC;IAC9B,CAAC;IAEO,gBAAgB,CAAC,OAAe;QACvC,MAAM,UAAU,GAAG,OAAO,CAAC,OAAO,CAAC,GAAG,CAAC,CAAC;QACxC,MAAM,SAAS,GAAG,OAAO,CAAC,WAAW,CAAC,GAAG,CAAC,CAAC;QAC3C,IAAI,UAAU,KAAK,CAAC,CAAC,IAAI,UAAU,KAAK,CAAC,IAAI,SAAS,KAAK,OAAO,CAAC,MAAM,GAAG,CAAC,EAAE;YAE9E,OAAO,IAAI,CAAC;SACZ;QACD,IAAI,OAAO,CAAC,KAAK,CAAC,CAAC,EAAE,CAAC,CAAC,CAAC,CAAC,QAAQ,CAAC,GAAG,CAAC,EAAE;YAEvC,OAAO,IAAI,CAAC;SACZ;QACD,OAAO,KAAK,CAAC;IACd,CAAC;IAEO,YAAY,CAAC,MAAc;QAClC,OAAO,MAAM,CAAC,OAAO,CAAC,qBAAqB,EAAE,MAAM,CAAC,CAAC;IACtD,CAAC;IAEO,SAAS,CAAC,IAAa,EAAE,OAAiB,EAAE,SAAiB;QACpE,MAAM,MAAM,GAAQ,EAAE,CAAC;QACvB,KAAK,MAAM,GAAG,IAAI,OAAO,EAAE;YAC1B,MAAM,CAAC,EAAE,EAAE,QAAQ,CAAC,GAAG,GAAG,CAAC,KAAK,CAAC,GAAG,CAAC,CAAC;YACtC,IAAI,EAAE,KAAK,SAAS,EAAE;gBACrB,MAAM,IAAI,6BAAY,CAAC,+CAA+C,CAAC,CAAC;aACxE;YAED,MAAM,WAAW,GAAsB;gBACtC,MAAM;gBACN,IAAI;gBACJ,OAAO;gBACP,YAAY;gBACZ,MAAM;gBACN,MAAM;gBACN,KAAK;gBACL,MAAM;gBACN,MAAM;gBACN,OAAO;aACP,CAAC;YAEF,IAAI,CAAC,WAAW,CAAC,QAAQ,CAAC,QAAyB,CAAC,EAAE;gBACrD,MAAM,IAAI,6BAAY,CAAC,2BAA2B,CAAC,CAAC;aACpD;YAED,MAAM,KAAK,GAAG,QAAyB,CAAC;YACxC,MAAM,CAAC,GAAG,CAAC,GAAG,IAAI,CAAC,KAAK,CAAC,CAAC;SAC1B;QACD,OAAO,MAAM,CAAC;IACf,CAAC;IAEO,UAAU,CAAC,OAAwB,EAAE,OAAY,EAAE,OAAiB;QAC3E,IAAI,OAAO,IAAI,OAAO,EAAE;YACvB,MAAM,KAAK,GAAG,OAAO,CAAC,KAAK,CAAC;YAC5B,IAAI,OAAO,KAAK,KAAK,QAAQ,EAAE;gBAC9B,IAAI,CAAC,OAAO,CAAC,QAAQ,CAAC,KAAK,CAAC,EAAE;oBAC7B,MAAM,IAAI,6BAAY,CAAC,+BAA+B,CAAC,CAAC;iBACxD;gBACD,OAAO,CAAC,IAAI,CAAC,CAAC,CAAC,EAAE,CAAC,EAAE,EAAE;oBACrB,IAAI,CAAC,CAAC,KAAK,CAAC,GAAG,CAAC,CAAC,KAAK,CAAC,EAAE;wBACxB,OAAO,CAAC,CAAC,CAAC;qBACV;yBAAM,IAAI,CAAC,CAAC,KAAK,CAAC,GAAG,CAAC,CAAC,KAAK,CAAC,EAAE;wBAC/B,OAAO,CAAC,CAAC;qBACT;yBAAM;wBAEN,MAAM,YAAY,GAAG,eAAe,CAAC;wBACrC,IAAI,CAAC,CAAC,YAAY,CAAC,GAAG,CAAC,CAAC,YAAY,CAAC,EAAE;4BACtC,OAAO,CAAC,CAAC,CAAC;yBACV;6BAAM,IAAI,CAAC,CAAC,YAAY,CAAC,GAAG,CAAC,CAAC,YAAY,CAAC,EAAE;4BAC7C,OAAO,CAAC,CAAC;yBACT;6BAAM;4BACN,OAAO,CAAC,CAAC;yBACT;qBACD;gBACF,CAAC,CAAC,CAAC;aACH;iBAAM,IAAI,OAAO,KAAK,KAAK,QAAQ,EAAE;gBAErC,MAAM,IAAI,6BAAY,CAAC,gCAAgC,CAAC,CAAC;aACzD;iBAAM;gBACN,MAAM,IAAI,6BAAY,CAAC,gBAAgB,CAAC,CAAC;aACzC;SACD;IACF,CAAC;IAEM,YAAY,CAAC,IAAe,EAAE,OAAY,EAAE,SAAiB;QACnE,MAAM,OAAO,GAAG,OAAO,CAAC,OAAO,CAAC;QAChC,MAAM,OAAO,GAAG,IAAI,CAAC,GAAG,CAAC,CAAC,IAAI,EAAE,EAAE,CAAC,IAAI,CAAC,SAAS,CAAC,IAAI,EAAE,OAAO,EAAE,SAAS,CAAC,CAAC,CAAC;QAE7E,IAAI,CAAC,UAAU,CAAC,OAAO,EAAE,OAAO,EAAE,OAAO,CAAC,CAAC;QAE3C,OAAO,OAAO,CAAC;IAChB,CAAC;CACD;AAvSD,kCAuSC","sourcesContent":["// QueryHelper.ts got from llm\n\nimport { InsightError, InsightResult } from \"./IInsightFacade\";\nimport { Section } from \"./Section\"; // Assuming Section class is in Section.ts\n\ntype NumericSectionField = \"avg\" | \"pass\" | \"fail\" | \"audit\" | \"year\";\ntype StringSectionField = \"dept\" | \"id\" | \"instructor\" | \"title\" | \"uuid\";\n// type SectionField = NumericSectionField | StringSectionField;\n\nexport class QueryHelper {\n\tprivate existingDatasetIds: string[];\n\tprivate datasets: Map<string, Section[]>;\n\n\tconstructor(existingDatasetIds: string[], datasets: Map<string, Section[]>) {\n\t\tthis.existingDatasetIds = existingDatasetIds;\n\t\tthis.datasets = datasets;\n\t}\n\n\tpublic checkValidQuery(query: any): boolean {\n\t\tif (typeof query !== \"object\" || query === null || Array.isArray(query)) {\n\t\t\tthrow new InsightError(\"Query must be a non-null object.\");\n\t\t}\n\t\tif (!(\"WHERE\" in query) || !(\"OPTIONS\" in query)) {\n\t\t\tthrow new InsightError(\"Query must contain both WHERE and OPTIONS blocks.\");\n\t\t}\n\t\tif (typeof query.WHERE !== \"object\" || query.WHERE === null || Array.isArray(query.WHERE)) {\n\t\t\tthrow new InsightError(\"WHERE must be a non-null object.\");\n\t\t}\n\t\tif (typeof query.OPTIONS !== \"object\" || query.OPTIONS === null || Array.isArray(query.OPTIONS)) {\n\t\t\tthrow new InsightError(\"OPTIONS must be a non-null object.\");\n\t\t}\n\t\tif (!(\"COLUMNS\" in query.OPTIONS)) {\n\t\t\tthrow new InsightError(\"OPTIONS must contain COLUMNS.\");\n\t\t}\n\t\tif (!Array.isArray(query.OPTIONS.COLUMNS) || query.OPTIONS.COLUMNS.length === 0) {\n\t\t\tthrow new InsightError(\"COLUMNS must be a non-empty array.\");\n\t\t}\n\t\t// Additional validation for ORDER can be added here\n\t\treturn true;\n\t}\n\n\tpublic getDatasetIdFromQuery(query: any): string {\n\t\tconst datasetIds = new Set<string>();\n\n\t\t// Extract dataset IDs from COLUMNS\n\t\tconst columns = query.OPTIONS.COLUMNS;\n\t\tfor (const key of columns) {\n\t\t\tif (typeof key !== \"string\") {\n\t\t\t\tthrow new InsightError(\"COLUMNS contains invalid key.\");\n\t\t\t}\n\t\t\tconst [id] = key.split(\"_\");\n\t\t\tdatasetIds.add(id);\n\t\t}\n\n\t\t// Extract dataset IDs from WHERE\n\t\tthis.extractDatasetIdsFromWhere(query.WHERE, datasetIds);\n\n\t\tif (datasetIds.size !== 1) {\n\t\t\tthrow new InsightError(\"Query references multiple datasets.\");\n\t\t}\n\n\t\treturn datasetIds.values().next().value;\n\t}\n\n\tprivate extractDatasetIdsFromWhere(where: any, datasetIds: Set<string>): void {\n\t\tif (Object.keys(where).length === 0) {\n\t\t\treturn;\n\t\t}\n\n\t\tconst key = Object.keys(where)[0];\n\t\tif ([\"AND\", \"OR\"].includes(key)) {\n\t\t\tconst conditions = where[key];\n\t\t\tif (!Array.isArray(conditions) || conditions.length === 0) {\n\t\t\t\tthrow new InsightError(`${key} must be a non-empty array.`);\n\t\t\t}\n\t\t\tfor (const condition of conditions) {\n\t\t\t\tthis.extractDatasetIdsFromWhere(condition, datasetIds);\n\t\t\t}\n\t\t} else if (key === \"NOT\") {\n\t\t\tthis.extractDatasetIdsFromWhere(where[key], datasetIds);\n\t\t} else if ([\"LT\", \"GT\", \"EQ\", \"IS\"].includes(key)) {\n\t\t\tconst comparator = where[key];\n\t\t\tconst compKey = Object.keys(comparator)[0];\n\t\t\tconst [id] = compKey.split(\"_\");\n\t\t\tdatasetIds.add(id);\n\t\t}
[...]
:"cond-expr","locations":[{"start":{"line":13,"column":80},"end":{"line":15,"column":1}},{"start":{"line":15,"column":5},"end":{"line":17,"column":1}}],"line":13},"10":{"loc":{"start":{"line":18,"column":19},"end":{"line":24,"column":1}},"type":"binary-expr","locations":[{"start":{"line":18,"column":20},"end":{"line":18,"column":24}},{"start":{"line":18,"column":28},"end":{"line":18,"column":45}},{"start":{"line":18,"column":50},"end":{"line":24,"column":1}}],"line":18},"11":{"loc":{"start":{"line":19,"column":4},"end":{"line":19,"column":42}},"type":"if","locations":[{"start":{"line":19,"column":4},"end":{"line":19,"column":42}},{"start":{"line":19,"column":4},"end":{"line":19,"column":42}}],"line":19},"12":{"loc":{"start":{"line":19,"column":8},"end":{"line":19,"column":29}},"type":"binary-expr","locations":[{"start":{"line":19,"column":8},"end":{"line":19,"column":11}},{"start":{"line":19,"column":15},"end":{"line":19,"column":29}}],"line":19},"13":{"loc":{"start":{"line":21,"column":4},"end":{"line":21,"column":141}},"type":"if","locations":[{"start":{"line":21,"column":4},"end":{"line":21,"column":141}},{"start":{"line":21,"column":4},"end":{"line":21,"column":141}}],"line":21},"14":{"loc":{"start":{"line":21,"column":40},"end":{"line":21,"column":141}},"type":"if","locations":[{"start":{"line":21,"column":40},"end":{"line":21,"column":141}},{"start":{"line":21,"column":40},"end":{"line":21,"column":141}}],"line":21},"15":{"loc":{"start":{"line":21,"column":44},"end":{"line":21,"column":107}},"type":"binary-expr","locations":[{"start":{"line":21,"column":44},"end":{"line":21,"column":59}},{"start":{"line":21,"column":63},"end":{"line":21,"column":107}}],"line":21}},"s":{"0":1,"1":17,"2":17,"3":17,"4":17,"5":17,"6":74,"7":17,"8":0,"9":0,"10":0,"11":1,"12":1,"13":0,"14":1,"15":1,"16":0,"17":1,"18":1,"19":1,"20":17,"21":17,"22":1,"23":1,"24":1,"25":1,"26":1,"27":74,"28":74,"29":74,"30":74,"31":74,"32":74,"33":74,"34":74,"35":74,"36":74,"37":74,"38":0,"39":0,"40":0,"41":1,"42":74,"43":1,"44":1,"45":74,"46":1,"47":1},"f":{"0":17,"1":74,"2":0,"3":1,"4":0,"5":1,"6":74,"7":74,"8":74,"9":74,"10":74,"11":0,"12":1,"13":74,"14":74},"b":{"0":[1,1,1],"1":[1,0],"2":[17,0],"3":[17,0],"4":[17,17],"5":[2,15],"6":[15,0],"7":[0,0],"8":[1,1,1],"9":[1,0],"10":[1,1,1],"11":[0,1],"12":[1,1],"13":[1,0],"14":[17,0],"15":[17,17]},"inputSourceMap":{"version":3,"file":"/Users/yasuiyuri/project_team058/src/controller/Geolocation.ts","sources":["/Users/yasuiyuri/project_team058/src/controller/Geolocation.ts"],"names":[],"mappings":";;;;;;;;;;;;;;;;;;;;;;;;;;AAAA,2CAA6B;AAQ7B,KAAK,UAAU,cAAc,CAAC,OAAe;IACzC,MAAM,cAAc,GAAG,kBAAkB,CAAC,OAAO,CAAC,CAAC;IACnD,MAAM,GAAG,GAAG,+DAA+D,GAAG,cAAc,CAAC;IAC7F,OAAO,IAAI,OAAO,CAAC,CAAC,OAAO,EAAE,MAAM,EAAE,EAAE;QACnC,IAAI,CAAC,GAAG,CAAC,GAAG,EAAE,CAAC,GAAG,EAAE,EAAE;YAClB,IAAI,IAAI,GAAG,EAAE,CAAC;YACd,GAAG,CAAC,EAAE,CAAC,MAAM,EAAE,CAAC,KAAK,EAAE,EAAE;gBACrB,IAAI,IAAI,KAAK,CAAC;YAClB,CAAC,CAAC,CAAC;YACH,GAAG,CAAC,EAAE,CAAC,KAAK,EAAE,GAAG,EAAE;gBACf,IAAI;oBACA,MAAM,UAAU,GAAgB,IAAI,CAAC,KAAK,CAAC,IAAI,CAAC,CAAC;oBACjD,OAAO,CAAC,UAAU,CAAC,CAAC;iBACvB;gBAAC,OAAO,KAAK,EAAE;oBACZ,MAAM,CAAC,EAAE,KAAK,EAAE,0BAA0B,EAAE,CAAC,CAAC;iBACjD;YACL,CAAC,CAAC,CAAC;QACP,CAAC,CAAC,CAAC,EAAE,CAAC,OAAO,EAAE,CAAC,KAAK,EAAE,EAAE;YACrB,OAAO,CAAC,KAAK,CAAC,gCAAgC,KAAK,CAAC,OAAO,EAAE,CAAC,CAAC;YAC/D,MAAM,CAAC,EAAE,KAAK,EAAE,6BAA6B,EAAE,CAAC,CAAC;QACrD,CAAC,CAAC,CAAC;IACP,CAAC,CAAC,CAAC;AACP,CAAC;AAEM,KAAK,UAAU,eAAe,CAAC,SAAuE;IAEzG,MAAM,MAAM,GAAG,MAAM,OAAO,CAAC,GAAG,CAAC,SAAS,CAAC,GAAG,CAAC,CAAC,CAAC,EAAE,CAAC,cAAc,CAAC,CAAC,CAAC,OAAO,CAAC,CAAC,CAAC,CAAC;IAChF,MAAM,eAAe,GAAG,IAAI,GAAG,EAAuB,CAAC;IACvD,SAAS,CAAC,OAAO,CAAC,CAAC,QAAQ,EAAE,CAAC,EAAE,EAAE;QAC9B,eAAe,CAAC,GAAG,CAAC,QAAQ,CAAC,SAAS,EAAE,MAAM,CAAC,CAAC,CAAC,CAAC,CAAC;IACvD,CAAC,CAAC,CAAC;IACH,OAAO,eAAe,CAAC;AAC3B,CAAC;AARD,0CAQC","sourcesContent":["import * as http from 'http';\n\nexport interface GeoResponse {\n    lat?: number;\n    lon?: number;\n    error?: string;\n}\n\nasync function getGeoLocation(address: string): Promise<GeoResponse> {\n    const encodedAddress = encodeURIComponent(address);\n    const url = \"http://cs310.students.cs.ubc.ca:11316/api/v1/project_team058/\" + encodedAddress;\n    return new Promise((resolve, reject) => {\n        http.get(url, (res) => {\n            let data = '';\n            res.on('data', (chunk) => {\n                data += chunk;\n            });\n            res.on('end', () => {\n                try {\n                    const parsedData: GeoResponse = JSON.parse(data);\n                    resolve(parsedData);\n                } catch (error) {\n                    reject({ error: 'Failed to parse response' });\n                }\n            });\n        }).on('error', (error) => {\n            console.error(`Failed to fetch geolocation: ${error.message}`);\n            reject({ error: 'Failed to fetch geolocation' });\n        });\n    });\n}\n\nexport async function getGeoLocations(buildings: Array<{fullname:string, shortname: string, address: string}>):\n\tPromise<Map<string, GeoResponse>> {\n    const allGeo = await Promise.all(buildings.map(b => getGeoLocation(b.address)));\n    const allGeoBuildings = new Map<string, GeoResponse>();\n    buildings.forEach((building, i) => {\n        allGeoBuildings.set(building.shortname, allGeo[i]);\n    });\n    return allGeoBuildings;\n}"]},"_coverageSchema":"1a1c01bbd47fc00a2c39e90264f33305004495a9","hash":"6f9105f4f0253a1b8b86f398b4008d8feef452db","contentHash":"f65147bf4640315c44f24f5eda0d33d457ab246d1b4cdb4cda834bcc402de120"},"/Users/yasuiyuri/project_team058/src/controller/SectionsHelper.ts":{"path":"/Users/yasuiyuri/project_team058/src/controller/SectionsHelper.ts","statementMap":{"0":{"start":{"line":2,"column":0},"end":{"line":2,"column":62}},"1":{"start":{"line":3,"column":0},"end":{"line":3,"column":33}},"2":{"start":{"line":4,"column":14},"end":{"line":4,"column":30}},"3":{"start":{"line":5,"column":18},"end":{"line":5,"column":38}},"4":{"start":{"line":6,"column":25},"end":{"line":6,"column":52}},"5":{"start":{"line":9,"column":8},"end":{"line":16,"column":9}},"6":{"start":{"line":10,"column":24},"end":{"line":10,"column":35}},"7":{"start":{"line":11,"column":31},"end":{"line":11,"column":79}},"8":{"start":{"line":12,"column":12},"end":{"line":12,"column":30}},"9":{"start":{"line":15,"column":12},"end":{"line":15,"column":72}},"10":{"start":{"line":19,"column":27},"end":{"line":19,"column":37}},"11":{"start":{"line":20,"column":22},"end":{"line":20,"column":44}},"12":{"start":{"line":21,"column":8},"end":{"line":23,"column":9}},"13":{"start":{"line":21,"column":38},"end":{"line":21,"column":69}},"14":{"start":{"line":22,"column":12},"end":{"line":22,"column":96}},"15":{"start":{"line":24,"column":8},"end":{"line":24,"column":75}},"16":{"start":{"line":24,"column":42},"end":{"line":24,"column":73}},"17":{"start":{"line":27,"column":31},"end":{"line":27,"column":41}},"18":{"start":{"line":28,"column":8},"end":{"line":28,"column":65}},"19":{"start":{"line":28,"column":47},"end":{"line":28,"column":63}},"20":{"start":{"line":31,"column":27},"end":{"line":31,"column":59}},"21":{"start":{"line":32,"column":28},"end":{"line":32,"column":64}},"22":{"start":{"line":33,"column":30},"end":{"line":33,"column":32}},"23":{"start":{"line":34,"column":42},"end":{"line":49,"column":10}},"24":{"start":{"line":35,"column":28},"end":{"line":35,"column":49}},"25":{"start":{"line":36,"column":12},"end":{"line":48,"column":13}},"26":{"start":{"line":37,"column":36},"end":{"line":37,"column":63}},"27":{"start":{"line":38,"column":36},"end":{"line":38,"column":59}},"28":{"start":{"line":39,"column":16},"end":{"line":47,"column":17}},"29":{"start":{"line":40,"column":20},"end":{"line":46,"column":21}},"30":{"start":{"line":41,"column":24},"end":{"line":43,"column":25}},"31":{"start":{"line":42,"column":28},"end":{"line":42,"column":37}},"32":{"start":{"line":44,"column":43},"end":{"line":44,"column":73}},"33":{"start":{"line":45,"column":24},"end":{"line":45,"column":55}},"34":{"start":{"line":50,"column":8},"end":{"line":50,"column":53}},"35":{"start":{"line":51,"column":8},"end":{"line":53,"column":9}},"36":{"start":{"line":52,"column":12},"end":{"line":52,"column":79}},"37":{"start":{"line":54,"column":8},"end":{"line":54,"column":29}},"38":{"start":{"line":57,"column":0},"end":{"line":57,"column":42}}},"fnMap":{"0":{"name":"(anonymous_0)","decl":{"start":{"line":8,"column":4},"end":{"line":8,"column":5}},"loc":{"start":{"line":8,"column":32},"end":{"line":17,"column":5}},"line":8},"1":{"name":"(anonymous_1)","decl":{"start":{"line":18,"column":4},"end":{"line":18,"column":5}},"loc":{"start":{"line":18,"column":29},"end":{"line":25,"column":5}},"line":18},"2":{"name":"(anonymous_2)","decl":{"start":{"line":21,"column":24},"end":{"line":21,"column":25}},"loc":{"start":{"line":21,"column":38},"end":{"line":21,"column":69}},"line":21},"3":{"name":"(anonymous_3)","decl":{"start":{"line":24,"column":28},"end":{"line":24,"column":29}},"loc":{"start":{"line":24,"column":42},"end":{"line":24,"column":73}},"line":24},"4":{"name":"(anonymous_4)","decl":{"start":{"line":26,"column":4},"end":{"line":26,"column":5}},"loc":{"start":{"line":26,"column":28},"end":{"line":29,"column":5}},"line":26},"5":{"name":"(anonymous_5)","decl":{"start":{"line":28,"column":36},"end":{"line":28,"column":37}},"loc":{"start":{"line":28,"column":47},"end":{"line":28,"column":63}},"line":28},"6":{"name":"(anonymous_6)","decl":{"start":{"line":30,"column":4},"end":{"line":30,"column":5}},"loc":{"start":{"line":30,"column":34},"end":{"line":55,"column":5}},"line":30},"7":{"name":"(anonymous_7)","decl":{"start":{"line":34,"column":58},"end":{"line":34,"column":59}},"loc":{"start":{"line":34,"column":74},"end":{"line":49,"column":9}},"line":34}},"branchMap":{"0":{"loc":{"start":{"line":21,"column":8},"end":{"line":23,"column":9}},"type":"if","locations":[{"start":{"line":21,"column":8},"end":{"line":23,"column":9}},{"start":{"line":21,"column":8},"end":{"line":23,"column":9}}],"line":21},"1":{"loc":{"start":{"line":36,"column":12},"end":{"line":48,"column":13}},"type":"if","locations":[{"start":{"line":36,"column":12},"end":{"line":48,"column":13}},{"start":{"line":36,"column":12},"end":{"line":48,"column":13}}],"line":36},"2":{"loc":{"start":{"line":39,"column":16},"end":{"line":47,"column":17}},"type":"if","locations":[{"start":{"line":39,"column":16},"end":{"line":47,"column":17}},{"start":{"line":39,"column":16},"end":{"line":47,"column":17}}],"line":39},"3":{"loc":{"start":{"line":41,"column":24},"end":{"line":43,"column":25}},"type":"if","locations":[{"start":{"line":41,"column":24},"end":{"line":43,"column":25}},{"start":{"line":41,"column":24},"end":{"line":43,"column":25}}],"line":41},"4":{"loc":{"start":{"line":41,"column":28},"end":{"line":41,"column":78}},"type":"binary-expr","locations":[{"start":{"line":41,"column":28},"end":{"line":41,"column":39}},{"start":{"line":41,"column":43},"end":{"line":41,"column":58}},{"start":{"line":41,"column":62},"end":{"line":41,"column":78}}],"line":41},"5":{"loc":{"start":{"line":51,"column":8},"end":{"line":53,"column":9}},"type":"if","locations":[{"start":{"line":51,"column":8},"end":{"line":53,"column":9}},{"start":{"line":51,"column":8},"end":{"line":53,"column":9}}],"line":51}},"s":{"0":1,"1":1,"2":1,"3":1,"4":1,"5":11,"6":11,"7":11,"8":11,"9":0,"10":11,"11":11,"12":11,"13":96,"14":3,"15":8,"16":47560,"17":47552,"18":47552,"19":47552,"20":11,"21":11,"22":8,"23":8,"24":47560,"25":47560,"26":47552,"27":47552,"28":47552,"29":47552,"30":516896,"31":0,"32":516896,"33":516896,"34":8,"35":8,"36":0,"37":8,"38":1},"f":{"0":11,"1":11,"2":96,"3":47560,"4":47552,"5":47552,"6":11,"7":47560},"b":{"0":[3,8],"1":[47552,8],"2":[47552,0],"3":[0,516896],"4":[516896,516896,516896],"5":[0,8]},"inputSourceMap":{"version":3,"file":"/Users/yasuiyuri/project_team058/src/controller/SectionsHelper.ts","sources":["/Users/yasuiyuri/project_team058/src/controller/SectionsHelper.ts"],"names":[],"mappings":";;;AAAA,+BAAgC;AAChC,uCAAoC;AACpC,qDAAgD;AAEhD,MAAa,eAAe;IACpB,KAAK,CAAC,UAAU,CAAC,SAAiB;QACxC,IAAI;YACH,MAAM,GAAG,GAAG,IAAI,KAAK,EAAE,CAAC;YACxB,MAAM,UAAU,GAAG,MAAM,GAAG,CAAC,SAAS,CAAC,SAAS,EAAE,EAAE,MAAM,EAAE,IAAI,EAAE,CAAC,CAAC;YACpE,OAAO,UAAU,CAAC;SAClB;QAAC,MAAM;YACP,MAAM,IAAI,6BAAY,CAAC,kBAAkB,CAAC,CAAC;SAC3C;IACF,CAAC;IAGM,KAAK,CAAC,aAAa,CAAC,GAAU;QACpC,MAAM,UAAU,GAAG,UAAU,CAAC;QAC9B,MAAM,KAAK,GAAG,MAAM,CAAC,IAAI,CAAC,GAAG,CAAC,KAAK,CAAC,CAAC;QACrC,IAAI,CAAC,KAAK,CAAC,IAAI,CAAC,CAAC,QAAQ,EAAE,EAAE,CAAC,QAAQ,CAAC,UAAU,CAAC,UAAU,CAAC,CAAC,EAAE;YAC/D,MAAM,IAAI,6BAAY,CAAC,0CAA0C,CAAC,CAAC;SACnE;QACD,OAAO,KAAK,CAAC,MAAM,CAAC,CAAC,QAAQ,EAAE,EAAE,CAAC,QAAQ,CAAC,UAAU,CAAC,UAAU,CAAC,CAAC,CAAC;IACpE,CAAC;IAEM,cAAc,CAAC,OAAY;QACjC,MAAM,cAAc,GAAG,CAAC,QAAQ,CAAC,CAAC;QAClC,OAAO,cAAc,CAAC,KAAK,CAAC,CAAC,KAAK,EAAE,EAAE,CAAC,KAAK,IAAI,OAAO,CAAC,CAAC;IAC1D,CAAC;IAEM,KAAK,CAAC,YAAY,CAAC,SAAiB;QAC1C,MAAM,UAAU,GAAG,MAAM,IAAI,CAAC,UAAU,CAAC,SAAS,CAAC,CAAC;QACpD,MAAM,WAAW,GAAG,MAAM,IAAI,CAAC,aAAa,CAAC,UAAU,CAAC,CAAC;QACzD,MAAM,aAAa,GAAc,EAAE,CAAC;QAGpC,MAAM,yBAAyB,GAAG,WAAW,CAAC,GAAG,CAAC,KAAK,EAAE,IAAI,EAAE,EAAE;YAChE,MAAM,OAAO,GAAG,UAAU,CAAC,IAAI,CAAC,IAAI,CAAC,CAAC;YACtC,IAAI,OAAO,EAAE;gBACZ,MAAM,WAAW,GAAG,MAAM,OAAO,CAAC,KAAK,CAAC,MAAM,CAAC,CAAC;gBAChD,MAAM,WAAW,GAAG,IAAI,CAAC,KAAK,CAAC,WAAW,CAAC,CAAC;gBAE5C,IAAI,IAAI,CAAC,cAAc,CAAC,WAAW,CAAC,EAAE;oBACrC,KAAK,MAAM,OAAO,IAAI,WAAW,CAAC,MAAM,EAAE;wBACzC,IAAI,CAAC,OAAO,CAAC,EAAE,IAAI,CAAC,OAAO,CAAC,MAAM,IAAI,CAAC,OAAO,CAAC,OAAO,EAAE;4BACvD,SAAS;yBACT;wBACD,MAAM,UAAU,GAAG,IAAI,iBAAO,CAAC,OAAO,CAAC,CAAC;wBACxC,aAAa,CAAC,IAAI,CAAC,UAAU,CAAC,CAAC;qBAC/B;iBACD;aACD;QACF,CAAC,CAAC,CAAC;QAEH,MAAM,OAAO,CAAC,GAAG,CAAC,yBAAyB,CAAC,CAAC;QAE7C,IAAI,aAAa,CAAC,MAAM,KAAK,CAAC,EAAE;YAC/B,MAAM,IAAI,6BAAY,CAAC,yBAAyB,CAAC,CAAC;SAClD;QACD,OAAO,aAAa,CAAC;IACtB,CAAC;CACD;AAzDD,0CAyDC","sourcesContent":["import JSZip = require(\"jszip\");\nimport { Section } from \"./Section\";\nimport { InsightError } from \"./IInsightFacade\";\n\nexport class ValidateDataset {\n\tpublic async isValidZip(base64Str: string): Promise<JSZip> {\n\t\ttry {\n\t\t\tconst zip = new JSZip();\n\t\t\tconst zipContent = await zip.loadAsync(base64Str, { base64: true });\n\t\t\treturn zipContent;\n\t\t} catch {\n\t\t\tthrow new InsightError(\"Invalid zip file\");\n\t\t}\n\t}\n\n\t// Check if the zip contains at least one valid section\n\tpublic async isValidCourse(zip: JSZip): Promise<string[]> {\n\t\tconst coursesDir = \"courses/\";\n\t\tconst files = Object.keys(zip.files);\n\t\tif (!files.some((filePath) => filePath.startsWith(coursesDir))) {\n\t\t\tthrow new InsightError(\"No 'courses/' directory found in the zip\");\n\t\t}\n\t\treturn files.filter((filePath) => filePath.startsWith(coursesDir));\n\t}\n\n\tpublic isValidSection(section: any): boolean {\n\t\tconst requiredFields = [\"result\"];\n\t\treturn requiredFields.every((field) => field in section);\n\t}\n\n\tpublic async validDataset(base64Str: string): Promise<Section[]> {\n\t\tconst zipContent = await this.isValidZip(base64Str);\n\t\tconst courseFiles = await this.isValidCourse(zipContent);\n\t\tconst validSections: Section[] = [];\n\n\t\t// check whether there is a valid section\n\t\tconst sectionValidationPromises = courseFiles.map(async (file) => {\n\t\t\tconst zipFile = zipContent.file(file);\n\t\t\tif (zipFile) {\n\t\t\t\tconst fileContent = await zipFile.async(\"text\");\n\t\t\t\tconst jsonContent = JSON.parse(fileContent);\n\t\t\t\t// Check if the section is valid\n\t\t\t\tif (this.isValidSection(jsonContent)) {\n\t\t\t\t\tfor (const section of jsonContent.result) {\n\t\t\t\t\t\tif (!section.id || !section.Course || !section.Subject) {\n\t\t\t\t\t\t\tcontinue;\n\t\t\t\t\t\t}\n\t\t\t\t\t\tconst newSection = new Section(section);\n\t\t\t\t\t\tvalidSections.push(newSection);\n\t\t\t\t\t}\n\t\t\t\t}\n\t\t\t}\n\t\t});\n\n\t\tawait Promise.all(sectionValidationPromises);\n\n\t\tif (validSections.length === 0) {\n\t\t\tthrow new InsightError(\"No valid sections found\");\n\t\t}\n\t\treturn validSections;\n\t}\n}\n"]},"_coverageSchema":"1a1c01bbd47fc00a2c39e90264f33305004495a9","hash":"f1666bc454fd89eee1d6ae51c4f73686e7eefabc","contentHash":"d96f7d2da1c55c8332ccaa4e401593c586ea8e5fe9be10474481e4c55541ec96"},"/Users/yasuiyuri/project_team058/src/controller/Section.ts":{"path":"/Users/yasuiyuri/project_team058/src/controller/Section.ts","statementMap":{"0":{"start":{"line":2,"column":0},"end":{"line":2,"column":62}},"1":{"start":{"line":3,"column":0},"end":{"line":3,"column":25}},"2":{"start":{"line":16,"column":8},"end":{"line":21,"column":9}},"3":{"start":{"line":17,"column":12},"end":{"line":17,"column":29}},"4":{"start":{"line":20,"column":12},"end":{"line":20,"column":48}},"5":{"start":{"line":22,"column":8},"end":{"line":22,"column":39}},"6":{"start":{"line":23,"column":8},"end":{"line":23,"column":30}},"7":{"start":{"line":24,"column":8},"end":{"line":24,"column":32}},"8":{"start":{"line":25,"column":8},"end":{"line":25,"column":41}},"9":{"start":{"line":26,"column":8},"end":{"line":26,"column":33}},"10":{"start":{"line":27,"column":8},"end":{"line":27,"column":28}},"11":{"start":{"line":28,"column":8},"end":{"line":28,"column":30}},"12":{"start":{"line":29,"column":8},"end":{"line":29,"column":30}},"13":{"start":{"line":30,"column":8},"end":{"line":30,"column":32}},"14":{"start":{"line":33,"column":0},"end":{"line":33,"column":26}}},"fnMap":{"0":{"name":"(anonymous_0)","decl":{"start":{"line":15,"column":4},"end":{"line":15,"column":5}},"loc":{"start":{"line":15,"column":22},"end":{"line":31,"column":5}},"line":15}},"branchMap":{"0":{"loc":{"start":{"line":16,"column":8},"end":{"line":21,"column":9}},"type":"if","locations":[{"start":{"line":16,"column":8},"end":{"line":21,"column":9}},{"start":{"line":16,"column":8},"end":{"line":21,"column":9}}],"line":16}},"s":{"0":1,"1":1,"2":516896,"3":196968,"4":319928,"5":516896,"6":516896,"7":516896,"8":516896,"9":516896,"10":516896,"11":516896,"12":516896,"13":516896,"14":1},"f":{"0":516896},"b":{"0":[196968,319928]},"inputSourceMap":{"version":3,"file":"/Users/yasuiyuri/project_team058/src/controller/Section.ts","sources":["/Users/yasuiyuri/project_team058/src/controller/Section.ts"],"names":[],"mappings":";;;AAAA,MAAa,OAAO;IACZ,IAAI,CAAS;IACb,EAAE,CAAS;IACX,KAAK,CAAS;IACd,UAAU,CAAS;IACnB,IAAI,CAAS;IACb,IAAI,CAAS;IACb,GAAG,CAAS;IACZ,IAAI,CAAS;IACb,IAAI,CAAS;IACb,KAAK,CAAS;IAErB,YAAY,IAAS;QACpB,IAAI,IAAI,CAAC,OAAO,KAAK,SAAS,EAAE;YAC/B,IAAI,CAAC,IAAI,GAAG,IAAI,CAAC;SACjB;aAAM;YACN,IAAI,CAAC,IAAI,GAAG,QAAQ,CAAC,IAAI,CAAC,IAAI,EAAE,EAAE,CAAC,CAAC;SACpC;QACD,IAAI,CAAC,IAAI,GAAG,IAAI,CAAC,EAAE,CAAC,QAAQ,EAAE,CAAC;QAC/B,IAAI,CAAC,EAAE,GAAG,IAAI,CAAC,MAAM,CAAC;QACtB,IAAI,CAAC,KAAK,GAAG,IAAI,CAAC,KAAK,CAAC;QACxB,IAAI,CAAC,UAAU,GAAG,IAAI,CAAC,SAAS,CAAC;QACjC,IAAI,CAAC,IAAI,GAAG,IAAI,CAAC,OAAO,CAAC;QACzB,IAAI,CAAC,GAAG,GAAG,IAAI,CAAC,GAAG,CAAC;QACpB,IAAI,CAAC,IAAI,GAAG,IAAI,CAAC,IAAI,CAAC;QACtB,IAAI,CAAC,IAAI,GAAG,IAAI,CAAC,IAAI,CAAC;QACtB,IAAI,CAAC,KAAK,GAAG,IAAI,CAAC,KAAK,CAAC;IACzB,CAAC;CACD;AA5BD,0BA4BC","sourcesContent":["export class Section {\n\tpublic uuid: string;\n\tpublic id: string;\n\tpublic title: string;\n\tpublic instructor: string;\n\tpublic dept: string;\n\tpublic year: number;\n\tpublic avg: number;\n\tpublic pass: number;\n\tpublic fail: number;\n\tpublic audit: number;\n\n\tconstructor(json: any) {\n\t\tif (json.Section === \"overall\") {\n\t\t\tthis.year = 1900;\n\t\t} else {\n\t\t\tthis.year = parseInt(json.Year, 10);\n\t\t}\n\t\tthis.uuid = json.id.toString();\n\t\tthis.id = json.Course;\n\t\tthis.title = json.Title;\n\t\tthis.instructor = json.Professor;\n\t\tthis.dept = json.Subject;\n\t\tthis.avg = json.Avg;\n\t\tthis.pass = json.Pass;\n\t\tthis.fail = json.Fail;\n\t\tthis.audit = json.Audit;\n\t}\n}\n"]},"_coverageSchema":"1a1c01bbd47fc00a2c39e90264f33305004495a9","hash":"afc2228795dc2b1bd08eb7fae68979b3048d4725","contentHash":"f96fbc85c243ceeaa75dfc68de81693576b44c46e96735e78807bb74eb45dce4"}}