{"/Users/yasuiyuri/project_team058/src/controller/IInsightFacade.ts":{"path":"/Users/yasuiyuri/project_team058/src/controller/IInsightFacade.ts","statementMap":{"0":{"start":{"line":2,"column":0},"end":{"line":2,"column":62}},"1":{"start":{"line":3,"column":0},"end":{"line":3,"column":113}},"2":{"start":{"line":5,"column":0},"end":{"line":8,"column":89}},"3":{"start":{"line":6,"column":4},"end":{"line":6,"column":48}},"4":{"start":{"line":7,"column":4},"end":{"line":7,"column":42}},"5":{"start":{"line":11,"column":8},"end":{"line":11,"column":23}},"6":{"start":{"line":12,"column":8},"end":{"line":12,"column":52}},"7":{"start":{"line":15,"column":0},"end":{"line":15,"column":36}},"8":{"start":{"line":18,"column":8},"end":{"line":18,"column":23}},"9":{"start":{"line":19,"column":8},"end":{"line":19,"column":53}},"10":{"start":{"line":22,"column":0},"end":{"line":22,"column":38}},"11":{"start":{"line":25,"column":8},"end":{"line":25,"column":23}},"12":{"start":{"line":26,"column":8},"end":{"line":26,"column":59}},"13":{"start":{"line":29,"column":0},"end":{"line":29,"column":50}}},"fnMap":{"0":{"name":"(anonymous_0)","decl":{"start":{"line":5,"column":1},"end":{"line":5,"column":2}},"loc":{"start":{"line":5,"column":31},"end":{"line":8,"column":1}},"line":5},"1":{"name":"(anonymous_1)","decl":{"start":{"line":10,"column":4},"end":{"line":10,"column":5}},"loc":{"start":{"line":10,"column":25},"end":{"line":13,"column":5}},"line":10},"2":{"name":"(anonymous_2)","decl":{"start":{"line":17,"column":4},"end":{"line":17,"column":5}},"loc":{"start":{"line":17,"column":25},"end":{"line":20,"column":5}},"line":17},"3":{"name":"(anonymous_3)","decl":{"start":{"line":24,"column":4},"end":{"line":24,"column":5}},"loc":{"start":{"line":24,"column":25},"end":{"line":27,"column":5}},"line":24}},"branchMap":{"0":{"loc":{"start":{"line":8,"column":24},"end":{"line":8,"column":87}},"type":"binary-expr","locations":[{"start":{"line":8,"column":24},"end":{"line":8,"column":50}},{"start":{"line":8,"column":55},"end":{"line":8,"column":86}}],"line":8}},"s":{"0":1,"1":1,"2":1,"3":1,"4":1,"5":26,"6":26,"7":1,"8":2,"9":2,"10":1,"11":1,"12":1,"13":1},"f":{"0":1,"1":26,"2":2,"3":1},"b":{"0":[1,1]},"inputSourceMap":{"version":3,"file":"/Users/yasuiyuri/project_team058/src/controller/IInsightFacade.ts","sources":["/Users/yasuiyuri/project_team058/src/controller/IInsightFacade.ts"],"names":[],"mappings":";;;AAMA,IAAY,kBAGX;AAHD,WAAY,kBAAkB;IAC7B,2CAAqB,CAAA;IACrB,qCAAe,CAAA;AAChB,CAAC,EAHW,kBAAkB,GAAlB,0BAAkB,KAAlB,0BAAkB,QAG7B;AAUD,MAAa,YAAa,SAAQ,KAAK;IACtC,YAAY,OAAgB;QAC3B,KAAK,CAAC,OAAO,CAAC,CAAC;QACf,KAAK,CAAC,iBAAiB,CAAC,IAAI,EAAE,YAAY,CAAC,CAAC;IAC7C,CAAC;CACD;AALD,oCAKC;AAED,MAAa,aAAc,SAAQ,KAAK;IACvC,YAAY,OAAgB;QAC3B,KAAK,CAAC,OAAO,CAAC,CAAC;QACf,KAAK,CAAC,iBAAiB,CAAC,IAAI,EAAE,aAAa,CAAC,CAAC;IAC9C,CAAC;CACD;AALD,sCAKC;AAED,MAAa,mBAAoB,SAAQ,KAAK;IAC7C,YAAY,OAAgB;QAC3B,KAAK,CAAC,OAAO,CAAC,CAAC;QACf,KAAK,CAAC,iBAAiB,CAAC,IAAI,EAAE,mBAAmB,CAAC,CAAC;IACpD,CAAC;CACD;AALD,kDAKC","sourcesContent":["/*\n * This is the primary high-level API for the project. In this folder there should be:\n * A class called InsightFacade, this should be in a file called InsightFacade.ts.\n * You should not change this interface at all or the test suite will not work.\n */\n\nexport enum InsightDatasetKind {\n\tSections = \"sections\",\n\tRooms = \"rooms\",\n}\n\nexport interface InsightDataset {\n\tid: string;\n\tkind: InsightDatasetKind;\n\tnumRows: number;\n}\n\nexport type InsightResult = Record<string, string | number>;\n\nexport class InsightError extends Error {\n\tconstructor(message?: string) {\n\t\tsuper(message);\n\t\tError.captureStackTrace(this, InsightError);\n\t}\n}\n\nexport class NotFoundError extends Error {\n\tconstructor(message?: string) {\n\t\tsuper(message);\n\t\tError.captureStackTrace(this, NotFoundError);\n\t}\n}\n\nexport class ResultTooLargeError extends Error {\n\tconstructor(message?: string) {\n\t\tsuper(message);\n\t\tError.captureStackTrace(this, ResultTooLargeError);\n\t}\n}\n\nexport interface IInsightFacade {\n\t/**\n\t * Add a dataset to insightUBC.\n\t *\n\t * @param id  The id of the dataset being added. Follows the format /^[^_]+$/\n\t * @param content  The base64 content of the dataset. This content should be in the form of a serialized zip file.\n\t * @param kind  The kind of the dataset\n\t *\n\t * @return Promise <string[]>\n\t *\n\t * The promise should fulfill on a successful add, reject for any failures.\n\t * The promise should fulfill with a string array,\n\t * containing the ids of all currently added datasets upon a successful add.\n\t * The promise should reject with an InsightError describing the error.\n\t *\n\t * An id is invalid if it contains an underscore, or is only whitespace characters.\n\t * If id is the same as the id of an already added dataset, the dataset should be rejected and not saved.\n\t *\n\t * After receiving the dataset, it should be processed into a data structure of\n\t * your design. The processed data structure should be persisted to disk; your\n\t * system should be able to load this persisted value into memory for answering\n\t * queries.\n\t *\n\t * Ultimately, a dataset must be added or loaded from disk before queries can\n\t * be successfully answered.\n\t */\n\taddDataset(id: string, content: string, kind: InsightDatasetKind): Promise<string[]>;\n\n\t/**\n\t * Remove a dataset from insightUBC.\n\t *\n\t * @param id  The id of the dataset to remove. Follows the format /^[^_]+$/\n\t *\n\t * @return Promise <string>\n\t *\n\t * The promise should fulfill upon a successful removal, reject on any error.\n\t * Attempting to remove a dataset that hasn't been added yet counts as an error.\n\t *\n\t * An id is invalid if it contains an underscore, or is only whitespace characters.\n\t *\n\t * The promise should fulfill the id of the dataset that was removed.\n\t * The promise should reject with a NotFoundError (if a valid id was not yet added)\n\t * or an InsightError (invalid id or any other source of failure) describing the error.\n\t *\n\t * This will delete both disk and memory caches for the dataset for the id meaning\n\t * that subsequent queries for that id should fail unless a new addDataset happens first.\n\t */\n\tremoveDataset(id: string): Promise<string>;\n\n\t/**\n\t * Perform a query on insightUBC.\n\t *\n\t * @param query  The query to be performed.\n\t *\n\t * If a query is incorrectly formatted, references a dataset not added (in memory or on disk),\n\t * or references multiple datasets, it should be rejected.\n\t *\n\t * @return Promise <InsightResult[]>\n\t *\n\t * The promise should fulfill with an array of results.\n\t * The promise should reject with a ResultTooLargeError (if the query returns too many results)\n\t * or an InsightError (for any other source of failure) describing the error.\n\t */\n\tperformQuery(query: unknown): Promise<InsightResult[]>;\n\n\t/**\n\t * List all currently added datasets, their types, and number of rows.\n\t *\n\t * @return Promise <InsightDataset[]>\n\t * The promise should fulfill an array of currently added InsightDatasets, and will only fulfill.\n\t */\n\tlistDatasets(): Promise<InsightDataset[]>;\n}\n"]},"_coverageSchema":"1a1c01bbd47fc00a2c39e90264f33305004495a9","hash":"8f2edc9b9b17e81d789e33ff5b2dbef2b09e8664","contentHash":"a88188a100568a143de661c1003bb42616ee3aeedc3fdfe19d05b3c5e61c55b0"},"/Users/yasuiyuri/project_team058/src/controller/InsightFacade.ts":{"path":"/Users/yasuiyuri/project_team058/src/controller/InsightFacade.ts","statementMap":{"0":{"start":{"line":2,"column":0},"end":{"line":2,"column":62}},"1":{"start":{"line":3,"column":25},"end":{"line":3,"column":52}},"2":{"start":{"line":4,"column":14},"end":{"line":4,"column":30}},"3":{"start":{"line":5,"column":11},"end":{"line":5,"column":30}},"4":{"start":{"line":6,"column":22},"end":{"line":6,"column":46}},"5":{"start":{"line":7,"column":18},"end":{"line":7,"column":38}},"6":{"start":{"line":8,"column":21},"end":{"line":8,"column":44}},"7":{"start":{"line":11,"column":8},"end":{"line":18,"column":9}},"8":{"start":{"line":12,"column":24},"end":{"line":12,"column":35}},"9":{"start":{"line":13,"column":31},"end":{"line":13,"column":79}},"10":{"start":{"line":14,"column":12},"end":{"line":14,"column":30}},"11":{"start":{"line":17,"column":12},"end":{"line":17,"column":72}},"12":{"start":{"line":21,"column":27},"end":{"line":21,"column":37}},"13":{"start":{"line":22,"column":22},"end":{"line":22,"column":44}},"14":{"start":{"line":23,"column":8},"end":{"line":25,"column":9}},"15":{"start":{"line":23,"column":38},"end":{"line":23,"column":69}},"16":{"start":{"line":24,"column":12},"end":{"line":24,"column":96}},"17":{"start":{"line":26,"column":8},"end":{"line":26,"column":75}},"18":{"start":{"line":26,"column":42},"end":{"line":26,"column":73}},"19":{"start":{"line":29,"column":31},"end":{"line":29,"column":41}},"20":{"start":{"line":30,"column":8},"end":{"line":30,"column":65}},"21":{"start":{"line":30,"column":47},"end":{"line":30,"column":63}},"22":{"start":{"line":33,"column":27},"end":{"line":33,"column":59}},"23":{"start":{"line":34,"column":28},"end":{"line":34,"column":64}},"24":{"start":{"line":35,"column":30},"end":{"line":35,"column":32}},"25":{"start":{"line":36,"column":42},"end":{"line":51,"column":10}},"26":{"start":{"line":37,"column":28},"end":{"line":37,"column":49}},"27":{"start":{"line":38,"column":12},"end":{"line":50,"column":13}},"28":{"start":{"line":39,"column":36},"end":{"line":39,"column":63}},"29":{"start":{"line":40,"column":36},"end":{"line":40,"column":59}},"30":{"start":{"line":41,"column":16},"end":{"line":49,"column":17}},"31":{"start":{"line":42,"column":20},"end":{"line":48,"column":21}},"32":{"start":{"line":43,"column":24},"end":{"line":45,"column":25}},"33":{"start":{"line":44,"column":28},"end":{"line":44,"column":37}},"34":{"start":{"line":46,"column":43},"end":{"line":46,"column":73}},"35":{"start":{"line":47,"column":24},"end":{"line":47,"column":55}},"36":{"start":{"line":52,"column":8},"end":{"line":52,"column":53}},"37":{"start":{"line":53,"column":8},"end":{"line":55,"column":9}},"38":{"start":{"line":54,"column":12},"end":{"line":54,"column":79}},"39":{"start":{"line":56,"column":8},"end":{"line":56,"column":29}},"40":{"start":{"line":63,"column":8},"end":{"line":63,"column":37}},"41":{"start":{"line":64,"column":8},"end":{"line":64,"column":34}},"42":{"start":{"line":67,"column":8},"end":{"line":67,"column":42}},"43":{"start":{"line":68,"column":8},"end":{"line":68,"column":28}},"44":{"start":{"line":69,"column":8},"end":{"line":82,"column":9}},"45":{"start":{"line":70,"column":12},"end":{"line":78,"column":13}},"46":{"start":{"line":71,"column":16},"end":{"line":71,"column":59}},"47":{"start":{"line":73,"column":17},"end":{"line":78,"column":13}},"48":{"start":{"line":74,"column":16},"end":{"line":74,"column":56}},"49":{"start":{"line":77,"column":16},"end":{"line":77,"column":74}},"50":{"start":{"line":81,"column":12},"end":{"line":81,"column":76}},"51":{"start":{"line":85,"column":8},"end":{"line":85,"column":42}},"52":{"start":{"line":86,"column":8},"end":{"line":88,"column":9}},"53":{"start":{"line":87,"column":12},"end":{"line":87,"column":73}},"54":{"start":{"line":89,"column":8},"end":{"line":103,"column":9}},"55":{"start":{"line":90,"column":12},"end":{"line":90,"column":83}},"56":{"start":{"line":91,"column":25},"end":{"line":91,"column":75}},"57":{"start":{"line":92,"column":27},"end":{"line":92,"column":43}},"58":{"start":{"line":93,"column":12},"end":{"line":95,"column":15}},"59":{"start":{"line":94,"column":16},"end":{"line":94,"column":34}},"60":{"start":{"line":96,"column":35},"end":{"line":96,"column":59}},"61":{"start":{"line":97,"column":12},"end":{"line":97,"column":54}},"62":{"start":{"line":98,"column":12},"end":{"line":98,"column":37}},"63":{"start":{"line":99,"column":12},"end":{"line":99,"column":22}},"64":{"start":{"line":102,"column":12},"end":{"line":102,"column":72}},"65":{"start":{"line":105,"column":18},"end":{"line":105,"column":22}},"66":{"start":{"line":107,"column":28},"end":{"line":107,"column":97}},"67":{"start":{"line":108,"column":8},"end":{"line":108,"column":43}},"68":{"start":{"line":109,"column":25},"end":{"line":109,"column":30}},"69":{"start":{"line":110,"column":26},"end":{"line":110,"column":69}},"70":{"start":{"line":111,"column":8},"end":{"line":113,"column":9}},"71":{"start":{"line":112,"column":12},"end":{"line":112,"column":87}},"72":{"start":{"line":114,"column":28},"end":{"line":114,"column":56}},"73":{"start":{"line":115,"column":8},"end":{"line":117,"column":9}},"74":{"start":{"line":116,"column":12},"end":{"line":116,"column":96}},"75":{"start":{"line":118,"column":29},"end":{"line":118,"column":97}},"76":{"start":{"line":119,"column":24},"end":{"line":119,"column":91}},"77":{"start":{"line":120,"column":8},"end":{"line":122,"column":9}},"78":{"start":{"line":121,"column":12},"end":{"line":121,"column":61}},"79":{"start":{"line":123,"column":8},"end":{"line":123,"column":23}},"80":{"start":{"line":126,"column":24},"end":{"line":126,"column":26}},"81":{"start":{"line":127,"column":27},"end":{"line":127,"column":77}},"82":{"start":{"line":128,"column":26},"end":{"line":128,"column":48}},"83":{"start":{"line":129,"column":25},"end":{"line":131,"column":10}},"84":{"start":{"line":130,"column":12},"end":{"line":130,"column":66}},"85":{"start":{"line":132,"column":24},"end":{"line":132,"column":51}},"86":{"start":{"line":133,"column":8},"end":{"line":133,"column":33}},"87":{"start":{"line":134,"column":8},"end":{"line":134,"column":23}},"88":{"start":{"line":137,"column":8},"end":{"line":152,"column":9}},"89":{"start":{"line":138,"column":31},"end":{"line":138,"column":73}},"90":{"start":{"line":139,"column":12},"end":{"line":148,"column":13}},"91":{"start":{"line":140,"column":29},"end":{"line":140,"column":79}},"92":{"start":{"line":141,"column":34},"end":{"line":141,"column":50}},"93":{"start":{"line":142,"column":16},"end":{"line":144,"column":17}},"94":{"start":{"line":143,"column":20},"end":{"line":143,"column":53}},"95":{"start":{"line":146,"column":17},"end":{"line":148,"column":13}},"96":{"start":{"line":147,"column":16},"end":{"line":147,"column":46}},"97":{"start":{"line":151,"column":12},"end":{"line":151,"column":98}},"98":{"start":{"line":155,"column":8},"end":{"line":157,"column":9}},"99":{"start":{"line":156,"column":12},"end":{"line":156,"column":73}},"100":{"start":{"line":160,"column":8},"end":{"line":166,"column":9}},"101":{"start":{"line":161,"column":31},"end":{"line":161,"column":58}},"102":{"start":{"line":162,"column":12},"end":{"line":162,"column":30}},"103":{"start":{"line":165,"column":12},"end":{"line":165,"column":56}},"104":{"start":{"line":169,"column":8},"end":{"line":177,"column":9}},"105":{"start":{"line":170,"column":34},"end":{"line":170,"column":42}},"106":{"start":{"line":171,"column":12},"end":{"line":171,"column":46}},"107":{"start":{"line":172,"column":29},"end":{"line":172,"column":60}},"108":{"start":{"line":173,"column":12},"end":{"line":173,"column":47}},"109":{"start":{"line":176,"column":12},"end":{"line":176,"column":56}},"110":{"start":{"line":180,"column":24},"end":{"line":180,"column":26}},"111":{"start":{"line":181,"column":26},"end":{"line":181,"column":47}},"112":{"start":{"line":182,"column":33},"end":{"line":182,"column":70}},"113":{"start":{"line":183,"column":8},"end":{"line":188,"column":9}},"114":{"start":{"line":184,"column":12},"end":{"line":187,"column":13}},"115":{"start":{"line":185,"column":29},"end":{"line":185,"column":79}},"116":{"start":{"line":186,"column":16},"end":{"line":186,"column":45}},"117":{"start":{"line":189,"column":8},"end":{"line":189,"column":58}},"118":{"start":{"line":190,"column":27},"end":{"line":190,"column":52}},"119":{"start":{"line":191,"column":8},"end":{"line":191,"column":46}},"120":{"start":{"line":192,"column":8},"end":{"line":192,"column":41}},"121":{"start":{"line":193,"column":8},"end":{"line":193,"column":48}},"122":{"start":{"line":194,"column":8},"end":{"line":194,"column":51}},"123":{"start":{"line":197,"column":24},"end":{"line":197,"column":26}},"124":{"start":{"line":198,"column":28},"end":{"line":198,"column":71}},"125":{"start":{"line":199,"column":8},"end":{"line":209,"column":9}},"126":{"start":{"line":200,"column":12},"end":{"line":203,"column":13}},"127":{"start":{"line":201,"column":29},"end":{"line":201,"column":76}},"128":{"start":{"line":202,"column":16},"end":{"line":202,"column":45}},"129":{"start":{"line":204,"column":12},"end":{"line":204,"column":54}},"130":{"start":{"line":205,"column":31},"end":{"line":205,"column":56}},"131":{"start":{"line":206,"column":12},"end":{"line":206,"column":50}},"132":{"start":{"line":207,"column":12},"end":{"line":207,"column":45}},"133":{"start":{"line":208,"column":12},"end":{"line":208,"column":55}},"134":{"start":{"line":210,"column":8},"end":{"line":210,"column":92}},"135":{"start":{"line":213,"column":8},"end":{"line":223,"column":9}},"136":{"start":{"line":214,"column":29},"end":{"line":214,"column":73}},"137":{"start":{"line":215,"column":12},"end":{"line":219,"column":14}},"138":{"start":{"line":222,"column":12},"end":{"line":222,"column":70}},"139":{"start":{"line":226,"column":0},"end":{"line":226,"column":32}}},"fnMap":{"0":{"name":"(anonymous_0)","decl":{"start":{"line":10,"column":4},"end":{"line":10,"column":5}},"loc":{"start":{"line":10,"column":32},"end":{"line":19,"column":5}},"line":10},"1":{"name":"(anonymous_1)","decl":{"start":{"line":20,"column":4},"end":{"line":20,"column":5}},"loc":{"start":{"line":20,"column":29},"end":{"line":27,"column":5}},"line":20},"2":{"name":"(anonymous_2)","decl":{"start":{"line":23,"column":24},"end":{"line":23,"column":25}},"loc":{"start":{"line":23,"column":38},"end":{"line":23,"column":69}},"line":23},"3":{"name":"(anonymous_3)","decl":{"start":{"line":26,"column":28},"end":{"line":26,"column":29}},"loc":{"start":{"line":26,"column":42},"end":{"line":26,"column":73}},"line":26},"4":{"name":"(anonymous_4)","decl":{"start":{"line":28,"column":4},"end":{"line":28,"column":5}},"loc":{"start":{"line":28,"column":28},"end":{"line":31,"column":5}},"line":28},"5":{"name":"(anonymous_5)","decl":{"start":{"line":30,"column":36},"end":{"line":30,"column":37}},"loc":{"start":{"line":30,"column":47},"end":{"line":30,"column":63}},"line":30},"6":{"name":"(anonymous_6)","decl":{"start":{"line":32,"column":4},"end":{"line":32,"column":5}},"loc":{"start":{"line":32,"column":34},"end":{"line":57,"column":5}},"line":32},"7":{"name":"(anonymous_7)","decl":{"start":{"line":36,"column":58},"end":{"line":36,"column":59}},"loc":{"start":{"line":36,"column":74},"end":{"line":51,"column":9}},"line":36},"8":{"name":"(anonymous_8)","decl":{"start":{"line":62,"column":4},"end":{"line":62,"column":5}},"loc":{"start":{"line":62,"column":18},"end":{"line":65,"column":5}},"line":62},"9":{"name":"(anonymous_9)","decl":{"start":{"line":66,"column":4},"end":{"line":66,"column":5}},"loc":{"start":{"line":66,"column":40},"end":{"line":83,"column":5}},"line":66},"10":{"name":"(anonymous_10)","decl":{"start":{"line":84,"column":4},"end":{"line":84,"column":5}},"loc":{"start":{"line":84,"column":28},"end":{"line":104,"column":5}},"line":84},"11":{"name":"(anonymous_11)","decl":{"start":{"line":93,"column":39},"end":{"line":93,"column":40}},"loc":{"start":{"line":93,"column":53},"end":{"line":95,"column":13}},"line":93},"12":{"name":"(anonymous_12)","decl":{"start":{"line":106,"column":4},"end":{"line":106,"column":5}},"loc":{"start":{"line":106,"column":30},"end":{"line":124,"column":5}},"line":106},"13":{"name":"(anonymous_13)","decl":{"start":{"line":125,"column":4},"end":{"line":125,"column":5}},"loc":{"start":{"line":125,"column":25},"end":{"line":135,"column":5}},"line":125},"14":{"name":"(anonymous_14)","decl":{"start":{"line":129,"column":39},"end":{"line":129,"column":40}},"loc":{"start":{"line":129,"column":68},"end":{"line":131,"column":9}},"line":129},"15":{"name":"(anonymous_15)","decl":{"start":{"line":136,"column":4},"end":{"line":136,"column":5}},"loc":{"start":{"line":136,"column":33},"end":{"line":153,"column":5}},"line":136},"16":{"name":"(anonymous_16)","decl":{"start":{"line":154,"column":4},"end":{"line":154,"column":5}},"loc":{"start":{"line":154,"column":19},"end":{"line":158,"column":5}},"line":154},"17":{"name":"(anonymous_17)","decl":{"start":{"line":159,"column":4},"end":{"line":159,"column":5}},"loc":{"start":{"line":159,"column":37},"end":{"line":167,"column":5}},"line":159},"18":{"name":"(anonymous_18)","decl":{"start":{"line":168,"column":4},"end":{"line":168,"column":5}},"loc":{"start":{"line":168,"column":31},"end":{"line":178,"column":5}},"line":168},"19":{"name":"(anonymous_19)","decl":{"start":{"line":179,"column":4},"end":{"line":179,"column":5}},"loc":{"start":{"line":179,"column":41},"end":{"line":195,"column":5}},"line":179},"20":{"name":"(anonymous_20)","decl":{"start":{"line":196,"column":4},"end":{"line":196,"column":5}},"loc":{"start":{"line":196,"column":38},"end":{"line":211,"column":5}},"line":196},"21":{"name":"(anonymous_21)","decl":{"start":{"line":212,"column":4},"end":{"line":212,"column":5}},"loc":{"start":{"line":212,"column":47},"end":{"line":224,"column":5}},"line":212}},"branchMap":{"0":{"loc":{"start":{"line":23,"column":8},"end":{"line":25,"column":9}},"type":"if","locations":[{"start":{"line":23,"column":8},"end":{"line":25,"column":9}},{"start":{"line":23,"column":8},"end":{"line":25,"column":9}}],"line":23},"1":{"loc":{"start":{"line":38,"column":12},"end":{"line":50,"column":13}},"type":"if","locations":[{"start":{"line":38,"column":12},"end":{"line":50,"column":13}},{"start":{"line":38,"column":12},"end":{"line":50,"column":13}}],"line":38},"2":{"loc":{"start":{"line":41,"column":16},"end":{"line":49,"column":17}},"type":"if","locations":[{"start":{"line":41,"column":16},"end":{"line":49,"column":17}},{"start":{"line":41,"column":16},"end":{"line":49,"column":17}}],"line":41},"3":{"loc":{"start":{"line":43,"column":24},"end":{"line":45,"column":25}},"type":"if","locations":[{"start":{"line":43,"column":24},"end":{"line":45,"column":25}},{"start":{"line":43,"column":24},"end":{"line":45,"column":25}}],"line":43},"4":{"loc":{"start":{"line":43,"column":28},"end":{"line":43,"column":78}},"type":"binary-expr","locations":[{"start":{"line":43,"column":28},"end":{"line":43,"column":39}},{"start":{"line":43,"column":43},"end":{"line":43,"column":58}},{"start":{"line":43,"column":62},"end":{"line":43,"column":78}}],"line":43},"5":{"loc":{"start":{"line":53,"column":8},"end":{"line":55,"column":9}},"type":"if","locations":[{"start":{"line":53,"column":8},"end":{"line":55,"column":9}},{"start":{"line":53,"column":8},"end":{"line":55,"column":9}}],"line":53},"6":{"loc":{"start":{"line":69,"column":8},"end":{"line":82,"column":9}},"type":"if","locations":[{"start":{"line":69,"column":8},"end":{"line":82,"column":9}},{"start":{"line":69,"column":8},"end":{"line":82,"column":9}}],"line":69},"7":{"loc":{"start":{"line":70,"column":12},"end":{"line":78,"column":13}},"type":"if","locations":[{"start":{"line":70,"column":12},"end":{"line":78,"column":13}},{"start":{"line":70,"column":12},"end":{"line":78,"column":13}}],"line":70},"8":{"loc":{"start":{"line":73,"column":17},"end":{"line":78,"column":13}},"type":"if","locations":[{"start":{"line":73,"column":17},"end":{"line":78,"column":13}},{"start":{"line":73,"column":17},"end":{"line":78,"column":13}}],"line":73},"9":{"loc":{"start":{"line":86,"column":8},"end":{"line":88,"column":9}},"type":"if","locations":[{"start":{"line":86,"column":8},"end":{"line":88,"column":9}},{"start":{"line":86,"column":8},"end":{"line":88,"column":9}}],"line":86},"10":{"loc":{"start":{"line":86,"column":12},"end":{"line":86,"column":45}},"type":"binary-expr","locations":[{"start":{"line":86,"column":12},"end":{"line":86,"column":31}},{"start":{"line":86,"column":35},"end":{"line":86,"column":45}}],"line":86},"11":{"loc":{"start":{"line":89,"column":8},"end":{"line":103,"column":9}},"type":"if","locations":[{"start":{"line":89,"column":8},"end":{"line":103,"column":9}},{"start":{"line":89,"column":8},"end":{"line":103,"column":9}}],"line":89},"12":{"loc":{"start":{"line":111,"column":8},"end":{"line":113,"column":9}},"type":"if","locations":[{"start":{"line":111,"column":8},"end":{"line":113,"column":9}},{"start":{"line":111,"column":8},"end":{"line":113,"column":9}}],"line":111},"13":{"loc":{"start":{"line":115,"column":8},"end":{"line":117,"column":9}},"type":"if","locations":[{"start":{"line":115,"column":8},"end":{"line":117,"column":9}},{"start":{"line":115,"column":8},"end":{"line":117,"column":9}}],"line":115},"14":{"loc":{"start":{"line":120,"column":8},"end":{"line":122,"column":9}},"type":"if","locations":[{"start":{"line":120,"column":8},"end":{"line":122,"column":9}},{"start":{"line":120,"column":8},"end":{"line":122,"column":9}}],"line":120},"15":{"loc":{"start":{"line":139,"column":12},"end":{"line":148,"column":13}},"type":"if","locations":[{"start":{"line":139,"column":12},"end":{"line":148,"column":13}},{"start":{"line":139,"column":12},"end":{"line":148,"column":13}}],"line":139},"16":{"loc":{"start":{"line":139,"column":16},"end":{"line":139,"column":66}},"type":"binary-expr","locations":[{"start":{"line":139,"column":16},"end":{"line":139,"column":26}},{"start":{"line":139,"column":30},"end":{"line":139,"column":66}}],"line":139},"17":{"loc":{"start":{"line":146,"column":17},"end":{"line":148,"column":13}},"type":"if","locations":[{"start":{"line":146,"column":17},"end":{"line":148,"column":13}},{"start":{"line":146,"column":17},"end":{"line":148,"column":13}}],"line":146},"18":{"loc":{"start":{"line":155,"column":8},"end":{"line":157,"column":9}},"type":"if","locations":[{"start":{"line":155,"column":8},"end":{"line":157,"column":9}},{"start":{"line":155,"column":8},"end":{"line":157,"column":9}}],"line":155},"19":{"loc":{"start":{"line":155,"column":12},"end":{"line":155,"column":45}},"type":"binary-expr","locations":[{"start":{"line":155,"column":12},"end":{"line":155,"column":31}},{"start":{"line":155,"column":35},"end":{"line":155,"column":45}}],"line":155},"20":{"loc":{"start":{"line":183,"column":8},"end":{"line":188,"column":9}},"type":"if","locations":[{"start":{"line":183,"column":8},"end":{"line":188,"column":9}},{"start":{"line":183,"column":8},"end":{"line":188,"column":9}}],"line":183},"21":{"loc":{"start":{"line":184,"column":12},"end":{"line":187,"column":13}},"type":"if","locations":[{"start":{"line":184,"column":12},"end":{"line":187,"column":13}},{"start":{"line":184,"column":12},"end":{"line":187,"column":13}}],"line":184},"22":{"loc":{"start":{"line":199,"column":8},"end":{"line":209,"column":9}},"type":"if","locations":[{"start":{"line":199,"column":8},"end":{"line":209,"column":9}},{"start":{"line":199,"column":8},"end":{"line":209,"column":9}}],"line":199},"23":{"loc":{"start":{"line":200,"column":12},"end":{"line":203,"column":13}},"type":"if","locations":[{"start":{"line":200,"column":12},"end":{"line":203,"column":13}},{"start":{"line":200,"column":12},"end":{"line":203,"column":13}}],"line":200},"24":{"loc":{"start":{"line":213,"column":8},"end":{"line":223,"column":9}},"type":"if","locations":[{"start":{"line":213,"column":8},"end":{"line":223,"column":9}},{"start":{"line":213,"column":8},"end":{"line":223,"column":9}}],"line":213}},"s":{"0":1,"1":1,"2":1,"3":1,"4":1,"5":1,"6":1,"7":11,"8":11,"9":11,"10":11,"11":0,"12":11,"13":11,"14":11,"15":96,"16":3,"17":8,"18":47560,"19":47552,"20":47552,"21":47552,"22":11,"23":11,"24":8,"25":8,"26":47560,"27":47560,"28":47552,"29":47552,"30":47552,"31":47552,"32":516896,"33":0,"34":516896,"35":516896,"36":8,"37":8,"38":0,"39":8,"40":18,"41":18,"42":16,"43":16,"44":12,"45":11,"46":11,"47":0,"48":0,"49":0,"50":1,"51":9,"52":9,"53":3,"54":6,"55":4,"56":4,"57":4,"58":4,"59":5,"60":4,"61":4,"62":4,"63":4,"64":2,"65":18,"66":21,"67":21,"68":16,"69":16,"70":11,"71":0,"72":11,"73":11,"74":0,"75":11,"76":7,"77":6,"78":1,"79":5,"80":1,"81":1,"82":1,"83":1,"84":1,"85":1,"86":1,"87":1,"88":25,"89":25,"90":25,"91":1,"92":1,"93":1,"94":0,"95":24,"96":18,"97":0,"98":16,"99":4,"100":7,"101":7,"102":7,"103":0,"104":30,"105":30,"106":30,"107":30,"108":30,"109":0,"110":11,"111":11,"112":11,"113":8,"114":8,"115":1,"116":1,"117":8,"118":8,"119":8,"120":8,"121":8,"122":8,"123":0,"124":0,"125":0,"126":0,"127":0,"128":0,"129":0,"130":0,"131":0,"132":0,"133":0,"134":0,"135":1,"136":1,"137":1,"138":0,"139":1},"f":{"0":11,"1":11,"2":96,"3":47560,"4":47552,"5":47552,"6":11,"7":47560,"8":18,"9":16,"10":9,"11":5,"12":21,"13":1,"14":1,"15":25,"16":16,"17":7,"18":30,"19":11,"20":0,"21":1},"b":{"0":[3,8],"1":[47552,8],"2":[47552,0],"3":[0,516896],"4":[516896,516896,516896],"5":[0,8],"6":[11,1],"7":[11,0],"8":[0,0],"9":[3,6],"10":[9,7],"11":[4,2],"12":[0,11],"13":[0,11],"14":[1,5],"15":[1,24],"16":[25,7],"17":[18,6],"18":[4,12],"19":[16,13],"20":[8,0],"21":[1,7],"22":[0,0],"23":[0,0],"24":[1,0]},"inputSourceMap":{"version":3,"file":"/Users/yasuiyuri/project_team058/src/controller/InsightFacade.ts","sources":["/Users/yasuiyuri/project_team058/src/controller/InsightFacade.ts"],"names":[],"mappings":";;AAAA,qDAQ0B;AAC1B,+BAAgC;AAChC,+BAAgC;AAChC,+CAA4C;AAC5C,uCAAoC;AACpC,6CAA0C;AAS1C,MAAM,eAAe;IACb,KAAK,CAAC,UAAU,CAAC,SAAiB;QACxC,IAAI;YACH,MAAM,GAAG,GAAG,IAAI,KAAK,EAAE,CAAC;YACxB,MAAM,UAAU,GAAG,MAAM,GAAG,CAAC,SAAS,CAAC,SAAS,EAAE,EAAE,MAAM,EAAE,IAAI,EAAE,CAAC,CAAC;YACpE,OAAO,UAAU,CAAC;SAClB;QAAC,MAAM;YACP,MAAM,IAAI,6BAAY,CAAC,kBAAkB,CAAC,CAAC;SAC3C;IACF,CAAC;IAGM,KAAK,CAAC,aAAa,CAAC,GAAU;QACpC,MAAM,UAAU,GAAG,UAAU,CAAC;QAC9B,MAAM,KAAK,GAAG,MAAM,CAAC,IAAI,CAAC,GAAG,CAAC,KAAK,CAAC,CAAC;QACrC,IAAI,CAAC,KAAK,CAAC,IAAI,CAAC,CAAC,QAAQ,EAAE,EAAE,CAAC,QAAQ,CAAC,UAAU,CAAC,UAAU,CAAC,CAAC,EAAE;YAC/D,MAAM,IAAI,6BAAY,CAAC,0CAA0C,CAAC,CAAC;SACnE;QACD,OAAO,KAAK,CAAC,MAAM,CAAC,CAAC,QAAQ,EAAE,EAAE,CAAC,QAAQ,CAAC,UAAU,CAAC,UAAU,CAAC,CAAC,CAAC;IACpE,CAAC;IAEM,cAAc,CAAC,OAAY;QACjC,MAAM,cAAc,GAAG,CAAC,QAAQ,CAAC,CAAC;QAClC,OAAO,cAAc,CAAC,KAAK,CAAC,CAAC,KAAK,EAAE,EAAE,CAAC,KAAK,IAAI,OAAO,CAAC,CAAC;IAC1D,CAAC;IAEM,KAAK,CAAC,YAAY,CAAC,SAAiB;QAC1C,MAAM,UAAU,GAAG,MAAM,IAAI,CAAC,UAAU,CAAC,SAAS,CAAC,CAAC;QACpD,MAAM,WAAW,GAAG,MAAM,IAAI,CAAC,aAAa,CAAC,UAAU,CAAC,CAAC;QACzD,MAAM,aAAa,GAAc,EAAE,CAAC;QAGpC,MAAM,yBAAyB,GAAG,WAAW,CAAC,GAAG,CAAC,KAAK,EAAE,IAAI,EAAE,EAAE;YAChE,MAAM,OAAO,GAAG,UAAU,CAAC,IAAI,CAAC,IAAI,CAAC,CAAC;YACtC,IAAI,OAAO,EAAE;gBACZ,MAAM,WAAW,GAAG,MAAM,OAAO,CAAC,KAAK,CAAC,MAAM,CAAC,CAAC;gBAChD,MAAM,WAAW,GAAG,IAAI,CAAC,KAAK,CAAC,WAAW,CAAC,CAAC;gBAE5C,IAAI,IAAI,CAAC,cAAc,CAAC,WAAW,CAAC,EAAE;oBACrC,KAAK,MAAM,OAAO,IAAI,WAAW,CAAC,MAAM,EAAE;wBACzC,IAAI,CAAC,OAAO,CAAC,EAAE,IAAI,CAAC,OAAO,CAAC,MAAM,IAAI,CAAC,OAAO,CAAC,OAAO,EAAE;4BACvD,SAAS;yBACT;wBACD,MAAM,UAAU,GAAG,IAAI,iBAAO,CAAC,OAAO,CAAC,CAAC;wBACxC,aAAa,CAAC,IAAI,CAAC,UAAU,CAAC,CAAC;qBAC/B;iBACD;aACD;QACF,CAAC,CAAC,CAAC;QAEH,MAAM,OAAO,CAAC,GAAG,CAAC,yBAAyB,CAAC,CAAC;QAE7C,IAAI,aAAa,CAAC,MAAM,KAAK,CAAC,EAAE;YAC/B,MAAM,IAAI,6BAAY,CAAC,yBAAyB,CAAC,CAAC;SAClD;QACD,OAAO,aAAa,CAAC;IACtB,CAAC;CACD;AAED,MAAqB,aAAa;IACzB,kBAAkB,CAAW;IAC7B,QAAQ,CAAyB;IAEzC;QACC,IAAI,CAAC,kBAAkB,GAAG,EAAE,CAAC;QAC7B,IAAI,CAAC,QAAQ,GAAG,IAAI,GAAG,EAAqB,CAAC;IAC9C,CAAC;IAEM,KAAK,CAAC,UAAU,CAAC,EAAU,EAAE,OAAe,EAAE,IAAwB;QAC5E,MAAM,IAAI,CAAC,oBAAoB,EAAE,CAAC;QAClC,IAAI,CAAC,UAAU,CAAC,EAAE,CAAC,CAAC;QAEpB,IAAI,CAAC,IAAI,CAAC,kBAAkB,CAAC,QAAQ,CAAC,EAAE,CAAC,EAAE;YAE1C,IAAI,IAAI,KAAK,mCAAkB,CAAC,QAAQ,EAAE;gBACzC,OAAO,IAAI,CAAC,iBAAiB,CAAC,EAAE,EAAE,OAAO,CAAC,CAAC;aAC3C;iBAAM,IAAI,IAAI,KAAK,mCAAkB,CAAC,KAAK,EAAE;gBAC7C,OAAO,IAAI,CAAC,cAAc,CAAC,EAAE,EAAE,OAAO,CAAC,CAAC;aACxC;iBAAM;gBACN,MAAM,IAAI,6BAAY,CAAC,gBAAgB,CAAC,CAAC;aACzC;SACD;aAAM;YACN,MAAM,IAAI,6BAAY,CAAC,kBAAkB,EAAE,EAAE,CAAC,CAAC;SAC/C;IACF,CAAC;IAEM,KAAK,CAAC,aAAa,CAAC,EAAU;QACpC,MAAM,IAAI,CAAC,oBAAoB,EAAE,CAAC;QAClC,IAAI,CAAC,SAAS,CAAC,IAAI,CAAC,EAAE,CAAC,IAAI,CAAC,EAAE,CAAC,IAAI,EAAE,EAAE;YACtC,MAAM,IAAI,6BAAY,CAAC,eAAe,EAAE,EAAE,CAAC,CAAC;SAC5C;QAED,IAAI,IAAI,CAAC,kBAAkB,CAAC,QAAQ,CAAC,EAAE,CAAC,EAAE;YACzC,IAAI,CAAC,kBAAkB,CAAC,MAAM,CAAC,IAAI,CAAC,kBAAkB,CAAC,OAAO,CAAC,EAAE,CAAC,EAAE,CAAC,CAAC,CAAC;YACvE,MAAM,IAAI,GAAG,MAAM,IAAI,CAAC,gBAAgB,CAAC,qBAAqB,CAAC,CAAC;YAChE,IAAI,QAAQ,GAAG,IAAI,CAAC,KAAK,CAAC,IAAI,CAAC,CAAC;YAChC,QAAQ,GAAG,QAAQ,CAAC,MAAM,CAAC,CAAC,CAAC,GAAG,EAAE,CAAC,CAA0B,EAAE,EAAE;gBAChE,OAAO,GAAG,KAAK,EAAE,CAAC;YACnB,CAAC,CAAC,CAAC;YAEH,MAAM,cAAc,GAAG,IAAI,CAAC,SAAS,CAAC,QAAQ,CAAC,CAAC;YAChD,MAAM,IAAI,CAAC,cAAc,CAAC,cAAc,CAAC,CAAC;YAI1C,IAAI,CAAC,QAAQ,CAAC,MAAM,CAAC,EAAE,CAAC,CAAC;YAEzB,OAAO,EAAE,CAAC;SACV;aAAM;YACN,OAAO,OAAO,CAAC,MAAM,CAAC,IAAI,8BAAa,EAAE,CAAC,CAAC;SAC3C;IACF,CAAC;IAEe,WAAW,GAAG,IAAI,CAAC;IAE5B,KAAK,CAAC,YAAY,CAAC,KAAc;QAEvC,MAAM,WAAW,GAAG,IAAI,yBAAW,CAAC,IAAI,CAAC,kBAAkB,EAAE,IAAI,CAAC,QAAQ,CAAC,CAAC;QAG5E,WAAW,CAAC,eAAe,CAAC,KAAK,CAAC,CAAC;QAEnC,MAAM,QAAQ,GAAG,KAAY,CAAC;QAG9B,MAAM,SAAS,GAAG,WAAW,CAAC,qBAAqB,CAAC,QAAQ,CAAC,CAAC;QAG9D,IAAI,CAAC,IAAI,CAAC,kBAAkB,CAAC,QAAQ,CAAC,SAAS,CAAC,EAAE;YACjD,MAAM,IAAI,6BAAY,CAAC,WAAW,SAAS,aAAa,CAAC,CAAC;SAC1D;QAGD,MAAM,WAAW,GAAG,IAAI,CAAC,QAAQ,CAAC,GAAG,CAAC,SAAS,CAAC,CAAC;QACjD,IAAI,CAAC,WAAW,EAAE;YACjB,MAAM,IAAI,6BAAY,CAAC,oBAAoB,SAAS,aAAa,CAAC,CAAC;SACnE;QAGD,MAAM,YAAY,GAAG,WAAW,CAAC,gBAAgB,CAAC,WAAW,EAAE,QAAQ,CAAC,KAAK,EAAE,SAAS,CAAC,CAAC;QAG1F,MAAM,OAAO,GAAG,WAAW,CAAC,YAAY,CAAC,YAAY,EAAE,QAAQ,CAAC,OAAO,EAAE,SAAS,CAAC,CAAC;QAGpF,IAAI,OAAO,CAAC,MAAM,GAAG,IAAI,CAAC,WAAW,EAAE;YACtC,MAAM,IAAI,oCAAmB,EAAE,CAAC;SAChC;QAED,OAAO,OAAO,CAAC;IAChB,CAAC;IAEM,KAAK,CAAC,YAAY;QACxB,MAAM,OAAO,GAAqB,EAAE,CAAC;QACrC,MAAM,UAAU,GAAG,MAAM,IAAI,CAAC,gBAAgB,CAAC,qBAAqB,CAAC,CAAC;QACtE,MAAM,SAAS,GAA4B,IAAI,CAAC,KAAK,CAAC,UAAU,CAAC,CAAC;QAClE,MAAM,QAAQ,GAAG,SAAS,CAAC,GAAG,CAAC,KAAK,EAAE,CAAC,EAAE,EAAE,IAAI,EAAE,KAAK,CAAC,EAAE,EAAE;YAC1D,OAAO,IAAI,CAAC,iBAAiB,CAAC,EAAE,EAAE,IAAI,EAAE,KAAK,CAAC,MAAM,CAAC,CAAC;QACvD,CAAC,CAAC,CAAC;QACH,MAAM,OAAO,GAAG,MAAM,OAAO,CAAC,GAAG,CAAC,QAAQ,CAAC,CAAC;QAC5C,OAAO,CAAC,IAAI,CAAC,GAAG,OAAO,CAAC,CAAC;QACzB,OAAO,OAAO,CAAC;IAChB,CAAC;IAEM,KAAK,CAAC,oBAAoB;QAChC,IAAI;YACH,MAAM,UAAU,GAAG,MAAM,EAAE,CAAC,UAAU,CAAC,qBAAqB,CAAC,CAAC;YAC9D,IAAI,UAAU,IAAI,IAAI,CAAC,kBAAkB,CAAC,MAAM,KAAK,CAAC,EAAE;gBACvD,MAAM,IAAI,GAAG,MAAM,IAAI,CAAC,gBAAgB,CAAC,qBAAqB,CAAC,CAAC;gBAChE,MAAM,SAAS,GAAsB,IAAI,CAAC,KAAK,CAAC,IAAI,CAAC,CAAC;gBACtD,KAAK,MAAM,CAAC,EAAE,CAAC,IAAI,SAAS,EAAE;oBAC7B,IAAI,CAAC,kBAAkB,CAAC,IAAI,CAAC,EAAE,CAAC,CAAC;iBACjC;aACD;iBAAM,IAAI,IAAI,CAAC,kBAAkB,CAAC,MAAM,KAAK,CAAC,EAAE;gBAChD,MAAM,IAAI,CAAC,cAAc,CAAC,EAAE,CAAC,CAAC;aAC9B;SACD;QAAC,OAAO,CAAC,EAAE;YACX,OAAO,OAAO,CAAC,MAAM,CAAC,IAAI,6BAAY,CAAC,wBAAwB,CAAC,EAAE,CAAC,CAAC,CAAC;SACrE;IACF,CAAC;IAEO,UAAU,CAAC,EAAU;QAC5B,IAAI,CAAC,SAAS,CAAC,IAAI,CAAC,EAAE,CAAC,IAAI,CAAC,EAAE,CAAC,IAAI,EAAE,EAAE;YACtC,MAAM,IAAI,6BAAY,CAAC,eAAe,EAAE,EAAE,CAAC,CAAC;SAC5C;IACF,CAAC;IAEO,KAAK,CAAC,gBAAgB,CAAC,QAAgB;QAC9C,IAAI;YACH,MAAM,UAAU,GAAG,MAAM,EAAE,CAAC,QAAQ,CAAC,QAAQ,CAAC,CAAC;YAC/C,OAAO,UAAU,CAAC;SAClB;QAAC,OAAO,KAAK,EAAE;YACf,OAAO,OAAO,CAAC,MAAM,CAAC,aAAa,KAAK,EAAE,CAAC,CAAC;SAC5C;IACF,CAAC;IAEO,KAAK,CAAC,cAAc,CAAC,IAAS;QACrC,IAAI;YACH,MAAM,aAAa,GAAG,QAAQ,CAAC;YAC/B,MAAM,EAAE,CAAC,SAAS,CAAC,aAAa,CAAC,CAAC;YAClC,MAAM,QAAQ,GAAG,GAAG,aAAa,eAAe,CAAC;YACjD,MAAM,EAAE,CAAC,SAAS,CAAC,QAAQ,EAAE,IAAI,CAAC,CAAC;SACnC;QAAC,OAAO,KAAK,EAAE;YACf,MAAM,IAAI,KAAK,CAAC,mBAAmB,KAAK,EAAE,CAAC,CAAC;SAC5C;IACF,CAAC;IAEO,KAAK,CAAC,iBAAiB,CAAC,EAAU,EAAE,OAAe;QAC1D,IAAI,SAAS,GAA8B,EAAE,CAAC;QAC9C,MAAM,SAAS,GAAG,IAAI,eAAe,EAAE,CAAC;QACxC,MAAM,gBAAgB,GAAG,MAAM,SAAS,CAAC,YAAY,CAAC,OAAO,CAAC,CAAC;QAC/D,IAAI,gBAAgB,CAAC,MAAM,KAAK,CAAC,EAAE;YAClC,IAAI,IAAI,CAAC,kBAAkB,CAAC,MAAM,KAAK,CAAC,EAAE;gBACzC,MAAM,IAAI,GAAG,MAAM,IAAI,CAAC,gBAAgB,CAAC,qBAAqB,CAAC,CAAC;gBAChE,SAAS,GAAG,IAAI,CAAC,KAAK,CAAC,IAAI,CAAC,CAAC;aAC7B;SACD;QACD,SAAS,CAAC,IAAI,CAAC,CAAC,EAAE,EAAE,SAAS,EAAE,gBAAgB,CAAC,CAAC,CAAC;QAClD,MAAM,UAAU,GAAG,IAAI,CAAC,SAAS,CAAC,SAAS,CAAC,CAAC;QAC7C,MAAM,IAAI,CAAC,cAAc,CAAC,UAAU,CAAC,CAAC;QACtC,IAAI,CAAC,kBAAkB,CAAC,IAAI,CAAC,EAAE,CAAC,CAAC;QACjC,IAAI,CAAC,QAAQ,CAAC,GAAG,CAAC,EAAE,EAAE,gBAAgB,CAAC,CAAC;QACxC,OAAO,KAAK,CAAC,IAAI,CAAC,IAAI,CAAC,kBAAkB,CAAC,CAAC;IAC5C,CAAC;IAEO,KAAK,CAAC,cAAc,CAAC,EAAU,EAAE,OAAe;QACvD,IAAI,SAAS,GAA8B,EAAE,CAAC;QAC9C,MAAM,WAAW,GAAW,MAAM,IAAA,uBAAU,EAAC,OAAO,CAAC,CAAC;QACtD,IAAI,WAAW,CAAC,MAAM,KAAK,CAAC,EAAE;YAC7B,IAAI,IAAI,CAAC,kBAAkB,CAAC,MAAM,KAAK,CAAC,EAAE;gBACzC,MAAM,IAAI,GAAG,MAAM,IAAI,CAAC,gBAAgB,CAAC,kBAAkB,CAAC,CAAC;gBAC7D,SAAS,GAAG,IAAI,CAAC,KAAK,CAAC,IAAI,CAAC,CAAC;aAC7B;YACD,SAAS,CAAC,IAAI,CAAC,CAAC,EAAE,EAAE,MAAM,EAAE,WAAW,CAAC,CAAC,CAAC;YAC1C,MAAM,UAAU,GAAG,IAAI,CAAC,SAAS,CAAC,SAAS,CAAC,CAAC;YAC7C,MAAM,IAAI,CAAC,cAAc,CAAC,UAAU,CAAC,CAAC;YACtC,IAAI,CAAC,kBAAkB,CAAC,IAAI,CAAC,EAAE,CAAC,CAAC;YACjC,OAAO,KAAK,CAAC,IAAI,CAAC,IAAI,CAAC,kBAAkB,CAAC,CAAC;SAC3C;QACD,OAAO,OAAO,CAAC,MAAM,CAAC,IAAI,6BAAY,CAAC,yBAAyB,CAAC,CAAC,CAAC;IACpE,CAAC;IAEO,KAAK,CAAC,iBAAiB,CAAC,EAAU,EAAE,IAAY,EAAE,OAAe;QACxE,IAAI,IAAI,KAAK,SAAS,EAAE;YACvB,MAAM,QAAQ,GAAG,mCAAkB,CAAC,QAAQ,CAAC;YAC7C,OAAO;gBACN,EAAE,EAAE,EAAE;gBACN,IAAI,EAAE,QAAQ;gBACd,OAAO,EAAE,OAAO;aAChB,CAAC;SACF;aAAM;YACN,MAAM,IAAI,6BAAY,CAAC,gBAAgB,CAAC,CAAC;SACzC;IACF,CAAC;CACD;AAnMD,gCAmMC","sourcesContent":["import {\n\tIInsightFacade,\n\tInsightDataset,\n\tInsightDatasetKind,\n\tInsightResult,\n\tInsightError,\n\tNotFoundError,\n\tResultTooLargeError,\n} from \"./IInsightFacade\";\nimport JSZip = require(\"jszip\");\nimport fs = require(\"fs-extra\");\nimport { QueryHelper } from \"./QueryHelper\";\nimport { Section } from \"./Section\";\nimport { parseRooms } from \"./RoomHelper\";\nimport { Room } from \"./Room\";\n\n/**\n * This is the main programmatic entry point for the project.\n * Method documentation is in IInsightFacade\n *\n */\n\nclass ValidateDataset {\n\tpublic async isValidZip(base64Str: string): Promise<JSZip> {\n\t\ttry {\n\t\t\tconst zip = new JSZip();\n\t\t\tconst zipContent = await zip.loadAsync(base64Str, { base64: true });\n\t\t\treturn zipContent;\n\t\t} catch {\n\t\t\tthrow new InsightError(\"Invalid zip file\");\n\t\t}\n\t}\n\n\t// Check if the zip contains at least one valid section\n\tpublic async isValidCourse(zip: JSZip): Promise<string[]> {\n\t\tconst coursesDir = \"courses/\";\n\t\tconst files = Object.keys(zip.files);\n\t\tif (!files.some((filePath) => filePath.startsWith(coursesDir))) {\n\t\t\tthrow new InsightError(\"No 'courses/' directory found in the zip\");\n\t\t}\n\t\treturn files.filter((filePath) => filePath.startsWith(coursesDir));\n\t}\n\n\tpublic isValidSection(section: any): boolean {\n\t\tconst requiredFields = [\"result\"];\n\t\treturn requiredFields.every((field) => field in section);\n\t}\n\n\tpublic async validDataset(base64Str: string): Promise<Section[]> {\n\t\tconst zipContent = await this.isValidZip(base64Str);\n\t\tconst courseFiles = await this.isValidCourse(zipContent);\n\t\tconst validSections: Section[] = [];\n\n\t\t// check whether there is a valid section\n\t\tconst sectionValidationPromises = courseFiles.map(async (file) => {\n\t\t\tconst zipFile = zipContent.file(file);\n\t\t\tif (zipFile) {\n\t\t\t\tconst fileContent = await zipFile.async(\"text\");\n\t\t\t\tconst jsonContent = JSON.parse(fileContent);\n\t\t\t\t// Check if the section is valid\n\t\t\t\tif (this.isValidSection(jsonContent)) {\n\t\t\t\t\tfor (const section of jsonContent.result) {\n\t\t\t\t\t\tif (!section.id || !section.Course || !section.Subject) {\n\t\t\t\t\t\t\tcontinue;\n\t\t\t\t\t\t}\n\t\t\t\t\t\tconst newSection = new Section(section);\n\t\t\t\t\t\tvalidSections.push(newSection);\n\t\t\t\t\t}\n\t\t\t\t}\n\t\t\t}\n\t\t});\n\n\t\tawait Promise.all(sectionValidationPromises);\n\n\t\tif (validSections.length === 0) {\n\t\t\tthrow new InsightError(\"No valid sections found\");\n\t\t}\n\t\treturn validSections;\n\t}\n}\n\nexport default class InsightFacade implements IInsightFacade {\n\tprivate existingDatasetIds: string[];\n\tprivate datasets: Map<string, Section[]>;\n\n\tconstructor() {\n\t\tthis.existingDatasetIds = [];\n\t\tthis.datasets = new Map<string, Section[]>();\n\t}\n\n\tpublic async addDataset(id: string, content: string, kind: InsightDatasetKind): Promise<string[]> {\n\t\tawait this.loadDatasetsFromDisk();\n\t\tthis.validateId(id);\n\n\t\tif (!this.existingDatasetIds.includes(id)) {\n\t\t\t// const validator = new ValidateDataset();\n\t\t\tif (kind === InsightDatasetKind.Sections) {\n\t\t\t\treturn this.addSectionDataset(id, content);\n\t\t\t} else if (kind === InsightDatasetKind.Rooms) {\n\t\t\t\treturn this.addRoomDataset(id, content);\n\t\t\t} else {\n\t\t\t\tthrow new InsightError(`different kind`);\n\t\t\t}\n\t\t} else {\n\t\t\tthrow new InsightError(`Duplicated id: ${id}`);\n\t\t}\n\t}\n\n\tpublic async removeDataset(id: string): Promise<string> {\n\t\tawait this.loadDatasetsFromDisk();\n\t\tif (!/^[^_]+$/.test(id) || !id.trim()) {\n\t\t\tthrow new InsightError(`Invalid id: ${id}`);\n\t\t}\n\n\t\tif (this.existingDatasetIds.includes(id)) {\n\t\t\tthis.existingDatasetIds.splice(this.existingDatasetIds.indexOf(id), 1);\n\t\t\tconst json = await this.loadDataFromDisk(\"./data/section.json\");\n\t\t\tlet newJsons = JSON.parse(json);\n\t\t\tnewJsons = newJsons.filter(([key, _]: [string, string, any[]]) => {\n\t\t\t\treturn key !== id;\n\t\t\t});\n\n\t\t\tconst jsonFromString = JSON.stringify(newJsons);\n\t\t\tawait this.saveDataToDisk(jsonFromString); // old version\n\t\t\t// let promise3 = await saveDataToDisk(jsonFromString);\n\n\t\t\t// Remove the dataset from the datasets map\n\t\t\tthis.datasets.delete(id);\n\n\t\t\treturn id;\n\t\t} else {\n\t\t\treturn Promise.reject(new NotFoundError());\n\t\t}\n\t}\n\n\tpublic readonly MAX_RESULTS = 5000;\n\n\tpublic async performQuery(query: unknown): Promise<InsightResult[]> {\n\t\t// Create an instance of QueryHelper\n\t\tconst queryHelper = new QueryHelper(this.existingDatasetIds, this.datasets);\n\n\t\t// Validate that the query is an object\n\t\tqueryHelper.checkValidQuery(query);\n\n\t\tconst queryObj = query as any; // Cast to any for easier access\n\n\t\t// Get the dataset id from the query\n\t\tconst datasetId = queryHelper.getDatasetIdFromQuery(queryObj);\n\n\t\t// Check that the dataset has been added\n\t\tif (!this.existingDatasetIds.includes(datasetId)) {\n\t\t\tthrow new InsightError(`Dataset ${datasetId} not found.`);\n\t\t}\n\n\t\t// Get the dataset data\n\t\tconst datasetData = this.datasets.get(datasetId);\n\t\tif (!datasetData) {\n\t\t\tthrow new InsightError(`Dataset data for ${datasetId} not found.`);\n\t\t}\n\n\t\t// Apply the WHERE clause to filter the data\n\t\tconst filteredData = queryHelper.applyWhereClause(datasetData, queryObj.WHERE, datasetId);\n\n\t\t// Apply OPTIONS (COLUMNS, ORDER) to get the results\n\t\tconst results = queryHelper.applyOptions(filteredData, queryObj.OPTIONS, datasetId);\n\n\t\t// Check if the results are too large\n\t\tif (results.length > this.MAX_RESULTS) {\n\t\t\tthrow new ResultTooLargeError();\n\t\t}\n\n\t\treturn results;\n\t}\n\n\tpublic async listDatasets(): Promise<InsightDataset[]> {\n\t\tconst dataset: InsightDataset[] = [];\n\t\tconst jsonString = await this.loadDataFromDisk(\"./data/section.json\");\n\t\tconst jsonArray: [string, string, any][] = JSON.parse(jsonString);\n\t\tconst promises = jsonArray.map(async ([id, kind, value]) => {\n\t\t\treturn this.createInsightData(id, kind, value.length);\n\t\t});\n\t\tconst results = await Promise.all(promises);\n\t\tdataset.push(...results);\n\t\treturn dataset;\n\t}\n\n\tpublic async loadDatasetsFromDisk(): Promise<void> {\n\t\ttry {\n\t\t\tconst fileExists = await fs.pathExists(\"./data/section.json\");\n\t\t\tif (fileExists && this.existingDatasetIds.length === 0) {\n\t\t\t\tconst json = await this.loadDataFromDisk(\"./data/section.json\");\n\t\t\t\tconst jsonArray: [string, any[]][] = JSON.parse(json);\n\t\t\t\tfor (const [id] of jsonArray) {\n\t\t\t\t\tthis.existingDatasetIds.push(id);\n\t\t\t\t}\n\t\t\t} else if (this.existingDatasetIds.length === 0) {\n\t\t\t\tawait this.saveDataToDisk(\"\");\n\t\t\t}\n\t\t} catch (e) {\n\t\t\treturn Promise.reject(new InsightError(`loading data failed: ${e}`));\n\t\t}\n\t}\n\n\tprivate validateId(id: string): void {\n\t\tif (!/^[^_]+$/.test(id) || !id.trim()) {\n\t\t\tthrow new InsightError(`Invalid id: ${id}`);\n\t\t}\n\t}\n\n\tprivate async loadDataFromDisk(filePath: string): Promise<any> {\n\t\ttry {\n\t\t\tconst dataString = await fs.readJSON(filePath);\n\t\t\treturn dataString;\n\t\t} catch (error) {\n\t\t\treturn Promise.reject(`loaddata: ${error}`);\n\t\t}\n\t}\n\n\tprivate async saveDataToDisk(data: any): Promise<void> {\n\t\ttry {\n\t\t\tconst directoryPath = \"./data\";\n\t\t\tawait fs.ensureDir(directoryPath);\n\t\t\tconst filePath = `${directoryPath}/section.json`;\n\t\t\tawait fs.writeJSON(filePath, data);\n\t\t} catch (error) {\n\t\t\tthrow new Error(`saveDataToDisk: ${error}`);\n\t\t}\n\t}\n\n\tprivate async addSectionDataset(id: string, content: string): Promise<string[]> {\n\t\tlet jsonArray: [string, string, any[]][] = [];\n\t\tconst validator = new ValidateDataset();\n\t\tconst processedDataset = await validator.validDataset(content);\n\t\tif (processedDataset.length !== 0) {\n\t\t\tif (this.existingDatasetIds.length !== 0) {\n\t\t\t\tconst json = await this.loadDataFromDisk(\"./data/section.json\");\n\t\t\t\tjsonArray = JSON.parse(json);\n\t\t\t}\n\t\t}\n\t\tjsonArray.push([id, \"section\", processedDataset]);\n\t\tconst jsonString = JSON.stringify(jsonArray);\n\t\tawait this.saveDataToDisk(jsonString);\n\t\tthis.existingDatasetIds.push(id);\n\t\tthis.datasets.set(id, processedDataset);\n\t\treturn Array.from(this.existingDatasetIds);\n\t}\n\n\tprivate async addRoomDataset(id: string, content: string): Promise<string[]> {\n\t\tlet jsonArray: [string, string, any[]][] = [];\n\t\tconst listOfRooms: Room[] = await parseRooms(content);\n\t\tif (listOfRooms.length !== 0) {\n\t\t\tif (this.existingDatasetIds.length !== 0) {\n\t\t\t\tconst json = await this.loadDataFromDisk(\"./data/data.json\");\n\t\t\t\tjsonArray = JSON.parse(json);\n\t\t\t}\n\t\t\tjsonArray.push([id, \"room\", listOfRooms]);\n\t\t\tconst jsonString = JSON.stringify(jsonArray);\n\t\t\tawait this.saveDataToDisk(jsonString);\n\t\t\tthis.existingDatasetIds.push(id);\n\t\t\treturn Array.from(this.existingDatasetIds);\n\t\t}\n\t\treturn Promise.reject(new InsightError(\"Less than 0 valid rooms\"));\n\t}\n\n\tprivate async createInsightData(id: string, kind: string, numRows: number): Promise<InsightDataset> {\n\t\tif (kind === \"section\") {\n\t\t\tconst dataKind = InsightDatasetKind.Sections;\n\t\t\treturn {\n\t\t\t\tid: id,\n\t\t\t\tkind: dataKind,\n\t\t\t\tnumRows: numRows,\n\t\t\t};\n\t\t} else {\n\t\t\tthrow new InsightError(`different kind`);\n\t\t}\n\t}\n}\n"]},"_coverageSchema":"1a1c01bbd47fc00a2c39e90264f33305004495a9","hash":"499530f4f5bb8583ca1d44222afe16d582750158","contentHash":"f8c471fb511cadc6a1b1e3b5a0a7e56b99480cde5feaa5a71f6ab19fa70946b9"},"/Users/yasuiyuri/project_team058/src/controller/QueryHelper.ts":{"path":"/Users/yasuiyuri/project_team058/src/controller/QueryHelper.ts","statementMap":{"0":{"start":{"line":2,"column":0},"end":{"line":2,"column":62}},"1":{"start":{"line":3,"column":0},"end":{"line":3,"column":29}},"2":{"start":{"line":4,"column":25},"end":{"line":4,"column":52}},"3":{"start":{"line":9,"column":8},"end":{"line":9,"column":53}},"4":{"start":{"line":10,"column":8},"end":{"line":10,"column":33}},"5":{"start":{"line":13,"column":8},"end":{"line":15,"column":9}},"6":{"start":{"line":14,"column":12},"end":{"line":14,"column":88}},"7":{"start":{"line":16,"column":8},"end":{"line":18,"column":9}},"8":{"start":{"line":17,"column":12},"end":{"line":17,"column":105}},"9":{"start":{"line":19,"column":8},"end":{"line":21,"column":9}},"10":{"start":{"line":20,"column":12},"end":{"line":20,"column":88}},"11":{"start":{"line":22,"column":8},"end":{"line":24,"column":9}},"12":{"start":{"line":23,"column":12},"end":{"line":23,"column":90}},"13":{"start":{"line":25,"column":8},"end":{"line":27,"column":9}},"14":{"start":{"line":26,"column":12},"end":{"line":26,"column":85}},"15":{"start":{"line":28,"column":8},"end":{"line":30,"column":9}},"16":{"start":{"line":29,"column":12},"end":{"line":29,"column":90}},"17":{"start":{"line":31,"column":8},"end":{"line":31,"column":20}},"18":{"start":{"line":34,"column":27},"end":{"line":34,"column":36}},"19":{"start":{"line":35,"column":24},"end":{"line":35,"column":45}},"20":{"start":{"line":36,"column":8},"end":{"line":42,"column":9}},"21":{"start":{"line":37,"column":12},"end":{"line":39,"column":13}},"22":{"start":{"line":38,"column":16},"end":{"line":38,"column":89}},"23":{"start":{"line":40,"column":25},"end":{"line":40,"column":39}},"24":{"start":{"line":41,"column":12},"end":{"line":41,"column":31}},"25":{"start":{"line":43,"column":8},"end":{"line":43,"column":65}},"26":{"start":{"line":44,"column":8},"end":{"line":46,"column":9}},"27":{"start":{"line":45,"column":12},"end":{"line":45,"column":91}},"28":{"start":{"line":47,"column":8},"end":{"line":47,"column":48}},"29":{"start":{"line":50,"column":8},"end":{"line":52,"column":9}},"30":{"start":{"line":51,"column":12},"end":{"line":51,"column":19}},"31":{"start":{"line":53,"column":20},"end":{"line":53,"column":41}},"32":{"start":{"line":54,"column":8},"end":{"line":74,"column":9}},"33":{"start":{"line":55,"column":31},"end":{"line":55,"column":41}},"34":{"start":{"line":56,"column":12},"end":{"line":58,"column":13}},"35":{"start":{"line":57,"column":16},"end":{"line":57,"column":93}},"36":{"start":{"line":59,"column":12},"end":{"line":61,"column":13}},"37":{"start":{"line":60,"column":16},"end":{"line":60,"column":71}},"38":{"start":{"line":63,"column":13},"end":{"line":74,"column":9}},"39":{"start":{"line":64,"column":12},"end":{"line":64,"column":68}},"40":{"start":{"line":66,"column":13},"end":{"line":74,"column":9}},"41":{"start":{"line":67,"column":31},"end":{"line":67,"column":41}},"42":{"start":{"line":68,"column":28},"end":{"line":68,"column":54}},"43":{"start":{"line":69,"column":25},"end":{"line":69,"column":43}},"44":{"start":{"line":70,"column":12},"end":{"line":70,"column":31}},"45":{"start":{"line":73,"column":12},"end":{"line":73,"column":77}},"46":{"start":{"line":77,"column":8},"end":{"line":79,"column":9}},"47":{"start":{"line":78,"column":12},"end":{"line":78,"column":24}},"48":{"start":{"line":80,"column":20},"end":{"line":80,"column":41}},"49":{"start":{"line":81,"column":8},"end":{"line":96,"column":9}},"50":{"start":{"line":83,"column":16},"end":{"line":83,"column":66}},"51":{"start":{"line":85,"column":16},"end":{"line":85,"column":65}},"52":{"start":{"line":87,"column":16},"end":{"line":87,"column":66}},"53":{"start":{"line":91,"column":16},"end":{"line":91,"column":79}},"54":{"start":{"line":93,"column":16},"end":{"line":93,"column":74}},"55":{"start":{"line":95,"column":16},"end":{"line":95,"column":81}},"56":{"start":{"line":99,"column":8},"end":{"line":101,"column":9}},"57":{"start":{"line":100,"column":12},"end":{"line":100,"column":97}},"58":{"start":{"line":102,"column":8},"end":{"line":102,"column":115}},"59":{"start":{"line":102,"column":56},"end":{"line":102,"column":107}},"60":{"start":{"line":105,"column":8},"end":{"line":107,"column":9}},"61":{"start":{"line":106,"column":12},"end":{"line":106,"column":96}},"62":{"start":{"line":108,"column":26},"end":{"line":108,"column":35}},"63":{"start":{"line":109,"column":8},"end":{"line":112,"column":9}},"64":{"start":{"line":110,"column":27},"end":{"line":110,"column":76}},"65":{"start":{"line":111,"column":12},"end":{"line":111,"column":58}},"66":{"start":{"line":111,"column":37},"end":{"line":111,"column":56}},"67":{"start":{"line":113,"column":8},"end":{"line":113,"column":37}},"68":{"start":{"line":116,"column":25},"end":{"line":116,"column":74}},"69":{"start":{"line":117,"column":8},"end":{"line":117,"column":63}},"70":{"start":{"line":117,"column":37},"end":{"line":117,"column":61}},"71":{"start":{"line":120,"column":21},"end":{"line":120,"column":48}},"72":{"start":{"line":121,"column":22},"end":{"line":121,"column":39}},"73":{"start":{"line":122,"column":8},"end":{"line":124,"column":9}},"74":{"start":{"line":123,"column":12},"end":{"line":123,"column":91}},"75":{"start":{"line":125,"column":31},"end":{"line":125,"column":46}},"76":{"start":{"line":126,"column":8},"end":{"line":128,"column":9}},"77":{"start":{"line":127,"column":12},"end":{"line":127,"column":107}},"78":{"start":{"line":129,"column":28},"end":{"line":129,"column":68}},"79":{"start":{"line":130,"column":8},"end":{"line":132,"column":9}},"80":{"start":{"line":131,"column":12},"end":{"line":131,"column":85}},"81":{"start":{"line":133,"column":22},"end":{"line":133,"column":30}},"82":{"start":{"line":134,"column":8},"end":{"line":146,"column":11}},"83":{"start":{"line":135,"column":30},"end":{"line":135,"column":41}},"84":{"start":{"line":136,"column":12},"end":{"line":145,"column":13}},"85":{"start":{"line":138,"column":20},"end":{"line":138,"column":45}},"86":{"start":{"line":140,"column":20},"end":{"line":140,"column":45}},"87":{"start":{"line":142,"column":20},"end":{"line":142,"column":47}},"88":{"start":{"line":144,"column":20},"end":{"line":144,"column":83}},"89":{"start":{"line":149,"column":21},"end":{"line":149,"column":48}},"90":{"start":{"line":150,"column":22},"end":{"line":150,"column":39}},"91":{"start":{"line":151,"column":8},"end":{"line":153,"column":9}},"92":{"start":{"line":152,"column":12},"end":{"line":152,"column":91}},"93":{"start":{"line":154,"column":31},"end":{"line":154,"column":46}},"94":{"start":{"line":155,"column":8},"end":{"line":157,"column":9}},"95":{"start":{"line":156,"column":12},"end":{"line":156,"column":107}},"96":{"start":{"line":158,"column":28},"end":{"line":158,"column":73}},"97":{"start":{"line":159,"column":8},"end":{"line":161,"column":9}},"98":{"start":{"line":160,"column":12},"end":{"line":160,"column":85}},"99":{"start":{"line":162,"column":8},"end":{"line":164,"column":9}},"100":{"start":{"line":163,"column":12},"end":{"line":163,"column":85}},"101":{"start":{"line":165,"column":22},"end":{"line":165,"column":30}},"102":{"start":{"line":166,"column":8},"end":{"line":166,"column":71}},"103":{"start":{"line":166,"column":37},"end":{"line":166,"column":69}},"104":{"start":{"line":169,"column":26},"end":{"line":169,"column":29}},"105":{"start":{"line":170,"column":31},"end":{"line":170,"column":76}},"106":{"start":{"line":171,"column":8},"end":{"line":173,"column":9}},"107":{"start":{"line":172,"column":12},"end":{"line":172,"column":32}},"108":{"start":{"line":174,"column":8},"end":{"line":174,"column":38}},"109":{"start":{"line":175,"column":8},"end":{"line":177,"column":9}},"110":{"start":{"line":176,"column":12},"end":{"line":176,"column":32}},"111":{"start":{"line":178,"column":8},"end":{"line":178,"column":27}},"112":{"start":{"line":179,"column":22},"end":{"line":179,"column":45}},"113":{"start":{"line":180,"column":8},"end":{"line":180,"column":37}},"114":{"start":{"line":183,"column":27},"end":{"line":183,"column":47}},"115":{"start":{"line":184,"column":26},"end":{"line":184,"column":50}},"116":{"start":{"line":185,"column":8},"end":{"line":187,"column":9}},"117":{"start":{"line":186,"column":12},"end":{"line":186,"column":24}},"118":{"start":{"line":188,"column":8},"end":{"line":190,"column":9}},"119":{"start":{"line":189,"column":12},"end":{"line":189,"column":24}},"120":{"start":{"line":191,"column":8},"end":{"line":191,"column":21}},"121":{"start":{"line":194,"column":8},"end":{"line":194,"column":61}},"122":{"start":{"line":197,"column":23},"end":{"line":197,"column":25}},"123":{"start":{"line":198,"column":8},"end":{"line":220,"column":9}},"124":{"start":{"line":199,"column":35},"end":{"line":199,"column":49}},"125":{"start":{"line":200,"column":12},"end":{"line":202,"column":13}},"126":{"start":{"line":201,"column":16},"end":{"line":201,"column":105}},"127":{"start":{"line":203,"column":32},"end":{"line":214,"column":13}},"128":{"start":{"line":215,"column":12},"end":{"line":217,"column":13}},"129":{"start":{"line":216,"column":16},"end":{"line":216,"column":85}},"130":{"start":{"line":218,"column":26},"end":{"line":218,"column":34}},"131":{"start":{"line":219,"column":12},"end":{"line":219,"column":38}},"132":{"start":{"line":221,"column":8},"end":{"line":221,"column":22}},"133":{"start":{"line":224,"column":8},"end":{"line":257,"column":9}},"134":{"start":{"line":225,"column":26},"end":{"line":225,"column":39}},"135":{"start":{"line":226,"column":12},"end":{"line":256,"column":13}},"136":{"start":{"line":227,"column":16},"end":{"line":229,"column":17}},"137":{"start":{"line":228,"column":20},"end":{"line":228,"column":93}},"138":{"start":{"line":230,"column":16},"end":{"line":249,"column":19}},"139":{"start":{"line":231,"column":20},"end":{"line":248,"column":21}},"140":{"start":{"line":232,"column":24},"end":{"line":232,"column":34}},"141":{"start":{"line":234,"column":25},"end":{"line":248,"column":21}},"142":{"start":{"line":235,"column":24},"end":{"line":235,"column":33}},"143":{"start":{"line":238,"column":45},"end":{"line":238,"column":60}},"144":{"start":{"line":239,"column":24},"end":{"line":247,"column":25}},"145":{"start":{"line":240,"column":28},"end":{"line":240,"column":38}},"146":{"start":{"line":242,"column":29},"end":{"line":247,"column":25}},"147":{"start":{"line":243,"column":28},"end":{"line":243,"column":37}},"148":{"start":{"line":246,"column":28},"end":{"line":246,"column":37}},"149":{"start":{"line":251,"column":17},"end":{"line":256,"column":13}},"150":{"start":{"line":252,"column":16},"end":{"line":252,"column":90}},"151":{"start":{"line":255,"column":16},"end":{"line":255,"column":74}},"152":{"start":{"line":260,"column":24},"end":{"line":260,"column":39}},"153":{"start":{"line":261,"column":24},"end":{"line":261,"column":84}},"154":{"start":{"line":261,"column":43},"end":{"line":261,"column":83}},"155":{"start":{"line":262,"column":8},"end":{"line":262,"column":51}},"156":{"start":{"line":263,"column":8},"end":{"line":263,"column":23}},"157":{"start":{"line":266,"column":0},"end":{"line":266,"column":34}}},"fnMap":{"0":{"name":"(anonymous_0)","decl":{"start":{"line":8,"column":4},"end":{"line":8,"column":5}},"loc":{"start":{"line":8,"column":46},"end":{"line":11,"column":5}},"line":8},"1":{"name":"(anonymous_1)","decl":{"start":{"line":12,"column":4},"end":{"line":12,"column":5}},"loc":{"start":{"line":12,"column":27},"end":{"line":32,"column":5}},"line":12},"2":{"name":"(anonymous_2)","decl":{"start":{"line":33,"column":4},"end":{"line":33,"column":5}},"loc":{"start":{"line":33,"column":33},"end":{"line":48,"column":5}},"line":33},"3":{"name":"(anonymous_3)","decl":{"start":{"line":49,"column":4},"end":{"line":49,"column":5}},"loc":{"start":{"line":49,"column":50},"end":{"line":75,"column":5}},"line":49},"4":{"name":"(anonymous_4)","decl":{"start":{"line":76,"column":4},"end":{"line":76,"column":5}},"loc":{"start":{"line":76,"column":45},"end":{"line":97,"column":5}},"line":76},"5":{"name":"(anonymous_5)","decl":{"start":{"line":98,"column":4},"end":{"line":98,"column":5}},"loc":{"start":{"line":98,"column":42},"end":{"line":103,"column":5}},"line":98},"6":{"name":"(anonymous_6)","decl":{"start":{"line":102,"column":33},"end":{"line":102,"column":34}},"loc":{"start":{"line":102,"column":56},"end":{"line":102,"column":107}},"line":102},"7":{"name":"(anonymous_7)","decl":{"start":{"line":104,"column":4},"end":{"line":104,"column":5}},"loc":{"start":{"line":104,"column":41},"end":{"line":114,"column":5}},"line":104},"8":{"name":"(anonymous_8)","decl":{"start":{"line":111,"column":27},"end":{"line":111,"column":28}},"loc":{"start":{"line":111,"column":37},"end":{"line":111,"column":56}},"line":111},"9":{"name":"(anonymous_9)","decl":{"start":{"line":115,"column":4},"end":{"line":115,"column":5}},"loc":{"start":{"line":115,"column":41},"end":{"line":118,"column":5}},"line":115},"10":{"name":"(anonymous_10)","decl":{"start":{"line":117,"column":27},"end":{"line":117,"column":28}},"loc":{"start":{"line":117,"column":37},"end":{"line":117,"column":61}},"line":117},"11":{"name":"(anonymous_11)","decl":{"start":{"line":119,"column":4},"end":{"line":119,"column":5}},"loc":{"start":{"line":119,"column":63},"end":{"line":147,"column":5}},"line":119},"12":{"name":"(anonymous_12)","decl":{"start":{"line":134,"column":27},"end":{"line":134,"column":28}},"loc":{"start":{"line":134,"column":37},"end":{"line":146,"column":9}},"line":134},"13":{"name":"(anonymous_13)","decl":{"start":{"line":148,"column":4},"end":{"line":148,"column":5}},"loc":{"start":{"line":148,"column":51},"end":{"line":167,"column":5}},"line":148},"14":{"name":"(anonymous_14)","decl":{"start":{"line":166,"column":27},"end":{"line":166,"column":28}},"loc":{"start":{"line":166,"column":37},"end":{"line":166,"column":69}},"line":166},"15":{"name":"(anonymous_15)","decl":{"start":{"line":168,"column":4},"end":{"line":168,"column":5}},"loc":{"start":{"line":168,"column":32},"end":{"line":181,"column":5}},"line":168},"16":{"name":"(anonymous_16)","decl":{"start":{"line":182,"column":4},"end":{"line":182,"column":5}},"loc":{"start":{"line":182,"column":30},"end":{"line":192,"column":5}},"line":182},"17":{"name":"(anonymous_17)","decl":{"start":{"line":193,"column":4},"end":{"line":193,"column":5}},"loc":{"start":{"line":193,"column":25},"end":{"line":195,"column":5}},"line":193},"18":{"name":"(anonymous_18)","decl":{"start":{"line":196,"column":4},"end":{"line":196,"column":5}},"loc":{"start":{"line":196,"column":40},"end":{"line":222,"column":5}},"line":196},"19":{"name":"(anonymous_19)","decl":{"start":{"line":223,"column":4},"end":{"line":223,"column":5}},"loc":{"start":{"line":223,"column":42},"end":{"line":258,"column":5}},"line":223},"20":{"name":"(anonymous_20)","decl":{"start":{"line":230,"column":29},"end":{"line":230,"column":30}},"loc":{"start":{"line":230,"column":39},"end":{"line":249,"column":17}},"line":230},"21":{"name":"(anonymous_21)","decl":{"start":{"line":259,"column":4},"end":{"line":259,"column":5}},"loc":{"start":{"line":259,"column":43},"end":{"line":264,"column":5}},"line":259},"22":{"name":"(anonymous_22)","decl":{"start":{"line":261,"column":33},"end":{"line":261,"column":34}},"loc":{"start":{"line":261,"column":43},"end":{"line":261,"column":83}},"line":261}},"branchMap":{"0":{"loc":{"start":{"line":13,"column":8},"end":{"line":15,"column":9}},"type":"if","locations":[{"start":{"line":13,"column":8},"end":{"line":15,"column":9}},{"start":{"line":13,"column":8},"end":{"line":15,"column":9}}],"line":13},"1":{"loc":{"start":{"line":13,"column":12},"end":{"line":13,"column":79}},"type":"binary-expr","locations":[{"start":{"line":13,"column":12},"end":{"line":13,"column":37}},{"start":{"line":13,"column":41},"end":{"line":13,"column":55}},{"start":{"line":13,"column":59},"end":{"line":13,"column":79}}],"line":13},"2":{"loc":{"start":{"line":16,"column":8},"end":{"line":18,"column":9}},"type":"if","locations":[{"start":{"line":16,"column":8},"end":{"line":18,"column":9}},{"start":{"line":16,"column":8},"end":{"line":18,"column":9}}],"line":16},"3":{"loc":{"start":{"line":16,"column":12},"end":{"line":16,"column":56}},"type":"binary-expr","locations":[{"start":{"line":16,"column":12},"end":{"line":16,"column":31}},{"start":{"line":16,"column":35},"end":{"line":16,"column":56}}],"line":16},"4":{"loc":{"start":{"line":19,"column":8},"end":{"line":21,"column":9}},"type":"if","locations":[{"start":{"line":19,"column":8},"end":{"line":21,"column":9}},{"start":{"line":19,"column":8},"end":{"line":21,"column":9}}],"line":19},"5":{"loc":{"start":{"line":19,"column":12},"end":{"line":19,"column":97}},"type":"binary-expr","locations":[{"start":{"line":19,"column":12},"end":{"line":19,"column":43}},{"start":{"line":19,"column":47},"end":{"line":19,"column":67}},{"start":{"line":19,"column":71},"end":{"line":19,"column":97}}],"line":19},"6":{"loc":{"start":{"line":22,"column":8},"end":{"line":24,"column":9}},"type":"if","locations":[{"start":{"line":22,"column":8},"end":{"line":24,"column":9}},{"start":{"line":22,"column":8},"end":{"line":24,"column":9}}],"line":22},"7":{"loc":{"start":{"line":22,"column":12},"end":{"line":22,"column":103}},"type":"binary-expr","locations":[{"start":{"line":22,"column":12},"end":{"line":22,"column":45}},{"start":{"line":22,"column":49},"end":{"line":22,"column":71}},{"start":{"line":22,"column":75},"end":{"line":22,"column":103}}],"line":22},"8":{"loc":{"start":{"line":25,"column":8},"end":{"line":27,"column":9}},"type":"if","locations":[{"start":{"line":25,"column":8},"end":{"line":27,"column":9}},{"start":{"line":25,"column":8},"end":{"line":27,"column":9}}],"line":25},"9":{"loc":{"start":{"line":28,"column":8},"end":{"line":30,"column":9}},"type":"if","locations":[{"start":{"line":28,"column":8},"end":{"line":30,"column":9}},{"start":{"line":28,"column":8},"end":{"line":30,"column":9}}],"line":28},"10":{"loc":{"start":{"line":28,"column":12},"end":{"line":28,"column":87}},"type":"binary-expr","locations":[{"start":{"line":28,"column":12},"end":{"line":28,"column":49}},{"start":{"line":28,"column":53},"end":{"line":28,"column":87}}],"line":28},"11":{"loc":{"start":{"line":37,"column":12},"end":{"line":39,"column":13}},"type":"if","locations":[{"start":{"line":37,"column":12},"end":{"line":39,"column":13}},{"start":{"line":37,"column":12},"end":{"line":39,"column":13}}],"line":37},"12":{"loc":{"start":{"line":44,"column":8},"end":{"line":46,"column":9}},"type":"if","locations":[{"start":{"line":44,"column":8},"end":{"line":46,"column":9}},{"start":{"line":44,"column":8},"end":{"line":46,"column":9}}],"line":44},"13":{"loc":{"start":{"line":50,"column":8},"end":{"line":52,"column":9}},"type":"if","locations":[{"start":{"line":50,"column":8},"end":{"line":52,"column":9}},{"start":{"line":50,"column":8},"end":{"line":52,"column":9}}],"line":50},"14":{"loc":{"start":{"line":54,"column":8},"end":{"line":74,"column":9}},"type":"if","locations":[{"start":{"line":54,"column":8},"end":{"line":74,"column":9}},{"start":{"line":54,"column":8},"end":{"line":74,"column":9}}],"line":54},"15":{"loc":{"start":{"line":56,"column":12},"end":{"line":58,"column":13}},"type":"if","locations":[{"start":{"line":56,"column":12},"end":{"line":58,"column":13}},{"start":{"line":56,"column":12},"end":{"line":58,"column":13}}],"line":56},"16":{"loc":{"start":{"line":56,"column":16},"end":{"line":56,"column":69}},"type":"binary-expr","locations":[{"start":{"line":56,"column":16},"end":{"line":56,"column":42}},{"start":{"line":56,"column":46},"end":{"line":56,"column":69}}],"line":56},"17":{"loc":{"start":{"line":63,"column":13},"end":{"line":74,"column":9}},"type":"if","locations":[{"start":{"line":63,"column":13},"end":{"line":74,"column":9}},{"start":{"line":63,"column":13},"end":{"line":74,"column":9}}],"line":63},"18":{"loc":{"start":{"line":66,"column":13},"end":{"line":74,"column":9}},"type":"if","locations":[{"start":{"line":66,"column":13},"end":{"line":74,"column":9}},{"start":{"line":66,"column":13},"end":{"line":74,"column":9}}],"line":66},"19":{"loc":{"start":{"line":77,"column":8},"end":{"line":79,"column":9}},"type":"if","locations":[{"start":{"line":77,"column":8},"end":{"line":79,"column":9}},{"start":{"line":77,"column":8},"end":{"line":79,"column":9}}],"line":77},"20":{"loc":{"start":{"line":81,"column":8},"end":{"line":96,"column":9}},"type":"switch","locations":[{"start":{"line":82,"column":12},"end":{"line":83,"column":66}},{"start":{"line":84,"column":12},"end":{"line":85,"column":65}},{"start":{"line":86,"column":12},"end":{"line":87,"column":66}},{"start":{"line":88,"column":12},"end":{"line":88,"column":22}},{"start":{"line":89,"column":12},"end":{"line":89,"column":22}},{"start":{"line":90,"column":12},"end":{"line":91,"column":79}},{"start":{"line":92,"column":12},"end":{"line":93,"column":74}},{"start":{"line":94,"column":12},"end":{"line":95,"column":81}}],"line":81},"21":{"loc":{"start":{"line":99,"column":8},"end":{"line":101,"column":9}},"type":"if","locations":[{"start":{"line":99,"column":8},"end":{"line":101,"column":9}},{"start":{"line":99,"column":8},"end":{"line":101,"column":9}}],"line":99},"22":{"loc":{"start":{"line":99,"column":12},"end":{"line":99,"column":65}},"type":"binary-expr","locations":[{"start":{"line":99,"column":12},"end":{"line":99,"column":38}},{"start":{"line":99,"column":42},"end":{"line":99,"column":65}}],"line":99},"23":{"loc":{"start":{"line":105,"column":8},"end":{"line":107,"column":9}},"type":"if","locations":[{"start":{"line":105,"column":8},"end":{"line":107,"column":9}},{"start":{"line":105,"column":8},"end":{"line":107,"column":9}}],"line":105},"24":{"loc":{"start":{"line":105,"column":12},"end":{"line":105,"column":65}},"type":"binary-expr","locations":[{"start":{"line":105,"column":12},"end":{"line":105,"column":38}},{"start":{"line":105,"column":42},"end":{"line":105,"column":65}}],"line":105},"25":{"loc":{"start":{"line":122,"column":8},"end":{"line":124,"column":9}},"type":"if","locations":[{"start":{"line":122,"column":8},"end":{"line":124,"column":9}},{"start":{"line":122,"column":8},"end":{"line":124,"column":9}}],"line":122},"26":{"loc":{"start":{"line":126,"column":8},"end":{"line":128,"column":9}},"type":"if","locations":[{"start":{"line":126,"column":8},"end":{"line":128,"column":9}},{"start":{"line":126,"column":8},"end":{"line":128,"column":9}}],"line":126},"27":{"loc":{"start":{"line":130,"column":8},"end":{"line":132,"column":9}},"type":"if","locations":[{"start":{"line":130,"column":8},"end":{"line":132,"column":9}},{"start":{"line":130,"column":8},"end":{"line":132,"column":9}}],"line":130},"28":{"loc":{"start":{"line":136,"column":12},"end":{"line":145,"column":13}},"type":"switch","locations":[{"start":{"line":137,"column":16},"end":{"line":138,"column":45}},{"start":{"line":139,"column":16},"end":{"line":140,"column":45}},{"start":{"line":141,"column":16},"end":{"line":142,"column":47}},{"start":{"line":143,"column":16},"end":{"line":144,"column":83}}],"line":136},"29":{"loc":{"start":{"line":151,"column":8},"end":{"line":153,"column":9}},"type":"if","locations":[{"start":{"line":151,"column":8},"end":{"line":153,"column":9}},{"start":{"line":151,"column":8},"end":{"line":153,"column":9}}],"line":151},"30":{"loc":{"start":{"line":155,"column":8},"end":{"line":157,"column":9}},"type":"if","locations":[{"start":{"line":155,"column":8},"end":{"line":157,"column":9}},{"start":{"line":155,"column":8},"end":{"line":157,"column":9}}],"line":155},"31":{"loc":{"start":{"line":159,"column":8},"end":{"line":161,"column":9}},"type":"if","locations":[{"start":{"line":159,"column":8},"end":{"line":161,"column":9}},{"start":{"line":159,"column":8},"end":{"line":161,"column":9}}],"line":159},"32":{"loc":{"start":{"line":162,"column":8},"end":{"line":164,"column":9}},"type":"if","locations":[{"start":{"line":162,"column":8},"end":{"line":164,"column":9}},{"start":{"line":162,"column":8},"end":{"line":164,"column":9}}],"line":162},"33":{"loc":{"start":{"line":171,"column":8},"end":{"line":173,"column":9}},"type":"if","locations":[{"start":{"line":171,"column":8},"end":{"line":173,"column":9}},{"start":{"line":171,"column":8},"end":{"line":173,"column":9}}],"line":171},"34":{"loc":{"start":{"line":175,"column":8},"end":{"line":177,"column":9}},"type":"if","locations":[{"start":{"line":175,"column":8},"end":{"line":177,"column":9}},{"start":{"line":175,"column":8},"end":{"line":177,"column":9}}],"line":175},"35":{"loc":{"start":{"line":185,"column":8},"end":{"line":187,"column":9}},"type":"if","locations":[{"start":{"line":185,"column":8},"end":{"line":187,"column":9}},{"start":{"line":185,"column":8},"end":{"line":187,"column":9}}],"line":185},"36":{"loc":{"start":{"line":185,"column":12},"end":{"line":185,"column":85}},"type":"binary-expr","locations":[{"start":{"line":185,"column":12},"end":{"line":185,"column":29}},{"start":{"line":185,"column":33},"end":{"line":185,"column":49}},{"start":{"line":185,"column":53},"end":{"line":185,"column":85}}],"line":185},"37":{"loc":{"start":{"line":188,"column":8},"end":{"line":190,"column":9}},"type":"if","locations":[{"start":{"line":188,"column":8},"end":{"line":190,"column":9}},{"start":{"line":188,"column":8},"end":{"line":190,"column":9}}],"line":188},"38":{"loc":{"start":{"line":200,"column":12},"end":{"line":202,"column":13}},"type":"if","locations":[{"start":{"line":200,"column":12},"end":{"line":202,"column":13}},{"start":{"line":200,"column":12},"end":{"line":202,"column":13}}],"line":200},"39":{"loc":{"start":{"line":215,"column":12},"end":{"line":217,"column":13}},"type":"if","locations":[{"start":{"line":215,"column":12},"end":{"line":217,"column":13}},{"start":{"line":215,"column":12},"end":{"line":217,"column":13}}],"line":215},"40":{"loc":{"start":{"line":224,"column":8},"end":{"line":257,"column":9}},"type":"if","locations":[{"start":{"line":224,"column":8},"end":{"line":257,"column":9}},{"start":{"line":224,"column":8},"end":{"line":257,"column":9}}],"line":224},"41":{"loc":{"start":{"line":226,"column":12},"end":{"line":256,"column":13}},"type":"if","locations":[{"start":{"line":226,"column":12},"end":{"line":256,"column":13}},{"start":{"line":226,"column":12},"end":{"line":256,"column":13}}],"line":226},"42":{"loc":{"start":{"line":227,"column":16},"end":{"line":229,"column":17}},"type":"if","locations":[{"start":{"line":227,"column":16},"end":{"line":229,"column":17}},{"start":{"line":227,"column":16},"end":{"line":229,"column":17}}],"line":227},"43":{"loc":{"start":{"line":231,"column":20},"end":{"line":248,"column":21}},"type":"if","locations":[{"start":{"line":231,"column":20},"end":{"line":248,"column":21}},{"start":{"line":231,"column":20},"end":{"line":248,"column":21}}],"line":231},"44":{"loc":{"start":{"line":234,"column":25},"end":{"line":248,"column":21}},"type":"if","locations":[{"start":{"line":234,"column":25},"end":{"line":248,"column":21}},{"start":{"line":234,"column":25},"end":{"line":248,"column":21}}],"line":234},"45":{"loc":{"start":{"line":239,"column":24},"end":{"line":247,"column":25}},"type":"if","locations":[{"start":{"line":239,"column":24},"end":{"line":247,"column":25}},{"start":{"line":239,"column":24},"end":{"line":247,"column":25}}],"line":239},"46":{"loc":{"start":{"line":242,"column":29},"end":{"line":247,"column":25}},"type":"if","locations":[{"start":{"line":242,"column":29},"end":{"line":247,"column":25}},{"start":{"line":242,"column":29},"end":{"line":247,"column":25}}],"line":242},"47":{"loc":{"start":{"line":251,"column":17},"end":{"line":256,"column":13}},"type":"if","locations":[{"start":{"line":251,"column":17},"end":{"line":256,"column":13}},{"start":{"line":251,"column":17},"end":{"line":256,"column":13}}],"line":251}},"s":{"0":1,"1":1,"2":1,"3":21,"4":21,"5":21,"6":1,"7":20,"8":2,"9":18,"10":1,"11":17,"12":0,"13":17,"14":1,"15":16,"16":0,"17":16,"18":16,"19":16,"20":16,"21":26,"22":0,"23":26,"24":26,"25":16,"26":11,"27":0,"28":11,"29":25,"30":0,"31":25,"32":25,"33":5,"34":5,"35":1,"36":4,"37":8,"38":20,"39":1,"40":19,"41":15,"42":15,"43":15,"44":15,"45":4,"46":19,"47":0,"48":19,"49":19,"50":4,"51":0,"52":0,"53":7,"54":8,"55":0,"56":4,"57":0,"58":4,"59":8,"60":0,"61":0,"62":0,"63":0,"64":0,"65":0,"66":0,"67":0,"68":0,"69":0,"70":0,"71":7,"72":7,"73":7,"74":0,"75":7,"76":7,"77":0,"78":7,"79":7,"80":0,"81":7,"82":7,"83":452284,"84":452284,"85":0,"86":452284,"87":0,"88":0,"89":8,"90":8,"91":8,"92":0,"93":8,"94":8,"95":0,"96":8,"97":8,"98":1,"99":7,"100":3,"101":4,"102":4,"103":646,"104":646,"105":646,"106":646,"107":135,"108":646,"109":646,"110":50,"111":646,"112":646,"113":646,"114":7,"115":7,"116":7,"117":2,"118":5,"119":1,"120":4,"121":646,"122":64683,"123":64683,"124":129365,"125":129365,"126":0,"127":129365,"128":129365,"129":1,"130":129364,"131":129364,"132":64682,"133":6,"134":2,"135":2,"136":2,"137":0,"138":2,"139":894271,"140":455290,"141":438981,"142":284192,"143":154789,"144":154789,"145":7059,"146":147730,"147":112207,"148":35523,"149":0,"150":0,"151":0,"152":7,"153":7,"154":64683,"155":6,"156":6,"157":1},"f":{"0":21,"1":21,"2":16,"3":25,"4":19,"5":4,"6":8,"7":0,"8":0,"9":0,"10":0,"11":7,"12":452284,"13":8,"14":646,"15":646,"16":7,"17":646,"18":64683,"19":6,"20":894271,"21":7,"22":64683},"b":{"0":[1,20],"1":[21,21,20],"2":[2,18],"3":[20,18],"4":[1,17],"5":[18,18,17],"6":[0,17],"7":[17,17,17],"8":[1,16],"9":[0,16],"10":[16,16],"11":[0,26],"12":[0,11],"13":[0,25],"14":[5,20],"15":[1,4],"16":[5,4],"17":[1,19],"18":[15,4],"19":[0,19],"20":[4,0,0,0,7,7,8,0],"21":[0,4],"22":[4,4],"23":[0,0],"24":[0,0],"25":[0,7],"26":[0,7],"27":[0,7],"28":[0,452284,0,0],"29":[0,8],"30":[0,8],"31":[1,7],"32":[3,4],"33":[135,511],"34":[50,596],"35":[2,5],"36":[7,6,3],"37":[1,4],"38":[0,129365],"39":[1,129364],"40":[2,4],"41":[2,0],"42":[0,2],"43":[455290,438981],"44":[284192,154789],"45":[7059,147730],"46":[112207,35523],"47":[0,0]},"inputSourceMap":{"version":3,"file":"/Users/yasuiyuri/project_team058/src/controller/QueryHelper.ts","sources":["/Users/yasuiyuri/project_team058/src/controller/QueryHelper.ts"],"names":[],"mappings":";;;AAEA,qDAA+D;AAO/D,MAAa,WAAW;IACf,kBAAkB,CAAW;IAC7B,QAAQ,CAAyB;IAEzC,YAAY,kBAA4B,EAAE,QAAgC;QACzE,IAAI,CAAC,kBAAkB,GAAG,kBAAkB,CAAC;QAC7C,IAAI,CAAC,QAAQ,GAAG,QAAQ,CAAC;IAC1B,CAAC;IAEM,eAAe,CAAC,KAAU;QAChC,IAAI,OAAO,KAAK,KAAK,QAAQ,IAAI,KAAK,KAAK,IAAI,IAAI,KAAK,CAAC,OAAO,CAAC,KAAK,CAAC,EAAE;YACxE,MAAM,IAAI,6BAAY,CAAC,kCAAkC,CAAC,CAAC;SAC3D;QACD,IAAI,CAAC,CAAC,OAAO,IAAI,KAAK,CAAC,IAAI,CAAC,CAAC,SAAS,IAAI,KAAK,CAAC,EAAE;YACjD,MAAM,IAAI,6BAAY,CAAC,mDAAmD,CAAC,CAAC;SAC5E;QACD,IAAI,OAAO,KAAK,CAAC,KAAK,KAAK,QAAQ,IAAI,KAAK,CAAC,KAAK,KAAK,IAAI,IAAI,KAAK,CAAC,OAAO,CAAC,KAAK,CAAC,KAAK,CAAC,EAAE;YAC1F,MAAM,IAAI,6BAAY,CAAC,kCAAkC,CAAC,CAAC;SAC3D;QACD,IAAI,OAAO,KAAK,CAAC,OAAO,KAAK,QAAQ,IAAI,KAAK,CAAC,OAAO,KAAK,IAAI,IAAI,KAAK,CAAC,OAAO,CAAC,KAAK,CAAC,OAAO,CAAC,EAAE;YAChG,MAAM,IAAI,6BAAY,CAAC,oCAAoC,CAAC,CAAC;SAC7D;QACD,IAAI,CAAC,CAAC,SAAS,IAAI,KAAK,CAAC,OAAO,CAAC,EAAE;YAClC,MAAM,IAAI,6BAAY,CAAC,+BAA+B,CAAC,CAAC;SACxD;QACD,IAAI,CAAC,KAAK,CAAC,OAAO,CAAC,KAAK,CAAC,OAAO,CAAC,OAAO,CAAC,IAAI,KAAK,CAAC,OAAO,CAAC,OAAO,CAAC,MAAM,KAAK,CAAC,EAAE;YAChF,MAAM,IAAI,6BAAY,CAAC,oCAAoC,CAAC,CAAC;SAC7D;QAED,OAAO,IAAI,CAAC;IACb,CAAC;IAEM,qBAAqB,CAAC,KAAU;QACtC,MAAM,UAAU,GAAG,IAAI,GAAG,EAAU,CAAC;QAGrC,MAAM,OAAO,GAAG,KAAK,CAAC,OAAO,CAAC,OAAO,CAAC;QACtC,KAAK,MAAM,GAAG,IAAI,OAAO,EAAE;YAC1B,IAAI,OAAO,GAAG,KAAK,QAAQ,EAAE;gBAC5B,MAAM,IAAI,6BAAY,CAAC,+BAA+B,CAAC,CAAC;aACxD;YACD,MAAM,CAAC,EAAE,CAAC,GAAG,GAAG,CAAC,KAAK,CAAC,GAAG,CAAC,CAAC;YAC5B,UAAU,CAAC,GAAG,CAAC,EAAE,CAAC,CAAC;SACnB;QAGD,IAAI,CAAC,0BAA0B,CAAC,KAAK,CAAC,KAAK,EAAE,UAAU,CAAC,CAAC;QAEzD,IAAI,UAAU,CAAC,IAAI,KAAK,CAAC,EAAE;YAC1B,MAAM,IAAI,6BAAY,CAAC,qCAAqC,CAAC,CAAC;SAC9D;QAED,OAAO,UAAU,CAAC,MAAM,EAAE,CAAC,IAAI,EAAE,CAAC,KAAK,CAAC;IACzC,CAAC;IAEO,0BAA0B,CAAC,KAAU,EAAE,UAAuB;QACrE,IAAI,MAAM,CAAC,IAAI,CAAC,KAAK,CAAC,CAAC,MAAM,KAAK,CAAC,EAAE;YACpC,OAAO;SACP;QAED,MAAM,GAAG,GAAG,MAAM,CAAC,IAAI,CAAC,KAAK,CAAC,CAAC,CAAC,CAAC,CAAC;QAClC,IAAI,CAAC,KAAK,EAAE,IAAI,CAAC,CAAC,QAAQ,CAAC,GAAG,CAAC,EAAE;YAChC,MAAM,UAAU,GAAG,KAAK,CAAC,GAAG,CAAC,CAAC;YAC9B,IAAI,CAAC,KAAK,CAAC,OAAO,CAAC,UAAU,CAAC,IAAI,UAAU,CAAC,MAAM,KAAK,CAAC,EAAE;gBAC1D,MAAM,IAAI,6BAAY,CAAC,GAAG,GAAG,6BAA6B,CAAC,CAAC;aAC5D;YACD,KAAK,MAAM,SAAS,IAAI,UAAU,EAAE;gBACnC,IAAI,CAAC,0BAA0B,CAAC,SAAS,EAAE,UAAU,CAAC,CAAC;aACvD;SACD;aAAM,IAAI,GAAG,KAAK,KAAK,EAAE;YACzB,IAAI,CAAC,0BAA0B,CAAC,KAAK,CAAC,GAAG,CAAC,EAAE,UAAU,CAAC,CAAC;SACxD;aAAM,IAAI,CAAC,IAAI,EAAE,IAAI,EAAE,IAAI,EAAE,IAAI,CAAC,CAAC,QAAQ,CAAC,GAAG,CAAC,EAAE;YAClD,MAAM,UAAU,GAAG,KAAK,CAAC,GAAG,CAAC,CAAC;YAC9B,MAAM,OAAO,GAAG,MAAM,CAAC,IAAI,CAAC,UAAU,CAAC,CAAC,CAAC,CAAC,CAAC;YAC3C,MAAM,CAAC,EAAE,CAAC,GAAG,OAAO,CAAC,KAAK,CAAC,GAAG,CAAC,CAAC;YAChC,UAAU,CAAC,GAAG,CAAC,EAAE,CAAC,CAAC;SACnB;aAAM;YACN,MAAM,IAAI,6BAAY,CAAC,uBAAuB,CAAC,CAAC;SAChD;IACF,CAAC;IAEM,gBAAgB,CAAC,IAAe,EAAE,KAAU,EAAE,SAAiB;QACrE,IAAI,MAAM,CAAC,IAAI,CAAC,KAAK,CAAC,CAAC,MAAM,KAAK,CAAC,EAAE;YACpC,OAAO
[...]
ype":"if","locations":[{"start":{"line":50,"column":12},"end":{"line":52,"column":13}},{"start":{"line":50,"column":12},"end":{"line":52,"column":13}}],"line":50},"11":{"loc":{"start":{"line":58,"column":51},"end":{"line":68,"column":12}},"type":"cond-expr","locations":[{"start":{"line":59,"column":10},"end":{"line":67,"column":11}},{"start":{"line":68,"column":10},"end":{"line":68,"column":12}}],"line":58},"12":{"loc":{"start":{"line":72,"column":55},"end":{"line":83,"column":16}},"type":"cond-expr","locations":[{"start":{"line":73,"column":14},"end":{"line":82,"column":14}},{"start":{"line":83,"column":14},"end":{"line":83,"column":16}}],"line":72},"13":{"loc":{"start":{"line":99,"column":4},"end":{"line":104,"column":5}},"type":"if","locations":[{"start":{"line":99,"column":4},"end":{"line":104,"column":5}},{"start":{"line":99,"column":4},"end":{"line":104,"column":5}}],"line":99},"14":{"loc":{"start":{"line":110,"column":8},"end":{"line":124,"column":9}},"type":"if","locations":[{"start":{"line":110,"column":8},"end":{"line":124,"column":9}},{"start":{"line":110,"column":8},"end":{"line":124,"column":9}}],"line":110},"15":{"loc":{"start":{"line":110,"column":12},"end":{"line":110,"column":61}},"type":"binary-expr","locations":[{"start":{"line":110,"column":12},"end":{"line":110,"column":29}},{"start":{"line":110,"column":33},"end":{"line":110,"column":61}}],"line":110},"16":{"loc":{"start":{"line":112,"column":12},"end":{"line":114,"column":13}},"type":"if","locations":[{"start":{"line":112,"column":12},"end":{"line":114,"column":13}},{"start":{"line":112,"column":12},"end":{"line":114,"column":13}}],"line":112},"17":{"loc":{"start":{"line":115,"column":12},"end":{"line":123,"column":13}},"type":"if","locations":[{"start":{"line":115,"column":12},"end":{"line":123,"column":13}},{"start":{"line":115,"column":12},"end":{"line":123,"column":13}}],"line":115},"18":{"loc":{"start":{"line":116,"column":16},"end":{"line":118,"column":17}},"type":"if","locations":[{"start":{"line":116,"column":16},"end":{"line":118,"column":17}},{"start":{"line":116,"column":16},"end":{"line":118,"column":17}}],"line":116},"19":{"loc":{"start":{"line":119,"column":16},"end":{"line":121,"column":17}},"type":"if","locations":[{"start":{"line":119,"column":16},"end":{"line":121,"column":17}},{"start":{"line":119,"column":16},"end":{"line":121,"column":17}}],"line":119},"20":{"loc":{"start":{"line":125,"column":8},"end":{"line":129,"column":9}},"type":"if","locations":[{"start":{"line":125,"column":8},"end":{"line":129,"column":9}},{"start":{"line":125,"column":8},"end":{"line":129,"column":9}}],"line":125},"21":{"loc":{"start":{"line":144,"column":12},"end":{"line":146,"column":13}},"type":"if","locations":[{"start":{"line":144,"column":12},"end":{"line":146,"column":13}},{"start":{"line":144,"column":12},"end":{"line":146,"column":13}}],"line":144},"22":{"loc":{"start":{"line":144,"column":16},"end":{"line":144,"column":45}},"type":"binary-expr","locations":[{"start":{"line":144,"column":16},"end":{"line":144,"column":25}},{"start":{"line":144,"column":29},"end":{"line":144,"column":45}}],"line":144},"23":{"loc":{"start":{"line":149,"column":12},"end":{"line":151,"column":13}},"type":"if","locations":[{"start":{"line":149,"column":12},"end":{"line":151,"column":13}},{"start":{"line":149,"column":12},"end":{"line":151,"column":13}}],"line":149}},"s":{"0":1,"1":1,"2":1,"3":1,"4":1,"5":1,"6":1,"7":1,"8":0,"9":0,"10":0,"11":0,"12":0,"13":0,"14":0,"15":0,"16":0,"17":0,"18":0,"19":0,"20":0,"21":0,"22":0,"23":0,"24":0,"25":0,"26":0,"27":0,"28":0,"29":0,"30":0,"31":0,"32":0,"33":0,"34":0,"35":0,"36":0,"37":0,"38":0,"39":0,"40":0,"41":0,"42":0,"43":0,"44":0,"45":0,"46":0,"47":0,"48":0,"49":0,"50":0,"51":0,"52":0,"53":0,"54":0,"55":0,"56":0,"57":1,"58":0,"59":0,"60":0,"61":0,"62":0,"63":0,"64":0,"65":0,"66":0,"67":0,"68":0,"69":0,"70":0,"71":0,"72":0,"73":0,"74":0,"75":0,"76":0,"77":0,"78":1,"79":0,"80":0,"81":0,"82":0,"83":0,"84":0,"85":0,"86":0,"87":0,"88":0,"89":0,"90":0,"91":0,"92":0,"93":0,"94":0,"95":0,"96":0,"97":0,"98":0,"99":1},"f":{"0":1,"1":0,"2":0,"3":0,"4":0,"5":0,"6":0,"7":0,"8":0,"9":0,"10":0,"11":0,"12":0,"13":0,"14":0,"15":0,"16":0,"17":0,"18":0},"b":{"0":[1,1,1],"1":[0,1],"2":[1,1],"3":[0,0],"4":[0,0],"5":[0,0],"6":[0,0],"7":[0,0],"8":[0,0],"9":[0,0],"10":[0,0],"11":[0,0],"12":[0,0],"13":[0,0],"14":[0,0],"15":[0,0],"16":[0,0],"17":[0,0],"18":[0,0],"19":[0,0],"20":[0,0],"21":[0,0],"22":[0,0],"23":[0,0]},"inputSourceMap":{"version":3,"file":"/Users/yasuiyuri/project_team058/src/controller/RoomHelper.ts","sources":["/Users/yasuiyuri/project_team058/src/controller/RoomHelper.ts"],"names":[],"mappings":";;;;;;AAAA,iCAA8B;AAC9B,kDAA0B;AAC1B,qDAAgD;AAChD,MAAM,MAAM,GAAG,OAAO,CAAC,QAAQ,CAAC,CAAC;AAEjC,KAAK,UAAU,aAAa,CAAC,OAAe,EAAE,IAAY;IACzD,IAAI;QACH,MAAM,GAAG,GAAG,IAAI,eAAK,EAAE,CAAC;QACxB,MAAM,UAAU,GAAG,MAAM,GAAG,CAAC,SAAS,CAAC,OAAO,EAAE,EAAE,MAAM,EAAE,IAAI,EAAE,CAAC,CAAC;QAClE,IAAI,UAAU,CAAC,KAAK,CAAC,IAAI,CAAC,EAAE;YAC3B,MAAM,cAAc,GAAsB,EAAE,CAAC;YAC7C,MAAM,WAAW,GAAuB,EAAE,CAAC;YAC3C,MAAM,WAAW,GAAa,EAAE,CAAC;YACjC,MAAM,CAAC,IAAI,CAAC,UAAU,CAAC,KAAK,CAAC,CAAC,OAAO,CAAC,CAAC,IAAI,EAAE,EAAE;gBAC9C,IAAI,UAAU,CAAC,KAAK,CAAC,IAAI,CAAC,IAAI,CAAC,UAAU,CAAC,KAAK,CAAC,IAAI,CAAC,CAAC,GAAG,EAAE;oBAC1D,MAAM,QAAQ,GAAG,IAAI,CAAC,SAAS,CAAC,IAAI,CAAC,WAAW,CAAC,GAAG,CAAC,GAAG,CAAC,CAAC,CAAC,KAAK,CAAC,GAAG,CAAC,CAAC,CAAC,CAAC,CAAC;oBACzE,MAAM,WAAW,GAAG,UAAU,CAAC,KAAK,CAAC,IAAI,CAAC,CAAC,KAAK,CAAC,QAAQ,CAAC,CAAC;oBAC3D,WAAW,CAAC,IAAI,CAAC,QAAQ,CAAC,CAAC;oBAC3B,cAAc,CAAC,IAAI,CAAC,WAAW,CAAC,CAAC;iBACjC;YACF,CAAC,CAAC,CAAC;YACH,MAAM,kBAAkB,GAAG,MAAM,OAAO,CAAC,GAAG,CAAC,cAAc,CAAC,CAAC;YAC7D,kBAAkB,CAAC,OAAO,CAAC,CAAC,WAAW,EAAE,CAAC,EAAE,EAAE;gBAC7C,WAAW,CAAC,IAAI,CAAC,CAAC,WAAW,CAAC,CAAC,CAAC,EAAE,WAAW,CAAC,CAAC,CAAC;YACjD,CAAC,CAAC,CAAC;YACH,OAAO,WAAW,CAAC;SACnB;aAAM;YACN,OAAO,OAAO,CAAC,MAAM,CAAC,oBAAoB,CAAC,CAAC;SAC5C;KACD;IAAC,MAAM;QACP,MAAM,IAAI,6BAAY,CAAC,kBAAkB,CAAC,CAAC;KAC3C;AACF,CAAC;AAED,SAAS,eAAe,CAAC,IAAS,EAAE,IAAY;IAC/C,IAAI,IAAI,CAAC,OAAO,KAAK,OAAO,EAAE;QAC7B,IAAI,aAAa,CAAC,IAAI,CAAC,EAAE;YACxB,OAAO,IAAI,CAAC;SACZ;KACD;IAED,IAAI,IAAI,CAAC,UAAU,IAAI,IAAI,CAAC,UAAU,CAAC,MAAM,GAAG,CAAC,EAAE;QAClD,KAAK,MAAM,SAAS,IAAI,IAAI,CAAC,UAAU,EAAE;YACxC,MAAM,UAAU,GAAG,eAAe,CAAC,SAAS,EAAE,IAAI,CAAC,CAAC;YACpD,IAAI,UAAU,KAAK,IAAI,EAAE;gBACxB,OAAO,UAAU,CAAC;aAClB;SACD;KACD;IACD,OAAO,IAAI,CAAC;AACb,CAAC;AAED,SAAS,oBAAoB,CAAC,KAAU;IACvC,OAAO,KAAK,CAAC,UAAU,CAAC,OAAO,CAAC,CAAC,SAAc,EAAE,EAAE,CAClD,SAAS,CAAC,QAAQ,KAAK,OAAO;QAC7B,CAAC,CAAC,SAAS,CAAC,UAAU;aACnB,MAAM,CAAC,CAAC,OAAY,EAAE,EAAE,CAAC,OAAO,CAAC,QAAQ,KAAK,IAAI,CAAC;aACnD,GAAG,CAAC,CAAC,OAAY,EAAE,EAAE,CAAC,CAAC;YACvB,SAAS,EAAE,UAAU,CAAC,iCAAiC,EAAE,OAAO,CAAC;iBAC/D,IAAI,EAAE;iBACN,OAAO,CAAC,MAAM,EAAE,EAAE,CAAC;iBACnB,OAAO,CAAC,MAAM,EAAE,EAAE,CAAC;YACrB,OAAO,EAAE,UAAU,CAAC,oCAAoC,EAAE,OAAO,CAAC,CAAC,IAAI,EAAE;SACzE,CAAC,CAAC;QACL,CAAC,CAAC,EAAE,CACL,CAAC;AACH,CAAC;AAED,SAAS,gBAAgB,CAAC,UAAe,EAAE,QAAgD,EAAE,QAAgB;IAC5G,IAAI;QACH,OAAO,UAAU,CAAC,UAAU,CAAC,OAAO,CAAC,CAAC,IAAS,EAAE,EAAE,CAClD,IAAI,CAAC,QAAQ,KAAK,OAAO;YACxB,CAAC,CAAC,IAAI,CAAC,UAAU;iBACd,MAAM,CAAC,CAAC,KAAU,EAAE,EAAE,CAAC,KAAK,CAAC,QAAQ,KAAK,IAAI,CAAC;iBAC/C,GAAG,CAAC,CAAC,KAAU,EAAE,EAAE;gBACnB,MAAM,IAAI,GAAG,IAAI,WAAI,EAAE,CAAC;gBACxB,IAAI,CAAC,QAAQ,GAAG,QAAQ,CAAC;gBACzB,IAAI,CAAC,SAAS,GAAG,QAAQ,CAAC,SAAS,CAAC;gBACpC,IAAI,CAAC,OAAO,GAAG,QAAQ,CAAC,OAAiB,CAAC;gBAI1C,WAAW,CAAC,KAAK,EAAE,IAAI,CAAC,CAAC;gBACzB,OAAO,IAAI,CAAC;YACb,CAAC,CAAC;YACJ,CAAC,CAAC,EAAE,CACL,CAAC;KACF;IAAC,OAAO,CAAC,EAAE;QACX,MAAM,IAAI,KAAK,CAAC,oBAAoB,CAAC,EAAE,CAAC,CAAC;KACzC;AACF,CAAC;AAED,SAAgB,WAAW,CAAC,OAAY,EAAE,IAAU;IACnD,IAAI,CAAC,MAAM,GAAG,UAAU,CAAC,2CAA2C,EAAE,OAAO,CAAC,CAAC;IAC/E,IAAI,CAAC,IAAI,GAAG,UAAU,CAAC,MAAM,EAAE,OAAO,CAAC,CAAC;IACxC,IAAI,CAAC,IAAI,GAAG,IAAI,CAAC,SAAS,GAAG,GAAG,GAAG,IAAI,CAAC,MAAM,CAAC;IAC/C,IAAI,CAAC,IAAI,GAAG,UAAU,CAAC,yCAAyC,EAAE,OAAO,CAAC,CAAC,IAAI,EAAE,CAAC;IAClF,IAAI,CAAC,SAAS,GAAG,UAAU,CAAC,8CAA8C,EAAE,OAAO,CAAC,CAAC,IAAI,EAAE,CAAC;IAC5F,IAAI,CAAC,KAAK,GAAG,QAAQ,CAAC,UAAU,CAAC,6CAA6C,EAAE,OAAO,CAAC,CAAC,IAAI,EAAE,EAAE,EAAE,CAAC,CAAC;AACtG,CAAC;AAPD,kCAOC;AAED,SAAS,aAAa,CAAC,IAAS;IAC/B,IAAI,CAAC,IAAI,CAAC,UAAU,EAAE;QACrB,OAAO,KAAK,CAAC;KACb;SAAM;QACN,OAAO,IAAI,CAAC;KACZ;AACF,CAAC;AAED,SAAgB,UAAU,CAAC,yBAAiC,EAAE,IAAS;IACtE,MAAM,KAAK,GAAU,CAAC,IAAI,CAAC,CAAC;IAC5B,OAAO,KAAK,CAAC,MAAM,GAAG,CAAC,EAAE;QACxB,MAAM,WAAW,GAAQ,KAAK,CAAC,GAAG,EAAE,CAAC;QACrC,IAAI,WAAW,CAAC,KAAK,IAAI,WAAW,CAAC,KAAK,CAAC,MAAM,GAAG,CAAC,EAAE;YACtD,MAAM,KAAK,GAAG,WAAW,CAAC,KAAK,CAAC,CAAC,CAAC,CAAC,KAAK,CAAC;YAEzC,IAAI,yBAAyB,KAAK,MAAM,EAAE;gBACzC,OAAO,WAAW,CAAC,UAAU,CAAC,CAAC,CAAC,CAAC,UAAU,CAAC,CAAC,CAAC,CAAC,KAAK,CAAC,CAAC,CAAC,CAAC,KAAK,CAAC;aAC9D;YAED,IAAI,KAAK,KAAK,yBAAyB,EAAE;gBAExC,IAAI,yBAAyB,KAAK,2CAA2C,EAAE;oBAC9E,OAAO,WAAW,CAAC,UAAU,CAAC,CAAC,CAAC,CAAC,UAAU,CAAC,CAAC,CAAC,CAAC,KAAK,CAAC;iBACrD;gBACD,IAAI,yBAAyB,KAAK,eAAe,EAAE;oBAClD,OAAO,WAAW,CAAC,UAAU,CAAC,CAAC,CAAC,CAAC,UAAU,CAAC,CAAC,CAAC,CAAC,UAAU,CAAC,CAAC,CAAC,CAAC,KAAK,CAAC;iBACnE;gBACD,OAAO,WAAW,CAAC,UAAU,CAAC,CAAC,CAAC,CAAC,KAAK,CAAC;aACvC;SACD;QAED,IAAI,WAAW,CAAC,UAAU,EAAE;YAE3B,KAAK,MAAM,KAAK,IAAI,WAAW,CAAC,UAAU,EAAE;gBAC3C,KAAK,CAAC,IAAI,CAAC,KAAK,CAAC,CAAC;aAClB;SACD;KACD;IACD,MAAM,IAAI,6BAAY,CAAC,oCAAoC,GAAG,yBAAyB,CAAC,CAAC;AAC1F,CAAC;AA/BD,gCA+BC;AAEM,KAAK,UAAU,UAAU,CAAC,OAAY;IAC5C,IAAI;QACH,MAAM,GAAG,GAAG,MAAM,eAAK,CAAC,SAAS,CAAC,OAAO,EAAE,EAAE,MAAM,EAAE,IAAI,EAAE,CAAC,CAAC;QAC7D,MAAM,WAAW,GAAG,MAAM,GAAG,CAAC,KAAK,CAAC,WAAW,CAAC,CAAC,KAAK,CAAC,QAAQ,CAAC,CAAC;QACjE,MAAM,QAAQ,GAAG,MAAM,CAAC,KAAK,CAAC,WAAW,CAAC,CAAC;QAE3C,MAAM,KAAK,GAAG,eAAe,CAAC,QAAQ,EAAE,UAAU,CAAC,CAAC;QACpD,MAAM,eAAe,GAAG,oBAAoB,CAAC,KAAK,CAAC,CAAC;QAEpD,MAAM,KAAK,GAAG,MAAM,aAAa,CAAC,OAAO,EAAE,2CAA2C,CAAC,CAAC;QACxF,MAAM,SAAS,GAAG,KAAK,CAAC,OAAO,CAAC,CAAC,YAAY,EAAE,EAAE;YAChD,MAAM,QAAQ,GAAG,eAAe,CAAC,IAAI,CAAC,CAAC,CAAwB,EAAE,EAAE,CAAC,CAAC,CAAC,SAAS,KAAK,YAAY,CAAC,CAAC,CAAC,CAAC,CAAC;YACrG,IAAI,CAAC,QAAQ,IAAI,CAAC,YAAY,CAAC,CAAC,CAAC,EAAE;gBAClC,OAAO,EAAE,CAAC;aACV;YAED,MAAM,IAAI,GAAG,MAAM,CAAC,KAAK,CAAC,QAAQ,CAAC,CAAC,CAAW,CAAC,CAAC;YACjD,MAAM,UAAU,GAAG,eAAe,CAAC,IAAI,EAAE,MAAM,CAAC,CAAC;YACjD,IAAI,CAAC,UAAU,EAAE;gBAChB,OAAO,EAAE,CAAC;aACV;YACD,MAAM,QAAQ,GAAG,UAAU,CAAC,eAAe,EAAE,IAAI,CAAC,CAAC,IAAI,EAAE,CAAC;YAC1D,OAAO,gBAAgB,CAAC,UAAU,EAAE,QAAQ,EAAE,QAAQ,CAAC,CAAC;QACzD,CAAC,CAAC,CAAC;QACH,OAAO,SAAS,CAAC;KACjB;IAAC,OAAO,CAAC,EAAE;QACX,OAAO,OAAO,CAAC,MAAM,CAAC,IAAI,6BAAY,CAAC,GAAG,CAAC,EAAE,CAAC,CAAC,CAAC;KAChD;AACF,CAAC;AA5BD,gCA4BC","sourcesContent":["import { Room } from \"./Room\";\nimport JSZip from \"jszip\";\nimport { InsightError } from \"./IInsightFacade\";\nconst parse5 = require(\"parse5\");\n\nasync function unpackRoomZip(content: string, path: string): Promise<[string, any][]> {\n\ttry {\n\t\tconst zip = new JSZip();\n\t\tconst zipContent = await zip.loadAsync(content, { base64: true });\n\t\tif (zipContent.files[path]) {\n\t\t\tconst listOfPromises: Promise<string>[] = [];\n\t\t\tconst listOfRooms: [string, string][] = [];\n\t\t\tconst listofNames: string[] = [];\n\t\t\tObject.keys(zipContent.files).forEach((file) => {\n\t\t\t\tif (zipContent.files[file] && !zipContent.files[file].dir) {\n\t\t\t\t\tconst fileName = file.substring(file.lastIndexOf(\"/\") + 1).split(\".\")[0];\n\t\t\t\t\tconst filePromise = zipContent.files[file].async(\"string\");\n\t\t\t\t\tlistofNames.push(fileName);\n\t\t\t\t\tlistOfPromises.push(filePromise);\n\t\t\t\t}\n\t\t\t});\n\t\t\tconst listOfPromisesDone = await Promise.all(listOfPromises);\n\t\t\tlistOfPromisesDone.forEach((listContent, i) => {\n\t\t\t\tlistOfRooms.push([listofNames[i], listContent]);\n\t\t\t});\n\t\t\treturn listOfRooms;\n\t\t} else {\n\t\t\treturn Promise.reject(\"Path doesn't exist\");\n\t\t}\n\t} catch {\n\t\tthrow new InsightError(\"Invalid zip file\");\n\t}\n}\n\nfunction searchForTables(node: any, type: string): any {\n\tif (node.tagName === \"table\") {\n\t\tif (isTargetTable(node)) {\n\t\t\treturn node;\n\t\t}\n\t}\n\n\tif (node.childNodes && node.childNodes.length > 0) {\n\t\tfor (const childNode of node.childNodes) {\n\t\t\tconst resultNode = searchForTables(childNode, type);\n\t\t\tif (resultNode !== null) {\n\t\t\t\treturn resultNode;\n\t\t\t}\n\t\t}\n\t}\n\treturn null;\n}\n\nfunction processBuildingTable(table: any): any[] {\n\treturn table.childNodes.flatMap((childNode: any) =>\n\t\tchildNode.nodeName === \"tbody\"\n\t\t\t? childNode.childNodes\n\t\t\t\t\t.filter((element: any) => element.nodeName === \"tr\")\n\t\t\t\t\t.map((element: any) => ({\n\t\t\t\t\t\tshortname: nodeSearch(\"views-field-field-building-code\", element)\n\t\t\t\t\t\t\t.trim()\n\t\t\t\t\t\t\t.replace(/\\s+/g, \"\")\n\t\t\t\t\t\t\t.replace(/\\W+/g, \"\"),\n\t\t\t\t\t\taddress: nodeSearch(\"views-field-field-building-address\", element).trim(),\n\t\t\t\t\t}))\n\t\t\t: []\n\t);\n}\n\nfunction processRoomTable(validTable: any, building: { shortname: string; address: string }, fullname: string): Room[] {\n\ttry {\n\t\treturn validTable.childNodes.flatMap((node: any) =>\n\t\t\tnode.nodeName === \"tbody\"\n\t\t\t\t? node.childNodes\n\t\t\t\t\t\t.filter((child: any) => child.nodeName === \"tr\")\n\t\t\t\t\t\t.map((child: any) => {\n\t\t\t\t\t\t\tconst room = new Room(); // Assuming Room constructor can handle partial initialization\n\t\t\t\t\t\t\troom.fullname = fullname;\n\t\t\t\t\t\t\troom.shortname = building.shortname;\n\t\t\t\t\t\t\troom.address = building.address as string;\n\t\t\t\t\t\t\t// const geo = geolocations.get(building.shortname) as GeoResponse;\n\t\t\t\t\t\t\t// room.lat = geo.lat as number;\n\t\t\t\t\t\t\t// room.lon = geo.lon as number;\n\t\t\t\t\t\t\tgetRoomInfo(child, room);\n\t\t\t\t\t\t\treturn room;\n\t\t\t\t\t\t})\n\t\t\t\t: []\n\t\t);\n\t} catch (e) {\n\t\tthrow new Error(`ProcessRoomNodes ${e}`);\n\t}\n}\n\nexport function getRoomInfo(element: any, room: Room): any {\n\troom.number = nodeSearch(\"views-field views-field-field-room-number\", element);\n\troom.href = nodeSearch(\"href\", element);\n\troom.name = room.shortname + \"_\" + room.number;\n\troom.type = nodeSearch(\"views-field views-field-field-room-type\", element).trim();\n\troom.furniture = nodeSearch(\"views-field views-field-field-room-furniture\", element).trim();\n\troom.seats = parseInt(nodeSearch(\"views-field views-field-field-room-capacity\", element).trim(), 10);\n}\n\nfunction isTargetTable(node: any): boolean {\n\tif (!node.childNodes) {\n\t\treturn false;\n\t} else {\n\t\treturn true;\n\t}\n}\n\nexport function nodeSearch(viewsFieldViewsFieldTitle: string, node: any): any {\n\tconst queue: any[] = [node];\n\twhile (queue.length > 0) {\n\t\tconst currentNode: any = queue.pop(); // Remove and get the first element of the queue\n\t\tif (currentNode.attrs && currentNode.attrs.length > 0) {\n\t\t\tconst value = currentNode.attrs[0].value;\n\n\t\t\tif (viewsFieldViewsFieldTitle === \"href\") {\n\t\t\t\treturn currentNode.childNodes[1].childNodes[1].attrs[0].value;\n\t\t\t}\n\n\t\t\tif (value === viewsFieldViewsFieldTitle) {\n\t\t\t\t// room number special case hard code for now\n\t\t\t\tif (viewsFieldViewsFieldTitle === \"views-field views-field-field-room-number\") {\n\t\t\t\t\treturn currentNode.childNodes[1].childNodes[0].value;\n\t\t\t\t}\n\t\t\t\tif (viewsFieldViewsFieldTitle === \"building-info\") {\n\t\t\t\t\treturn currentNode.childNodes[1].childNodes[0].childNodes[0].value;\n\t\t\t\t}\n\t\t\t\treturn currentNode.childNodes[0].value;\n\t\t\t}\n\t\t}\n\n\t\tif (currentNode.childNodes) {\n\t\t\t// Add all children to the queue\n\t\t\tfor (const child of currentNode.childNodes) {\n\t\t\t\tqueue.push(child);\n\t\t\t}\n\t\t}\n\t}\n\tthrow new InsightError(\"NodeSearch: Node name doesnt exist\" + viewsFieldViewsFieldTitle);\n}\n\nexport async function parseRooms(content: any): Promise<Room[]> {\n\ttry {\n\t\tconst zip = await JSZip.loadAsync(content, { base64: true });\n\t\tconst filePromise = await zip.files[\"index.htm\"].async(\"string\");\n\t\tconst document = parse5.parse(filePromise);\n\n\t\tconst table = searchForTables(document, \"building\");\n\t\tconst listOfBuildings = processBuildingTable(table);\n\n\t\tconst rooms = await unpackRoomZip(content, \"campus/discover/buildings-and-classrooms/\");\n\t\tconst roomsData = rooms.flatMap((roomDocument) => {\n\t\t\tconst building = listOfBuildings.find((b: { shortname: string }) => b.shortname === roomDocument[0]);\n\t\t\tif (!building || !roomDocument[1]) {\n\t\t\t\treturn [];\n\t\t\t}\n\n\t\t\tconst html = parse5.parse(document[1] as string);\n\t\t\tconst validTable = searchForTables(html, \"room\");\n\t\t\tif (!validTable) {\n\t\t\t\treturn [];\n\t\t\t}\n\t\t\tconst fullname = nodeSearch(\"building-info\", html).trim();\n\t\t\treturn processRoomTable(validTable, building, fullname);\n\t\t});\n\t\treturn roomsData;\n\t} catch (e) {\n\t\treturn Promise.reject(new InsightError(`${e}`));\n\t}\n}\n"]},"_coverageSchema":"1a1c01bbd47fc00a2c39e90264f33305004495a9","hash":"8853de7876294c4043fbffa89415a9786171eabe","contentHash":"bc2da873918786c4677c62fbcc77601dadbd661d139df569c7172977cc98cd28"},"/Users/yasuiyuri/project_team058/src/controller/Room.ts":{"path":"/Users/yasuiyuri/project_team058/src/controller/Room.ts","statementMap":{"0":{"start":{"line":2,"column":0},"end":{"line":2,"column":62}},"1":{"start":{"line":3,"column":0},"end":{"line":3,"column":22}},"2":{"start":{"line":17,"column":8},"end":{"line":17,"column":27}},"3":{"start":{"line":18,"column":8},"end":{"line":18,"column":28}},"4":{"start":{"line":19,"column":8},"end":{"line":19,"column":25}},"5":{"start":{"line":20,"column":8},"end":{"line":20,"column":23}},"6":{"start":{"line":21,"column":8},"end":{"line":21,"column":26}},"7":{"start":{"line":22,"column":8},"end":{"line":22,"column":21}},"8":{"start":{"line":23,"column":8},"end":{"line":23,"column":21}},"9":{"start":{"line":24,"column":8},"end":{"line":24,"column":23}},"10":{"start":{"line":25,"column":8},"end":{"line":25,"column":23}},"11":{"start":{"line":26,"column":8},"end":{"line":26,"column":28}},"12":{"start":{"line":27,"column":8},"end":{"line":27,"column":23}},"13":{"start":{"line":30,"column":0},"end":{"line":30,"column":20}}},"fnMap":{"0":{"name":"(anonymous_0)","decl":{"start":{"line":16,"column":4},"end":{"line":16,"column":5}},"loc":{"start":{"line":16,"column":18},"end":{"line":28,"column":5}},"line":16}},"branchMap":{},"s":{"0":1,"1":1,"2":0,"3":0,"4":0,"5":0,"6":0,"7":0,"8":0,"9":0,"10":0,"11":0,"12":0,"13":1},"f":{"0":0},"b":{},"inputSourceMap":{"version":3,"file":"/Users/yasuiyuri/project_team058/src/controller/Room.ts","sources":["/Users/yasuiyuri/project_team058/src/controller/Room.ts"],"names":[],"mappings":";;;AAAA,MAAa,IAAI;IACT,QAAQ,CAAS;IACjB,SAAS,CAAS;IAClB,MAAM,CAAS;IACf,IAAI,CAAS;IACb,OAAO,CAAS;IAChB,GAAG,CAAS;IACZ,GAAG,CAAS;IACZ,KAAK,CAAS;IACd,IAAI,CAAS;IACb,SAAS,CAAS;IAClB,IAAI,CAAS;IAEpB;QACC,IAAI,CAAC,QAAQ,GAAG,EAAE,CAAC;QACnB,IAAI,CAAC,SAAS,GAAG,EAAE,CAAC;QACpB,IAAI,CAAC,MAAM,GAAG,EAAE,CAAC;QACjB,IAAI,CAAC,IAAI,GAAG,EAAE,CAAC;QACf,IAAI,CAAC,OAAO,GAAG,EAAE,CAAC;QAClB,IAAI,CAAC,GAAG,GAAG,CAAC,CAAC;QACb,IAAI,CAAC,GAAG,GAAG,CAAC,CAAC;QACb,IAAI,CAAC,KAAK,GAAG,CAAC,CAAC;QACf,IAAI,CAAC,IAAI,GAAG,EAAE,CAAC;QACf,IAAI,CAAC,SAAS,GAAG,EAAE,CAAC;QACpB,IAAI,CAAC,IAAI,GAAG,EAAE,CAAC;IAChB,CAAC;CACD;AA1BD,oBA0BC","sourcesContent":["export class Room {\n\tpublic fullname: string;\n\tpublic shortname: string;\n\tpublic number: string;\n\tpublic name: string;\n\tpublic address: string;\n\tpublic lat: number;\n\tpublic lon: number;\n\tpublic seats: number;\n\tpublic type: string;\n\tpublic furniture: string;\n\tpublic href: string;\n\n\tconstructor() {\n\t\tthis.fullname = \"\";\n\t\tthis.shortname = \"\";\n\t\tthis.number = \"\";\n\t\tthis.name = \"\";\n\t\tthis.address = \"\";\n\t\tthis.lat = 0;\n\t\tthis.lon = 0;\n\t\tthis.seats = 0;\n\t\tthis.type = \"\";\n\t\tthis.furniture = \"\";\n\t\tthis.href = \"\";\n\t}\n}\n"]},"_coverageSchema":"1a1c01bbd47fc00a2c39e90264f33305004495a9","hash":"e9346054434b3c5b3a77a5bcc523bec49e1fb993","contentHash":"c3f4809346612fedd6bb23ba35dbf82e7f58d680337d4a6048696307b32dc6fb"}}